Synthesizing design: block_storage.sv
dc_shell-t -x "source -echo do_mapping.tcl"
                                        
                           Design Compiler Graphical 
                                 DC Ultra (TM)
                                  DFTMAX (TM)
                              Power Compiler (TM)
                                 DesignWare (R)
                                 DC Expert (TM)
                               Design Vision (TM)
                               HDL Compiler (TM)
                               VHDL Compiler (TM)
                                  DFT Compiler
                               Design Compiler(R)
                                        
               Version K-2015.06-SP1 for linux64 - Jul 21, 2015 
                                        
                    Copyright (c) 1988 - 2015 Synopsys, Inc.
   This software and the associated documentation are proprietary to Synopsys,
 Inc. This software may only be used in accordance with the terms and conditions
 of a written license agreement with Synopsys, Inc. All other use, reproduction,
            or distribution of this software is strictly prohibited.
Initializing...
Initializing gui preferences from file  /home/ecegrid/a/mg138/.synopsys_dv_prefs.tcl
# Step 1:  Read in the source file
analyze -format sverilog -lib WORK { block_storage.sv}
Running PRESTO HDLC
Compiling source file ./source/block_storage.sv
Warning:  ./source/block_storage.sv:39: The construct 'immediate assertion' is not supported in synthesis; it is ignored. (VER-708)
Presto compilation completed successfully.
Loading db file '/package/eda/cells/OSU/v2.7/synopsys/lib/ami05/osu05_stdcells.db'
Loading db file '/package/eda/synopsys/syn-K-2015.06-SP1/libraries/syn/dw_foundation.sldb'
elaborate block_storage -lib WORK
Loading db file '/package/eda/synopsys/syn-K-2015.06-SP1/libraries/syn/gtech.db'
Loading db file '/package/eda/synopsys/syn-K-2015.06-SP1/libraries/syn/standard.sldb'
  Loading link library 'osu05_stdcells'
  Loading link library 'gtech'
Running PRESTO HDLC
Warning:  ./source/block_storage.sv:38: signed to unsigned conversion occurs. (VER-318)

Inferred memory devices in process
	in routine block_storage line 23 in file
		'./source/block_storage.sv'.
===============================================================================
|    Register Name    |   Type    | Width | Bus | MB | AR | AS | SR | SS | ST |
===============================================================================
|     storage_reg     | Flip-flop |  640  |  Y  | N  | N  | N  | N  | N  | N  |
===============================================================================

Inferred memory devices in process
	in routine block_storage line 34 in file
		'./source/block_storage.sv'.
===========================================================================
|    Register Name    | Type  | Width | Bus | MB | AR | AS | SR | SS | ST |
===========================================================================
|    write_en_reg     | Latch |  80   |  Y  | N  | N  | N  | -  | -  | -  |
===========================================================================
Warning:  ./source/block_storage.sv:34: Netlist for always_comb block contains a latch. (ELAB-974)
Presto compilation completed successfully.
Elaborated 1 design.
Current design is now 'block_storage'.
uniquify
# Step 2: Set design constraints
# Uncomment below to set timing, area, power, etc. constraints
# set_max_delay <delay> -from "<input>" -to "<output>"
# set_max_area <area>
# set_max_total_power <power> mW
# Step 3: Compile the design
compile -map_effort medium
Information: Evaluating DesignWare library utilization. (UISN-27)

============================================================================
| DesignWare Building Block Library  |         Version         | Available |
============================================================================
| Basic DW Building Blocks           | K-2015.06-DWBB_201506.1 |     *     |
| Licensed DW Building Blocks        | K-2015.06-DWBB_201506.1 |           |
============================================================================


Information: There are 32 potential problems in your design. Please run 'check_design' for more information. (LINT-99)



  Beginning Pass 1 Mapping
  ------------------------
  Processing 'block_storage'

  Updating timing information
Information: Updating design information... (UID-85)
Information: Design 'block_storage' has no optimization constraints set. (OPT-108)

  Beginning Mapping Optimizations  (Medium effort)
  -------------------------------
  Structuring 'block_storage'
  Mapping 'block_storage'

                                  TOTAL                                      
   ELAPSED            WORST NEG   SETUP    DESIGN                            
    TIME      AREA      SLACK     COST    RULE COST         ENDPOINT         
  --------- --------- --------- --------- --------- -------------------------
    0:00:01  946692.0      0.00       0.0       0.1                          
    0:00:01  946692.0      0.00       0.0       0.1                          
    0:00:01  946692.0      0.00       0.0       0.1                          
    0:00:01  946692.0      0.00       0.0       0.1                          
    0:00:01  946692.0      0.00       0.0       0.1                          
    0:00:01  946692.0      0.00       0.0       0.1                          
    0:00:01  946692.0      0.00       0.0       0.1                          
    0:00:01  946692.0      0.00       0.0       0.1                          
    0:00:01  946692.0      0.00       0.0       0.1                          
    0:00:01  946908.0      0.00       0.0       0.1                          
    0:00:01  947124.0      0.00       0.0       0.1                          
    0:00:01  947340.0      0.00       0.0       0.0                          
    0:00:01  947772.0      0.00       0.0       0.0                          
    0:00:01  947772.0      0.00       0.0       0.0                          
    0:00:01  947772.0      0.00       0.0       0.0                          
    0:00:01  947772.0      0.00       0.0       0.0                          



  Beginning Delay Optimization Phase
  ----------------------------------

                                  TOTAL                                      
   ELAPSED            WORST NEG   SETUP    DESIGN                            
    TIME      AREA      SLACK     COST    RULE COST         ENDPOINT         
  --------- --------- --------- --------- --------- -------------------------
    0:00:01  947772.0      0.00       0.0       0.0                          
    0:00:01  947772.0      0.00       0.0       0.0                          
    0:00:01  947772.0      0.00       0.0       0.0                          


  Beginning Area-Recovery Phase  (cleanup)
  -----------------------------

                                  TOTAL                                      
   ELAPSED            WORST NEG   SETUP    DESIGN                            
    TIME      AREA      SLACK     COST    RULE COST         ENDPOINT         
  --------- --------- --------- --------- --------- -------------------------
    0:00:01  947772.0      0.00       0.0       0.0                          
    0:00:01  947772.0      0.00       0.0       0.0                          
    0:00:01  947772.0      0.00       0.0       0.0                          
    0:00:01  947772.0      0.00       0.0       0.0                          
    0:00:01  947772.0      0.00       0.0       0.0                          
    0:00:01  947772.0      0.00       0.0       0.0                          
    0:00:01  947772.0      0.00       0.0       0.0                          
    0:00:01  947772.0      0.00       0.0       0.0                          
    0:00:01  947772.0      0.00       0.0       0.0                          
    0:00:01  947772.0      0.00       0.0       0.0                          
    0:00:01  947772.0      0.00       0.0       0.0                          
Loading db file '/package/eda/cells/OSU/v2.7/synopsys/lib/ami05/osu05_stdcells.db'


Note: Symbol # after min delay cost means estimated hold TNS across all active scenarios 


  Optimization Complete
  ---------------------
# Step 4: Output reports
report_timing -path full -delay max -max_paths 1 -nworst 1 > reports/block_storage.rep
Error: could not open output redirect file "reports/block_storage.rep" (CMD-015)
report_area >> reports/block_storage.rep
Error: could not open output redirect file "reports/block_storage.rep" (CMD-015)
report_power -hier >> reports/block_storage.rep
Error: could not open output redirect file "reports/block_storage.rep" (CMD-015)
# Step 5: Output final VHDL and Verilog files
write_file -format verilog -hierarchy -output "mapped/block_storage.v"
Writing verilog file '/home/ecegrid/a/mg138/ece337/BitcoinMiner/mapped/block_storage.v'.
Warning: Verilog 'assign' or 'tran' statements are written out. (VO-4)
echo "\nScript Done\n"

Script Done

echo "\nChecking Design\n"

Checking Design

check_design
 
****************************************
check_design summary:
Version:     K-2015.06-SP1
Date:        Tue Nov 28 14:53:35 2017
****************************************

                   Name                                            Total
--------------------------------------------------------------------------------
Inputs/Outputs                                                     32
    Shorted outputs (LINT-31)                                      32
--------------------------------------------------------------------------------

Warning: In design 'block_storage', output port 'chunk_2[10][7]' is connected directly to output port 'difficulty[3][7]'. (LINT-31)
Warning: In design 'block_storage', output port 'chunk_2[10][6]' is connected directly to output port 'difficulty[3][6]'. (LINT-31)
Warning: In design 'block_storage', output port 'chunk_2[10][5]' is connected directly to output port 'difficulty[3][5]'. (LINT-31)
Warning: In design 'block_storage', output port 'chunk_2[10][4]' is connected directly to output port 'difficulty[3][4]'. (LINT-31)
Warning: In design 'block_storage', output port 'chunk_2[10][3]' is connected directly to output port 'difficulty[3][3]'. (LINT-31)
Warning: In design 'block_storage', output port 'chunk_2[10][2]' is connected directly to output port 'difficulty[3][2]'. (LINT-31)
Warning: In design 'block_storage', output port 'chunk_2[10][1]' is connected directly to output port 'difficulty[3][1]'. (LINT-31)
Warning: In design 'block_storage', output port 'chunk_2[10][0]' is connected directly to output port 'difficulty[3][0]'. (LINT-31)
Warning: In design 'block_storage', output port 'chunk_2[9][7]' is connected directly to output port 'difficulty[2][7]'. (LINT-31)
Warning: In design 'block_storage', output port 'chunk_2[9][6]' is connected directly to output port 'difficulty[2][6]'. (LINT-31)
Warning: In design 'block_storage', output port 'chunk_2[9][5]' is connected directly to output port 'difficulty[2][5]'. (LINT-31)
Warning: In design 'block_storage', output port 'chunk_2[9][4]' is connected directly to output port 'difficulty[2][4]'. (LINT-31)
Warning: In design 'block_storage', output port 'chunk_2[9][3]' is connected directly to output port 'difficulty[2][3]'. (LINT-31)
Warning: In design 'block_storage', output port 'chunk_2[9][2]' is connected directly to output port 'difficulty[2][2]'. (LINT-31)
Warning: In design 'block_storage', output port 'chunk_2[9][1]' is connected directly to output port 'difficulty[2][1]'. (LINT-31)
Warning: In design 'block_storage', output port 'chunk_2[9][0]' is connected directly to output port 'difficulty[2][0]'. (LINT-31)
Warning: In design 'block_storage', output port 'chunk_2[8][7]' is connected directly to output port 'difficulty[1][7]'. (LINT-31)
Warning: In design 'block_storage', output port 'chunk_2[8][6]' is connected directly to output port 'difficulty[1][6]'. (LINT-31)
Warning: In design 'block_storage', output port 'chunk_2[8][5]' is connected directly to output port 'difficulty[1][5]'. (LINT-31)
Warning: In design 'block_storage', output port 'chunk_2[8][4]' is connected directly to output port 'difficulty[1][4]'. (LINT-31)
Warning: In design 'block_storage', output port 'chunk_2[8][3]' is connected directly to output port 'difficulty[1][3]'. (LINT-31)
Warning: In design 'block_storage', output port 'chunk_2[8][2]' is connected directly to output port 'difficulty[1][2]'. (LINT-31)
Warning: In design 'block_storage', output port 'chunk_2[8][1]' is connected directly to output port 'difficulty[1][1]'. (LINT-31)
Warning: In design 'block_storage', output port 'chunk_2[8][0]' is connected directly to output port 'difficulty[1][0]'. (LINT-31)
Warning: In design 'block_storage', output port 'chunk_2[7][7]' is connected directly to output port 'difficulty[0][7]'. (LINT-31)
Warning: In design 'block_storage', output port 'chunk_2[7][6]' is connected directly to output port 'difficulty[0][6]'. (LINT-31)
Warning: In design 'block_storage', output port 'chunk_2[7][5]' is connected directly to output port 'difficulty[0][5]'. (LINT-31)
Warning: In design 'block_storage', output port 'chunk_2[7][4]' is connected directly to output port 'difficulty[0][4]'. (LINT-31)
Warning: In design 'block_storage', output port 'chunk_2[7][3]' is connected directly to output port 'difficulty[0][3]'. (LINT-31)
Warning: In design 'block_storage', output port 'chunk_2[7][2]' is connected directly to output port 'difficulty[0][2]'. (LINT-31)
Warning: In design 'block_storage', output port 'chunk_2[7][1]' is connected directly to output port 'difficulty[0][1]'. (LINT-31)
Warning: In design 'block_storage', output port 'chunk_2[7][0]' is connected directly to output port 'difficulty[0][0]'. (LINT-31)
quit

Thank you...
Done


