Synthesizing design: HM_SHA_256.sv
dc_shell-t -x "source -echo do_mapping.tcl"
                                        
                           Design Compiler Graphical 
                                 DC Ultra (TM)
                                  DFTMAX (TM)
                              Power Compiler (TM)
                                 DesignWare (R)
                                 DC Expert (TM)
                               Design Vision (TM)
                               HDL Compiler (TM)
                               VHDL Compiler (TM)
                                  DFT Compiler
                               Design Compiler(R)
                                        
               Version K-2015.06-SP1 for linux64 - Jul 21, 2015 
                                        
                    Copyright (c) 1988 - 2015 Synopsys, Inc.
   This software and the associated documentation are proprietary to Synopsys,
 Inc. This software may only be used in accordance with the terms and conditions
 of a written license agreement with Synopsys, Inc. All other use, reproduction,
            or distribution of this software is strictly prohibited.
Initializing...
Initializing gui preferences from file  /home/ecegrid/a/mg138/.synopsys_dv_prefs.tcl
# Step 1:  Read in the source file
analyze -format sverilog -lib WORK { HM_SHA_256.sv}
Running PRESTO HDLC
Compiling source file ./source/HM_SHA_256.sv
Presto compilation completed successfully.
Loading db file '/package/eda/cells/OSU/v2.7/synopsys/lib/ami05/osu05_stdcells.db'
Loading db file '/package/eda/synopsys/syn-K-2015.06-SP1/libraries/syn/dw_foundation.sldb'
elaborate HM_SHA_256 -lib WORK
Loading db file '/package/eda/synopsys/syn-K-2015.06-SP1/libraries/syn/gtech.db'
Loading db file '/package/eda/synopsys/syn-K-2015.06-SP1/libraries/syn/standard.sldb'
  Loading link library 'osu05_stdcells'
  Loading link library 'gtech'
Running PRESTO HDLC
Warning:  ./source/HM_SHA_256.sv:125: signed to unsigned conversion occurs. (VER-318)
Warning:  ./source/HM_SHA_256.sv:144: signed to unsigned conversion occurs. (VER-318)

Inferred memory devices in process
	in routine HM_SHA_256 line 85 in file
		'./source/HM_SHA_256.sv'.
===============================================================================
|    Register Name    |   Type    | Width | Bus | MB | AR | AS | SR | SS | ST |
===============================================================================
|        g_reg        | Flip-flop |  32   |  Y  | N  | Y  | N  | N  | N  | N  |
|        h_reg        | Flip-flop |  32   |  Y  | N  | Y  | N  | N  | N  | N  |
|        a_reg        | Flip-flop |  32   |  Y  | N  | Y  | N  | N  | N  | N  |
|        b_reg        | Flip-flop |  32   |  Y  | N  | Y  | N  | N  | N  | N  |
|        c_reg        | Flip-flop |  32   |  Y  | N  | Y  | N  | N  | N  | N  |
|        d_reg        | Flip-flop |  32   |  Y  | N  | Y  | N  | N  | N  | N  |
|        e_reg        | Flip-flop |  32   |  Y  | N  | Y  | N  | N  | N  | N  |
|        f_reg        | Flip-flop |  32   |  Y  | N  | Y  | N  | N  | N  | N  |
===============================================================================

Inferred memory devices in process
	in routine HM_SHA_256 line 105 in file
		'./source/HM_SHA_256.sv'.
===============================================================================
|    Register Name    |   Type    | Width | Bus | MB | AR | AS | SR | SS | ST |
===============================================================================
|        w_reg        | Flip-flop | 1536  |  Y  | N  | Y  | N  | N  | N  | N  |
===============================================================================

Inferred memory devices in process
	in routine HM_SHA_256 line 112 in file
		'./source/HM_SHA_256.sv'.
===============================================================================
|    Register Name    |   Type    | Width | Bus | MB | AR | AS | SR | SS | ST |
===============================================================================
|    out_hash_reg     | Flip-flop |  256  |  Y  | N  | Y  | N  | N  | N  | N  |
===============================================================================
Presto compilation completed successfully.
Elaborated 1 design.
Current design is now 'HM_SHA_256'.
uniquify
# Step 2: Set design constraints
# Uncomment below to set timing, area, power, etc. constraints
# set_max_delay <delay> -from "<input>" -to "<output>"
set_max_area 10000000 um
Error: extra positional option 'um' (CMD-012)
# set_max_total_power <power> mW
create_clock "clk" -name "clk" -period 10 ns
Error: extra positional option 'ns' (CMD-012)
# Step 3: Compile the design
compile -map_effort medium
Information: Checking out the license 'DesignWare'. (SEC-104)
Information: Evaluating DesignWare library utilization. (UISN-27)

============================================================================
| DesignWare Building Block Library  |         Version         | Available |
============================================================================
| Basic DW Building Blocks           | K-2015.06-DWBB_201506.1 |     *     |
| Licensed DW Building Blocks        | K-2015.06-DWBB_201506.1 |     *     |
============================================================================


Information: There are 49 potential problems in your design. Please run 'check_design' for more information. (LINT-99)



  Beginning Pass 1 Mapping
  ------------------------
  Processing 'HM_SHA_256'

  Updating timing information
Information: Updating design information... (UID-85)
Information: Design 'HM_SHA_256' has no optimization constraints set. (OPT-108)

  Beginning Implementation Selection
  ----------------------------------
  Processing 'HM_SHA_256_DW01_add_0'
  Processing 'HM_SHA_256_DW01_add_1'
  Processing 'HM_SHA_256_DW01_add_2'
  Processing 'HM_SHA_256_DW01_add_3'
  Processing 'HM_SHA_256_DW01_add_4'
  Processing 'HM_SHA_256_DW01_add_5'
  Processing 'HM_SHA_256_DW01_add_6'
  Processing 'HM_SHA_256_DW01_add_7'
  Processing 'HM_SHA_256_DW01_add_8'
  Processing 'HM_SHA_256_DW01_add_9'
  Processing 'HM_SHA_256_DW01_add_10'
  Processing 'HM_SHA_256_DW01_add_11'
  Processing 'HM_SHA_256_DW01_add_12'
  Processing 'HM_SHA_256_DW01_add_13'
  Processing 'HM_SHA_256_DW01_add_14'
  Processing 'HM_SHA_256_DW01_add_15'
  Processing 'HM_SHA_256_DW01_add_16'
  Processing 'HM_SHA_256_DW01_cmp6_0'
  Processing 'HM_SHA_256_DW01_add_17'
  Processing 'HM_SHA_256_DW01_add_18'
  Processing 'HM_SHA_256_DW01_add_19'
  Processing 'HM_SHA_256_DW01_cmp6_1'
  Processing 'HM_SHA_256_DW01_add_20'
  Processing 'HM_SHA_256_DW01_add_21'
  Processing 'HM_SHA_256_DW01_add_22'
  Processing 'HM_SHA_256_DW01_cmp6_2'
  Processing 'HM_SHA_256_DW01_add_23'
  Processing 'HM_SHA_256_DW01_add_24'
  Processing 'HM_SHA_256_DW01_add_25'
  Processing 'HM_SHA_256_DW01_cmp6_3'
  Processing 'HM_SHA_256_DW01_add_26'
  Processing 'HM_SHA_256_DW01_add_27'
  Processing 'HM_SHA_256_DW01_add_28'
  Processing 'HM_SHA_256_DW01_cmp6_4'
  Processing 'HM_SHA_256_DW01_add_29'
  Processing 'HM_SHA_256_DW01_add_30'
  Processing 'HM_SHA_256_DW01_add_31'
  Processing 'HM_SHA_256_DW01_cmp6_5'
  Processing 'HM_SHA_256_DW01_add_32'
  Processing 'HM_SHA_256_DW01_add_33'
  Processing 'HM_SHA_256_DW01_add_34'
  Processing 'HM_SHA_256_DW01_cmp6_6'
  Processing 'HM_SHA_256_DW01_add_35'
  Processing 'HM_SHA_256_DW01_add_36'
  Processing 'HM_SHA_256_DW01_add_37'
  Processing 'HM_SHA_256_DW01_cmp6_7'
  Processing 'HM_SHA_256_DW01_add_38'
  Processing 'HM_SHA_256_DW01_add_39'
  Processing 'HM_SHA_256_DW01_add_40'
  Processing 'HM_SHA_256_DW01_cmp6_8'
  Processing 'HM_SHA_256_DW01_add_41'
  Processing 'HM_SHA_256_DW01_add_42'
  Processing 'HM_SHA_256_DW01_add_43'
  Processing 'HM_SHA_256_DW01_cmp6_9'
  Processing 'HM_SHA_256_DW01_add_44'
  Processing 'HM_SHA_256_DW01_add_45'
  Processing 'HM_SHA_256_DW01_add_46'
  Processing 'HM_SHA_256_DW01_cmp6_10'
  Processing 'HM_SHA_256_DW01_add_47'
  Processing 'HM_SHA_256_DW01_add_48'
  Processing 'HM_SHA_256_DW01_add_49'
  Processing 'HM_SHA_256_DW01_cmp6_11'
  Processing 'HM_SHA_256_DW01_add_50'
  Processing 'HM_SHA_256_DW01_add_51'
  Processing 'HM_SHA_256_DW01_add_52'
  Processing 'HM_SHA_256_DW01_cmp6_12'
  Processing 'HM_SHA_256_DW01_add_53'
  Processing 'HM_SHA_256_DW01_add_54'
  Processing 'HM_SHA_256_DW01_add_55'
  Processing 'HM_SHA_256_DW01_cmp6_13'
  Processing 'HM_SHA_256_DW01_add_56'
  Processing 'HM_SHA_256_DW01_add_57'
  Processing 'HM_SHA_256_DW01_add_58'
  Processing 'HM_SHA_256_DW01_cmp6_14'
  Processing 'HM_SHA_256_DW01_add_59'
  Processing 'HM_SHA_256_DW01_add_60'
  Processing 'HM_SHA_256_DW01_add_61'
  Processing 'HM_SHA_256_DW01_cmp6_15'
  Processing 'HM_SHA_256_DW01_add_62'
  Processing 'HM_SHA_256_DW01_add_63'
  Processing 'HM_SHA_256_DW01_add_64'
  Processing 'HM_SHA_256_DW01_cmp6_16'
  Processing 'HM_SHA_256_DW01_add_65'
  Processing 'HM_SHA_256_DW01_add_66'
  Processing 'HM_SHA_256_DW01_add_67'
  Processing 'HM_SHA_256_DW01_cmp6_17'
  Processing 'HM_SHA_256_DW01_add_68'
  Processing 'HM_SHA_256_DW01_add_69'
  Processing 'HM_SHA_256_DW01_add_70'
  Processing 'HM_SHA_256_DW01_cmp6_18'
  Processing 'HM_SHA_256_DW01_add_71'
  Processing 'HM_SHA_256_DW01_add_72'
  Processing 'HM_SHA_256_DW01_add_73'
  Processing 'HM_SHA_256_DW01_cmp6_19'
  Processing 'HM_SHA_256_DW01_add_74'
  Processing 'HM_SHA_256_DW01_add_75'
  Processing 'HM_SHA_256_DW01_add_76'
  Processing 'HM_SHA_256_DW01_cmp6_20'
  Processing 'HM_SHA_256_DW01_add_77'
  Processing 'HM_SHA_256_DW01_add_78'
  Processing 'HM_SHA_256_DW01_add_79'
  Processing 'HM_SHA_256_DW01_cmp6_21'
  Processing 'HM_SHA_256_DW01_add_80'
  Processing 'HM_SHA_256_DW01_add_81'
  Processing 'HM_SHA_256_DW01_add_82'
  Processing 'HM_SHA_256_DW01_cmp6_22'
  Processing 'HM_SHA_256_DW01_add_83'
  Processing 'HM_SHA_256_DW01_add_84'
  Processing 'HM_SHA_256_DW01_add_85'
  Processing 'HM_SHA_256_DW01_add_86'
  Processing 'HM_SHA_256_DW01_add_87'
  Processing 'HM_SHA_256_DW01_add_88'
  Processing 'HM_SHA_256_DW01_cmp6_23'
  Processing 'HM_SHA_256_DW01_add_89'
  Processing 'HM_SHA_256_DW01_add_90'
  Processing 'HM_SHA_256_DW01_add_91'
  Processing 'HM_SHA_256_DW01_cmp6_24'
  Processing 'HM_SHA_256_DW01_add_92'
  Processing 'HM_SHA_256_DW01_add_93'
  Processing 'HM_SHA_256_DW01_add_94'
  Processing 'HM_SHA_256_DW01_cmp6_25'
  Processing 'HM_SHA_256_DW01_add_95'
  Processing 'HM_SHA_256_DW01_add_96'
  Processing 'HM_SHA_256_DW01_add_97'
  Processing 'HM_SHA_256_DW01_cmp6_26'
  Processing 'HM_SHA_256_DW01_add_98'
  Processing 'HM_SHA_256_DW01_add_99'
  Processing 'HM_SHA_256_DW01_add_100'
  Processing 'HM_SHA_256_DW01_cmp6_27'
  Processing 'HM_SHA_256_DW01_add_101'
  Processing 'HM_SHA_256_DW01_add_102'
  Processing 'HM_SHA_256_DW01_add_103'
  Processing 'HM_SHA_256_DW01_cmp6_28'
  Processing 'HM_SHA_256_DW01_add_104'
  Processing 'HM_SHA_256_DW01_add_105'
  Processing 'HM_SHA_256_DW01_add_106'
  Processing 'HM_SHA_256_DW01_cmp6_29'
  Processing 'HM_SHA_256_DW01_add_107'
  Processing 'HM_SHA_256_DW01_add_108'
  Processing 'HM_SHA_256_DW01_add_109'
  Processing 'HM_SHA_256_DW01_cmp6_30'
  Processing 'HM_SHA_256_DW01_add_110'
  Processing 'HM_SHA_256_DW01_add_111'
  Processing 'HM_SHA_256_DW01_add_112'
  Processing 'HM_SHA_256_DW01_cmp6_31'
  Processing 'HM_SHA_256_DW01_add_113'
  Processing 'HM_SHA_256_DW01_add_114'
  Processing 'HM_SHA_256_DW01_add_115'
  Processing 'HM_SHA_256_DW01_cmp6_32'
  Processing 'HM_SHA_256_DW01_add_116'
  Processing 'HM_SHA_256_DW01_add_117'
  Processing 'HM_SHA_256_DW01_add_118'
  Processing 'HM_SHA_256_DW01_cmp6_33'
  Processing 'HM_SHA_256_DW01_add_119'
  Processing 'HM_SHA_256_DW01_add_120'
  Processing 'HM_SHA_256_DW01_add_121'
  Processing 'HM_SHA_256_DW01_cmp6_34'
  Processing 'HM_SHA_256_DW01_add_122'
  Processing 'HM_SHA_256_DW01_add_123'
  Processing 'HM_SHA_256_DW01_add_124'
  Processing 'HM_SHA_256_DW01_cmp6_35'
  Processing 'HM_SHA_256_DW01_add_125'
  Processing 'HM_SHA_256_DW01_add_126'
  Processing 'HM_SHA_256_DW01_add_127'
  Processing 'HM_SHA_256_DW01_cmp6_36'
  Processing 'HM_SHA_256_DW01_add_128'
  Processing 'HM_SHA_256_DW01_add_129'
  Processing 'HM_SHA_256_DW01_add_130'
  Processing 'HM_SHA_256_DW01_cmp6_37'
  Processing 'HM_SHA_256_DW01_add_131'
  Processing 'HM_SHA_256_DW01_add_132'
  Processing 'HM_SHA_256_DW01_add_133'
  Processing 'HM_SHA_256_DW01_cmp6_38'
  Processing 'HM_SHA_256_DW01_add_134'
  Processing 'HM_SHA_256_DW01_add_135'
  Processing 'HM_SHA_256_DW01_add_136'
  Processing 'HM_SHA_256_DW01_cmp6_39'
  Processing 'HM_SHA_256_DW01_add_137'
  Processing 'HM_SHA_256_DW01_add_138'
  Processing 'HM_SHA_256_DW01_add_139'
  Processing 'HM_SHA_256_DW01_cmp6_40'
  Processing 'HM_SHA_256_DW01_add_140'
  Processing 'HM_SHA_256_DW01_add_141'
  Processing 'HM_SHA_256_DW01_add_142'
  Processing 'HM_SHA_256_DW01_cmp6_41'
  Processing 'HM_SHA_256_DW01_add_143'
  Processing 'HM_SHA_256_DW01_add_144'
  Processing 'HM_SHA_256_DW01_add_145'
  Processing 'HM_SHA_256_DW01_cmp6_42'
  Processing 'HM_SHA_256_DW01_add_146'
  Processing 'HM_SHA_256_DW01_add_147'
  Processing 'HM_SHA_256_DW01_add_148'
  Processing 'HM_SHA_256_DW01_cmp6_43'
  Processing 'HM_SHA_256_DW01_add_149'
  Processing 'HM_SHA_256_DW01_add_150'
  Processing 'HM_SHA_256_DW01_add_151'
  Processing 'HM_SHA_256_DW01_cmp6_44'
  Processing 'HM_SHA_256_DW01_add_152'
  Processing 'HM_SHA_256_DW01_add_153'
  Processing 'HM_SHA_256_DW01_add_154'
  Processing 'HM_SHA_256_DW01_cmp6_45'
  Processing 'HM_SHA_256_DW01_add_155'
  Processing 'HM_SHA_256_DW01_add_156'
  Processing 'HM_SHA_256_DW01_add_157'
  Processing 'HM_SHA_256_DW01_cmp6_46'
  Processing 'HM_SHA_256_DW01_add_158'
  Processing 'HM_SHA_256_DW01_cmp6_47'
  Processing 'HM_SHA_256_DW01_add_159'

  Beginning Mapping Optimizations  (Medium effort)
  -------------------------------
  Structuring 'HM_SHA_256'
  Mapping 'HM_SHA_256'

                                  TOTAL                                      
   ELAPSED            WORST NEG   SETUP    DESIGN                            
    TIME      AREA      SLACK     COST    RULE COST         ENDPOINT         
  --------- --------- --------- --------- --------- -------------------------
    0:00:27 13684068.0      0.00       0.0     256.2                          
    0:00:27 13684068.0      0.00       0.0     256.2                          
    0:00:27 13684068.0      0.00       0.0     256.2                          
    0:00:27 13684068.0      0.00       0.0     256.2                          
    0:00:27 13684068.0      0.00       0.0     256.2                          
    0:00:27 13678164.0      0.00       0.0     256.2                          
    0:00:28 13678164.0      0.00       0.0     256.2                          
    0:00:28 13678164.0      0.00       0.0     256.2                          
    0:00:28 13678164.0      0.00       0.0     256.2                          
    0:00:28 13678164.0      0.00       0.0     256.2                          
    0:00:32 13686300.0      0.00       0.0     215.9                          
    0:00:37 13693212.0      0.00       0.0     206.4                          
    0:00:37 13700556.0      0.00       0.0     198.3                          
    0:00:37 13704876.0      0.00       0.0     190.6                          
    0:00:37 13707108.0      0.00       0.0     185.5                          
    0:00:38 13708908.0      0.00       0.0     180.9                          
    0:00:38 13709700.0      0.00       0.0     177.7                          
    0:00:38 13710132.0      0.00       0.0     175.5                          
    0:00:38 13710420.0      0.00       0.0     174.0                          
    0:00:38 13710420.0      0.00       0.0     174.0                          



  Beginning Delay Optimization Phase
  ----------------------------------

                                  TOTAL                                      
   ELAPSED            WORST NEG   SETUP    DESIGN                            
    TIME      AREA      SLACK     COST    RULE COST         ENDPOINT         
  --------- --------- --------- --------- --------- -------------------------
    0:00:38 13710420.0      0.00       0.0     174.0                          
    0:00:38 13710420.0      0.00       0.0     174.0                          
    0:00:38 13710420.0      0.00       0.0     174.0                          


  Beginning Design Rule Fixing  (max_capacitance)
  ----------------------------

                                  TOTAL                                      
   ELAPSED            WORST NEG   SETUP    DESIGN                            
    TIME      AREA      SLACK     COST    RULE COST         ENDPOINT         
  --------- --------- --------- --------- --------- -------------------------
    0:00:38 13710420.0      0.00       0.0     174.0                          
    0:00:38 13719204.0      0.00       0.0     157.5 w[20][23]                
    0:00:38 13725828.0      0.00       0.0     151.4 w[22][17]                
    0:00:38 13732452.0      0.00       0.0     145.3 w[35][24]                
    0:00:38 13739076.0      0.00       0.0     139.4 w[43][15]                
    0:00:38 13745988.0      0.00       0.0     133.2 w[32][15]                
    0:00:38 13752900.0      0.00       0.0     127.1 w[16][26]                
    0:00:38 13759524.0      0.00       0.0     121.2 w[17][27]                
    0:00:38 13766436.0      0.00       0.0     115.1 w[35][15]                
    0:00:39 13773348.0      0.00       0.0     109.0 w[27][14]                
    0:00:39 13780260.0      0.00       0.0     103.1 w[43][28]                
    0:00:39 13787460.0      0.00       0.0      96.9 w[30][21]                
    0:00:39 13794660.0      0.00       0.0      90.8 w[36][19]                
    0:00:39 13801860.0      0.00       0.0      84.7 w[22][19]                
    0:00:39 13808772.0      0.00       0.0      78.8 w[38][10]                
    0:00:39 13815972.0      0.00       0.0      72.7 w[29][21]                
    0:00:39 13823172.0      0.00       0.0      66.5 w[42][21]                
    0:00:39 13830372.0      0.00       0.0      60.4 w[27][31]                
    0:00:39 13837860.0      0.00       0.0      54.3 w[34][13]                
    0:00:39 13845348.0      0.00       0.0      48.2 w[40][31]                
    0:00:39 13853124.0      0.00       0.0      41.9 w[39][31]                
    0:00:40 13860324.0      0.00       0.0      36.9 w[32][5]                 
    0:00:40 13867524.0      0.00       0.0      32.1 w[18][3]                 
    0:00:40 13874724.0      0.00       0.0      27.4 w[43][6]                 
    0:00:40 13882212.0      0.00       0.0      22.6 w[18][6]                 
    0:00:40 13889988.0      0.00       0.0      17.9 w[32][9]                 
    0:00:40 13898052.0      0.00       0.0      13.1 w[39][9]                 
    0:00:40 13904964.0      0.00       0.0       9.6 w[20][1]                 
    0:00:40 13912164.0      0.00       0.0       6.2 w[18][2]                 
    0:00:40 13919364.0      0.00       0.0       3.5 w[37][11]                
    0:00:40 13926564.0      0.00       0.0       1.8 w[32][0]                 
    0:00:40 13934052.0      0.00       0.0       1.0 w[19][18]                
    0:00:40 13941252.0      0.00       0.0       0.6 w[44][1]                 
    0:00:41 13948452.0      0.00       0.0       0.2 w[41][22]                
    0:00:41 13953060.0      0.00       0.0       0.0                          


  Beginning Area-Recovery Phase  (cleanup)
  -----------------------------

                                  TOTAL                                      
   ELAPSED            WORST NEG   SETUP    DESIGN                            
    TIME      AREA      SLACK     COST    RULE COST         ENDPOINT         
  --------- --------- --------- --------- --------- -------------------------
    0:00:41 13953060.0      0.00       0.0       0.0                          
    0:00:41 13953060.0      0.00       0.0       0.0                          
    0:00:42 13923828.0      0.00       0.0       0.0                          
    0:00:42 13920516.0      0.00       0.0       0.0                          
    0:00:42 13920516.0      0.00       0.0       0.0                          
    0:00:42 13920516.0      0.00       0.0       0.0                          
    0:00:42 13920516.0      0.00       0.0       0.0                          
    0:00:42 13920516.0      0.00       0.0       0.0                          
    0:00:42 13920516.0      0.00       0.0       0.0                          
    0:00:42 13920516.0      0.00       0.0       0.0                          
    0:00:42 13920516.0      0.00       0.0       0.0                          
    0:00:42 13920516.0      0.00       0.0       0.0                          
    0:00:42 13920516.0      0.00       0.0       0.0                          
Loading db file '/package/eda/cells/OSU/v2.7/synopsys/lib/ami05/osu05_stdcells.db'


Note: Symbol # after min delay cost means estimated hold TNS across all active scenarios 


  Optimization Complete
  ---------------------
Warning: Design 'HM_SHA_256' contains 2 high-fanout nets. A fanout number of 1000 will be used for delay calculations involving these nets. (TIM-134)
     Net 'clk': 2048 load(s), 1 driver(s)
     Net 'n_rst': 2048 load(s), 1 driver(s)
# Step 4: Output reports
report_timing -path full -delay max -max_paths 4 -nworst 1 > reports/HM_SHA_256.rep
report_area >> reports/HM_SHA_256.rep
report_power -hier >> reports/HM_SHA_256.rep
# Step 5: Output final VHDL and Verilog files
write_file -format verilog -hierarchy -output "mapped/HM_SHA_256.v"
Writing verilog file '/home/ecegrid/a/mg138/ece337/BitcoinMiner/mapped/HM_SHA_256.v'.
Warning: Verilog 'assign' or 'tran' statements are written out. (VO-4)
echo "\nScript Done\n"

Script Done

echo "\nChecking Design\n"

Checking Design

check_design
 
****************************************
check_design summary:
Version:     K-2015.06-SP1
Date:        Fri Dec  1 12:15:20 2017
****************************************

                   Name                                            Total
--------------------------------------------------------------------------------
Inputs/Outputs                                                    318
    Unconnected ports (LINT-28)                                   318

Cells                                                             159
    Connected to power or ground (LINT-32)                        159
--------------------------------------------------------------------------------

Warning: In design 'HM_SHA_256_DW01_add_0', port 'CI' is not connected to any nets. (LINT-28)
Warning: In design 'HM_SHA_256_DW01_add_0', port 'CO' is not connected to any nets. (LINT-28)
Warning: In design 'HM_SHA_256_DW01_add_1', port 'CI' is not connected to any nets. (LINT-28)
Warning: In design 'HM_SHA_256_DW01_add_1', port 'CO' is not connected to any nets. (LINT-28)
Warning: In design 'HM_SHA_256_DW01_add_2', port 'CI' is not connected to any nets. (LINT-28)
Warning: In design 'HM_SHA_256_DW01_add_2', port 'CO' is not connected to any nets. (LINT-28)
Warning: In design 'HM_SHA_256_DW01_add_3', port 'CI' is not connected to any nets. (LINT-28)
Warning: In design 'HM_SHA_256_DW01_add_3', port 'CO' is not connected to any nets. (LINT-28)
Warning: In design 'HM_SHA_256_DW01_add_4', port 'CI' is not connected to any nets. (LINT-28)
Warning: In design 'HM_SHA_256_DW01_add_4', port 'CO' is not connected to any nets. (LINT-28)
Warning: In design 'HM_SHA_256_DW01_add_5', port 'CI' is not connected to any nets. (LINT-28)
Warning: In design 'HM_SHA_256_DW01_add_5', port 'CO' is not connected to any nets. (LINT-28)
Warning: In design 'HM_SHA_256_DW01_add_6', port 'CI' is not connected to any nets. (LINT-28)
Warning: In design 'HM_SHA_256_DW01_add_6', port 'CO' is not connected to any nets. (LINT-28)
Warning: In design 'HM_SHA_256_DW01_add_7', port 'CI' is not connected to any nets. (LINT-28)
Warning: In design 'HM_SHA_256_DW01_add_7', port 'CO' is not connected to any nets. (LINT-28)
Warning: In design 'HM_SHA_256_DW01_add_8', port 'CI' is not connected to any nets. (LINT-28)
Warning: In design 'HM_SHA_256_DW01_add_8', port 'CO' is not connected to any nets. (LINT-28)
Warning: In design 'HM_SHA_256_DW01_add_9', port 'CI' is not connected to any nets. (LINT-28)
Warning: In design 'HM_SHA_256_DW01_add_9', port 'CO' is not connected to any nets. (LINT-28)
Warning: In design 'HM_SHA_256_DW01_add_10', port 'CI' is not connected to any nets. (LINT-28)
Warning: In design 'HM_SHA_256_DW01_add_10', port 'CO' is not connected to any nets. (LINT-28)
Warning: In design 'HM_SHA_256_DW01_add_11', port 'CI' is not connected to any nets. (LINT-28)
Warning: In design 'HM_SHA_256_DW01_add_11', port 'CO' is not connected to any nets. (LINT-28)
Warning: In design 'HM_SHA_256_DW01_add_12', port 'CI' is not connected to any nets. (LINT-28)
Warning: In design 'HM_SHA_256_DW01_add_12', port 'CO' is not connected to any nets. (LINT-28)
Warning: In design 'HM_SHA_256_DW01_add_13', port 'CI' is not connected to any nets. (LINT-28)
Warning: In design 'HM_SHA_256_DW01_add_13', port 'CO' is not connected to any nets. (LINT-28)
Warning: In design 'HM_SHA_256_DW01_add_14', port 'CI' is not connected to any nets. (LINT-28)
Warning: In design 'HM_SHA_256_DW01_add_14', port 'CO' is not connected to any nets. (LINT-28)
Warning: In design 'HM_SHA_256_DW01_add_15', port 'CI' is not connected to any nets. (LINT-28)
Warning: In design 'HM_SHA_256_DW01_add_15', port 'CO' is not connected to any nets. (LINT-28)
Warning: In design 'HM_SHA_256_DW01_add_16', port 'CI' is not connected to any nets. (LINT-28)
Warning: In design 'HM_SHA_256_DW01_add_16', port 'CO' is not connected to any nets. (LINT-28)
Warning: In design 'HM_SHA_256_DW01_add_17', port 'CI' is not connected to any nets. (LINT-28)
Warning: In design 'HM_SHA_256_DW01_add_17', port 'CO' is not connected to any nets. (LINT-28)
Warning: In design 'HM_SHA_256_DW01_add_18', port 'CI' is not connected to any nets. (LINT-28)
Warning: In design 'HM_SHA_256_DW01_add_18', port 'CO' is not connected to any nets. (LINT-28)
Warning: In design 'HM_SHA_256_DW01_add_19', port 'CI' is not connected to any nets. (LINT-28)
Warning: In design 'HM_SHA_256_DW01_add_19', port 'CO' is not connected to any nets. (LINT-28)
Warning: In design 'HM_SHA_256_DW01_add_20', port 'CI' is not connected to any nets. (LINT-28)
Warning: In design 'HM_SHA_256_DW01_add_20', port 'CO' is not connected to any nets. (LINT-28)
Warning: In design 'HM_SHA_256_DW01_add_21', port 'CI' is not connected to any nets. (LINT-28)
Warning: In design 'HM_SHA_256_DW01_add_21', port 'CO' is not connected to any nets. (LINT-28)
Warning: In design 'HM_SHA_256_DW01_add_22', port 'CI' is not connected to any nets. (LINT-28)
Warning: In design 'HM_SHA_256_DW01_add_22', port 'CO' is not connected to any nets. (LINT-28)
Warning: In design 'HM_SHA_256_DW01_add_23', port 'CI' is not connected to any nets. (LINT-28)
Warning: In design 'HM_SHA_256_DW01_add_23', port 'CO' is not connected to any nets. (LINT-28)
Warning: In design 'HM_SHA_256_DW01_add_24', port 'CI' is not connected to any nets. (LINT-28)
Warning: In design 'HM_SHA_256_DW01_add_24', port 'CO' is not connected to any nets. (LINT-28)
Warning: In design 'HM_SHA_256_DW01_add_25', port 'CI' is not connected to any nets. (LINT-28)
Warning: In design 'HM_SHA_256_DW01_add_25', port 'CO' is not connected to any nets. (LINT-28)
Warning: In design 'HM_SHA_256_DW01_add_26', port 'CI' is not connected to any nets. (LINT-28)
Warning: In design 'HM_SHA_256_DW01_add_26', port 'CO' is not connected to any nets. (LINT-28)
Warning: In design 'HM_SHA_256_DW01_add_27', port 'CI' is not connected to any nets. (LINT-28)
Warning: In design 'HM_SHA_256_DW01_add_27', port 'CO' is not connected to any nets. (LINT-28)
Warning: In design 'HM_SHA_256_DW01_add_28', port 'CI' is not connected to any nets. (LINT-28)
Warning: In design 'HM_SHA_256_DW01_add_28', port 'CO' is not connected to any nets. (LINT-28)
Warning: In design 'HM_SHA_256_DW01_add_29', port 'CI' is not connected to any nets. (LINT-28)
Warning: In design 'HM_SHA_256_DW01_add_29', port 'CO' is not connected to any nets. (LINT-28)
Warning: In design 'HM_SHA_256_DW01_add_30', port 'CI' is not connected to any nets. (LINT-28)
Warning: In design 'HM_SHA_256_DW01_add_30', port 'CO' is not connected to any nets. (LINT-28)
Warning: In design 'HM_SHA_256_DW01_add_31', port 'CI' is not connected to any nets. (LINT-28)
Warning: In design 'HM_SHA_256_DW01_add_31', port 'CO' is not connected to any nets. (LINT-28)
Warning: In design 'HM_SHA_256_DW01_add_32', port 'CI' is not connected to any nets. (LINT-28)
Warning: In design 'HM_SHA_256_DW01_add_32', port 'CO' is not connected to any nets. (LINT-28)
Warning: In design 'HM_SHA_256_DW01_add_33', port 'CI' is not connected to any nets. (LINT-28)
Warning: In design 'HM_SHA_256_DW01_add_33', port 'CO' is not connected to any nets. (LINT-28)
Warning: In design 'HM_SHA_256_DW01_add_34', port 'CI' is not connected to any nets. (LINT-28)
Warning: In design 'HM_SHA_256_DW01_add_34', port 'CO' is not connected to any nets. (LINT-28)
Warning: In design 'HM_SHA_256_DW01_add_35', port 'CI' is not connected to any nets. (LINT-28)
Warning: In design 'HM_SHA_256_DW01_add_35', port 'CO' is not connected to any nets. (LINT-28)
Warning: In design 'HM_SHA_256_DW01_add_36', port 'CI' is not connected to any nets. (LINT-28)
Warning: In design 'HM_SHA_256_DW01_add_36', port 'CO' is not connected to any nets. (LINT-28)
Warning: In design 'HM_SHA_256_DW01_add_37', port 'CI' is not connected to any nets. (LINT-28)
Warning: In design 'HM_SHA_256_DW01_add_37', port 'CO' is not connected to any nets. (LINT-28)
Warning: In design 'HM_SHA_256_DW01_add_38', port 'CI' is not connected to any nets. (LINT-28)
Warning: In design 'HM_SHA_256_DW01_add_38', port 'CO' is not connected to any nets. (LINT-28)
Warning: In design 'HM_SHA_256_DW01_add_39', port 'CI' is not connected to any nets. (LINT-28)
Warning: In design 'HM_SHA_256_DW01_add_39', port 'CO' is not connected to any nets. (LINT-28)
Warning: In design 'HM_SHA_256_DW01_add_40', port 'CI' is not connected to any nets. (LINT-28)
Warning: In design 'HM_SHA_256_DW01_add_40', port 'CO' is not connected to any nets. (LINT-28)
Warning: In design 'HM_SHA_256_DW01_add_41', port 'CI' is not connected to any nets. (LINT-28)
Warning: In design 'HM_SHA_256_DW01_add_41', port 'CO' is not connected to any nets. (LINT-28)
Warning: In design 'HM_SHA_256_DW01_add_42', port 'CI' is not connected to any nets. (LINT-28)
Warning: In design 'HM_SHA_256_DW01_add_42', port 'CO' is not connected to any nets. (LINT-28)
Warning: In design 'HM_SHA_256_DW01_add_43', port 'CI' is not connected to any nets. (LINT-28)
Warning: In design 'HM_SHA_256_DW01_add_43', port 'CO' is not connected to any nets. (LINT-28)
Warning: In design 'HM_SHA_256_DW01_add_44', port 'CI' is not connected to any nets. (LINT-28)
Warning: In design 'HM_SHA_256_DW01_add_44', port 'CO' is not connected to any nets. (LINT-28)
Warning: In design 'HM_SHA_256_DW01_add_45', port 'CI' is not connected to any nets. (LINT-28)
Warning: In design 'HM_SHA_256_DW01_add_45', port 'CO' is not connected to any nets. (LINT-28)
Warning: In design 'HM_SHA_256_DW01_add_46', port 'CI' is not connected to any nets. (LINT-28)
Warning: In design 'HM_SHA_256_DW01_add_46', port 'CO' is not connected to any nets. (LINT-28)
Warning: In design 'HM_SHA_256_DW01_add_47', port 'CI' is not connected to any nets. (LINT-28)
Warning: In design 'HM_SHA_256_DW01_add_47', port 'CO' is not connected to any nets. (LINT-28)
Warning: In design 'HM_SHA_256_DW01_add_48', port 'CI' is not connected to any nets. (LINT-28)
Warning: In design 'HM_SHA_256_DW01_add_48', port 'CO' is not connected to any nets. (LINT-28)
Warning: In design 'HM_SHA_256_DW01_add_49', port 'CI' is not connected to any nets. (LINT-28)
Warning: In design 'HM_SHA_256_DW01_add_49', port 'CO' is not connected to any nets. (LINT-28)
Warning: In design 'HM_SHA_256_DW01_add_50', port 'CI' is not connected to any nets. (LINT-28)
Warning: In design 'HM_SHA_256_DW01_add_50', port 'CO' is not connected to any nets. (LINT-28)
Warning: In design 'HM_SHA_256_DW01_add_51', port 'CI' is not connected to any nets. (LINT-28)
Warning: In design 'HM_SHA_256_DW01_add_51', port 'CO' is not connected to any nets. (LINT-28)
Warning: In design 'HM_SHA_256_DW01_add_52', port 'CI' is not connected to any nets. (LINT-28)
Warning: In design 'HM_SHA_256_DW01_add_52', port 'CO' is not connected to any nets. (LINT-28)
Warning: In design 'HM_SHA_256_DW01_add_53', port 'CI' is not connected to any nets. (LINT-28)
Warning: In design 'HM_SHA_256_DW01_add_53', port 'CO' is not connected to any nets. (LINT-28)
Warning: In design 'HM_SHA_256_DW01_add_54', port 'CI' is not connected to any nets. (LINT-28)
Warning: In design 'HM_SHA_256_DW01_add_54', port 'CO' is not connected to any nets. (LINT-28)
Warning: In design 'HM_SHA_256_DW01_add_55', port 'CI' is not connected to any nets. (LINT-28)
Warning: In design 'HM_SHA_256_DW01_add_55', port 'CO' is not connected to any nets. (LINT-28)
Warning: In design 'HM_SHA_256_DW01_add_56', port 'CI' is not connected to any nets. (LINT-28)
Warning: In design 'HM_SHA_256_DW01_add_56', port 'CO' is not connected to any nets. (LINT-28)
Warning: In design 'HM_SHA_256_DW01_add_57', port 'CI' is not connected to any nets. (LINT-28)
Warning: In design 'HM_SHA_256_DW01_add_57', port 'CO' is not connected to any nets. (LINT-28)
Warning: In design 'HM_SHA_256_DW01_add_58', port 'CI' is not connected to any nets. (LINT-28)
Warning: In design 'HM_SHA_256_DW01_add_58', port 'CO' is not connected to any nets. (LINT-28)
Warning: In design 'HM_SHA_256_DW01_add_59', port 'CI' is not connected to any nets. (LINT-28)
Warning: In design 'HM_SHA_256_DW01_add_59', port 'CO' is not connected to any nets. (LINT-28)
Warning: In design 'HM_SHA_256_DW01_add_60', port 'CI' is not connected to any nets. (LINT-28)
Warning: In design 'HM_SHA_256_DW01_add_60', port 'CO' is not connected to any nets. (LINT-28)
Warning: In design 'HM_SHA_256_DW01_add_61', port 'CI' is not connected to any nets. (LINT-28)
Warning: In design 'HM_SHA_256_DW01_add_61', port 'CO' is not connected to any nets. (LINT-28)
Warning: In design 'HM_SHA_256_DW01_add_62', port 'CI' is not connected to any nets. (LINT-28)
Warning: In design 'HM_SHA_256_DW01_add_62', port 'CO' is not connected to any nets. (LINT-28)
Warning: In design 'HM_SHA_256_DW01_add_63', port 'CI' is not connected to any nets. (LINT-28)
Warning: In design 'HM_SHA_256_DW01_add_63', port 'CO' is not connected to any nets. (LINT-28)
Warning: In design 'HM_SHA_256_DW01_add_64', port 'CI' is not connected to any nets. (LINT-28)
Warning: In design 'HM_SHA_256_DW01_add_64', port 'CO' is not connected to any nets. (LINT-28)
Warning: In design 'HM_SHA_256_DW01_add_65', port 'CI' is not connected to any nets. (LINT-28)
Warning: In design 'HM_SHA_256_DW01_add_65', port 'CO' is not connected to any nets. (LINT-28)
Warning: In design 'HM_SHA_256_DW01_add_66', port 'CI' is not connected to any nets. (LINT-28)
Warning: In design 'HM_SHA_256_DW01_add_66', port 'CO' is not connected to any nets. (LINT-28)
Warning: In design 'HM_SHA_256_DW01_add_67', port 'CI' is not connected to any nets. (LINT-28)
Warning: In design 'HM_SHA_256_DW01_add_67', port 'CO' is not connected to any nets. (LINT-28)
Warning: In design 'HM_SHA_256_DW01_add_68', port 'CI' is not connected to any nets. (LINT-28)
Warning: In design 'HM_SHA_256_DW01_add_68', port 'CO' is not connected to any nets. (LINT-28)
Warning: In design 'HM_SHA_256_DW01_add_69', port 'CI' is not connected to any nets. (LINT-28)
Warning: In design 'HM_SHA_256_DW01_add_69', port 'CO' is not connected to any nets. (LINT-28)
Warning: In design 'HM_SHA_256_DW01_add_70', port 'CI' is not connected to any nets. (LINT-28)
Warning: In design 'HM_SHA_256_DW01_add_70', port 'CO' is not connected to any nets. (LINT-28)
Warning: In design 'HM_SHA_256_DW01_add_71', port 'CI' is not connected to any nets. (LINT-28)
Warning: In design 'HM_SHA_256_DW01_add_71', port 'CO' is not connected to any nets. (LINT-28)
Warning: In design 'HM_SHA_256_DW01_add_72', port 'CI' is not connected to any nets. (LINT-28)
Warning: In design 'HM_SHA_256_DW01_add_72', port 'CO' is not connected to any nets. (LINT-28)
Warning: In design 'HM_SHA_256_DW01_add_73', port 'CI' is not connected to any nets. (LINT-28)
Warning: In design 'HM_SHA_256_DW01_add_73', port 'CO' is not connected to any nets. (LINT-28)
Warning: In design 'HM_SHA_256_DW01_add_74', port 'CI' is not connected to any nets. (LINT-28)
Warning: In design 'HM_SHA_256_DW01_add_74', port 'CO' is not connected to any nets. (LINT-28)
Warning: In design 'HM_SHA_256_DW01_add_75', port 'CI' is not connected to any nets. (LINT-28)
Warning: In design 'HM_SHA_256_DW01_add_75', port 'CO' is not connected to any nets. (LINT-28)
Warning: In design 'HM_SHA_256_DW01_add_76', port 'CI' is not connected to any nets. (LINT-28)
Warning: In design 'HM_SHA_256_DW01_add_76', port 'CO' is not connected to any nets. (LINT-28)
Warning: In design 'HM_SHA_256_DW01_add_77', port 'CI' is not connected to any nets. (LINT-28)
Warning: In design 'HM_SHA_256_DW01_add_77', port 'CO' is not connected to any nets. (LINT-28)
Warning: In design 'HM_SHA_256_DW01_add_78', port 'CI' is not connected to any nets. (LINT-28)
Warning: In design 'HM_SHA_256_DW01_add_78', port 'CO' is not connected to any nets. (LINT-28)
Warning: In design 'HM_SHA_256_DW01_add_79', port 'CI' is not connected to any nets. (LINT-28)
Warning: In design 'HM_SHA_256_DW01_add_79', port 'CO' is not connected to any nets. (LINT-28)
Warning: In design 'HM_SHA_256_DW01_add_80', port 'CI' is not connected to any nets. (LINT-28)
Warning: In design 'HM_SHA_256_DW01_add_80', port 'CO' is not connected to any nets. (LINT-28)
Warning: In design 'HM_SHA_256_DW01_add_81', port 'CI' is not connected to any nets. (LINT-28)
Warning: In design 'HM_SHA_256_DW01_add_81', port 'CO' is not connected to any nets. (LINT-28)
Warning: In design 'HM_SHA_256_DW01_add_82', port 'CI' is not connected to any nets. (LINT-28)
Warning: In design 'HM_SHA_256_DW01_add_82', port 'CO' is not connected to any nets. (LINT-28)
Warning: In design 'HM_SHA_256_DW01_add_83', port 'CI' is not connected to any nets. (LINT-28)
Warning: In design 'HM_SHA_256_DW01_add_83', port 'CO' is not connected to any nets. (LINT-28)
Warning: In design 'HM_SHA_256_DW01_add_84', port 'CI' is not connected to any nets. (LINT-28)
Warning: In design 'HM_SHA_256_DW01_add_84', port 'CO' is not connected to any nets. (LINT-28)
Warning: In design 'HM_SHA_256_DW01_add_85', port 'CI' is not connected to any nets. (LINT-28)
Warning: In design 'HM_SHA_256_DW01_add_85', port 'CO' is not connected to any nets. (LINT-28)
Warning: In design 'HM_SHA_256_DW01_add_86', port 'CI' is not connected to any nets. (LINT-28)
Warning: In design 'HM_SHA_256_DW01_add_86', port 'CO' is not connected to any nets. (LINT-28)
Warning: In design 'HM_SHA_256_DW01_add_87', port 'CI' is not connected to any nets. (LINT-28)
Warning: In design 'HM_SHA_256_DW01_add_87', port 'CO' is not connected to any nets. (LINT-28)
Warning: In design 'HM_SHA_256_DW01_add_88', port 'CI' is not connected to any nets. (LINT-28)
Warning: In design 'HM_SHA_256_DW01_add_88', port 'CO' is not connected to any nets. (LINT-28)
Warning: In design 'HM_SHA_256_DW01_add_89', port 'CI' is not connected to any nets. (LINT-28)
Warning: In design 'HM_SHA_256_DW01_add_89', port 'CO' is not connected to any nets. (LINT-28)
Warning: In design 'HM_SHA_256_DW01_add_90', port 'CI' is not connected to any nets. (LINT-28)
Warning: In design 'HM_SHA_256_DW01_add_90', port 'CO' is not connected to any nets. (LINT-28)
Warning: In design 'HM_SHA_256_DW01_add_91', port 'CI' is not connected to any nets. (LINT-28)
Warning: In design 'HM_SHA_256_DW01_add_91', port 'CO' is not connected to any nets. (LINT-28)
Warning: In design 'HM_SHA_256_DW01_add_92', port 'CI' is not connected to any nets. (LINT-28)
Warning: In design 'HM_SHA_256_DW01_add_92', port 'CO' is not connected to any nets. (LINT-28)
Warning: In design 'HM_SHA_256_DW01_add_93', port 'CI' is not connected to any nets. (LINT-28)
Warning: In design 'HM_SHA_256_DW01_add_93', port 'CO' is not connected to any nets. (LINT-28)
Warning: In design 'HM_SHA_256_DW01_add_94', port 'CI' is not connected to any nets. (LINT-28)
Warning: In design 'HM_SHA_256_DW01_add_94', port 'CO' is not connected to any nets. (LINT-28)
Warning: In design 'HM_SHA_256_DW01_add_95', port 'CI' is not connected to any nets. (LINT-28)
Warning: In design 'HM_SHA_256_DW01_add_95', port 'CO' is not connected to any nets. (LINT-28)
Warning: In design 'HM_SHA_256_DW01_add_96', port 'CI' is not connected to any nets. (LINT-28)
Warning: In design 'HM_SHA_256_DW01_add_96', port 'CO' is not connected to any nets. (LINT-28)
Warning: In design 'HM_SHA_256_DW01_add_97', port 'CI' is not connected to any nets. (LINT-28)
Warning: In design 'HM_SHA_256_DW01_add_97', port 'CO' is not connected to any nets. (LINT-28)
Warning: In design 'HM_SHA_256_DW01_add_98', port 'CI' is not connected to any nets. (LINT-28)
Warning: In design 'HM_SHA_256_DW01_add_98', port 'CO' is not connected to any nets. (LINT-28)
Warning: In design 'HM_SHA_256_DW01_add_99', port 'CI' is not connected to any nets. (LINT-28)
Warning: In design 'HM_SHA_256_DW01_add_99', port 'CO' is not connected to any nets. (LINT-28)
Warning: In design 'HM_SHA_256_DW01_add_100', port 'CI' is not connected to any nets. (LINT-28)
Warning: In design 'HM_SHA_256_DW01_add_100', port 'CO' is not connected to any nets. (LINT-28)
Warning: In design 'HM_SHA_256_DW01_add_101', port 'CI' is not connected to any nets. (LINT-28)
Warning: In design 'HM_SHA_256_DW01_add_101', port 'CO' is not connected to any nets. (LINT-28)
Warning: In design 'HM_SHA_256_DW01_add_102', port 'CI' is not connected to any nets. (LINT-28)
Warning: In design 'HM_SHA_256_DW01_add_102', port 'CO' is not connected to any nets. (LINT-28)
Warning: In design 'HM_SHA_256_DW01_add_103', port 'CI' is not connected to any nets. (LINT-28)
Warning: In design 'HM_SHA_256_DW01_add_103', port 'CO' is not connected to any nets. (LINT-28)
Warning: In design 'HM_SHA_256_DW01_add_104', port 'CI' is not connected to any nets. (LINT-28)
Warning: In design 'HM_SHA_256_DW01_add_104', port 'CO' is not connected to any nets. (LINT-28)
Warning: In design 'HM_SHA_256_DW01_add_105', port 'CI' is not connected to any nets. (LINT-28)
Warning: In design 'HM_SHA_256_DW01_add_105', port 'CO' is not connected to any nets. (LINT-28)
Warning: In design 'HM_SHA_256_DW01_add_106', port 'CI' is not connected to any nets. (LINT-28)
Warning: In design 'HM_SHA_256_DW01_add_106', port 'CO' is not connected to any nets. (LINT-28)
Warning: In design 'HM_SHA_256_DW01_add_107', port 'CI' is not connected to any nets. (LINT-28)
Warning: In design 'HM_SHA_256_DW01_add_107', port 'CO' is not connected to any nets. (LINT-28)
Warning: In design 'HM_SHA_256_DW01_add_108', port 'CI' is not connected to any nets. (LINT-28)
Warning: In design 'HM_SHA_256_DW01_add_108', port 'CO' is not connected to any nets. (LINT-28)
Warning: In design 'HM_SHA_256_DW01_add_109', port 'CI' is not connected to any nets. (LINT-28)
Warning: In design 'HM_SHA_256_DW01_add_109', port 'CO' is not connected to any nets. (LINT-28)
Warning: In design 'HM_SHA_256_DW01_add_110', port 'CI' is not connected to any nets. (LINT-28)
Warning: In design 'HM_SHA_256_DW01_add_110', port 'CO' is not connected to any nets. (LINT-28)
Warning: In design 'HM_SHA_256_DW01_add_111', port 'CI' is not connected to any nets. (LINT-28)
Warning: In design 'HM_SHA_256_DW01_add_111', port 'CO' is not connected to any nets. (LINT-28)
Warning: In design 'HM_SHA_256_DW01_add_112', port 'CI' is not connected to any nets. (LINT-28)
Warning: In design 'HM_SHA_256_DW01_add_112', port 'CO' is not connected to any nets. (LINT-28)
Warning: In design 'HM_SHA_256_DW01_add_113', port 'CI' is not connected to any nets. (LINT-28)
Warning: In design 'HM_SHA_256_DW01_add_113', port 'CO' is not connected to any nets. (LINT-28)
Warning: In design 'HM_SHA_256_DW01_add_114', port 'CI' is not connected to any nets. (LINT-28)
Warning: In design 'HM_SHA_256_DW01_add_114', port 'CO' is not connected to any nets. (LINT-28)
Warning: In design 'HM_SHA_256_DW01_add_115', port 'CI' is not connected to any nets. (LINT-28)
Warning: In design 'HM_SHA_256_DW01_add_115', port 'CO' is not connected to any nets. (LINT-28)
Warning: In design 'HM_SHA_256_DW01_add_116', port 'CI' is not connected to any nets. (LINT-28)
Warning: In design 'HM_SHA_256_DW01_add_116', port 'CO' is not connected to any nets. (LINT-28)
Warning: In design 'HM_SHA_256_DW01_add_117', port 'CI' is not connected to any nets. (LINT-28)
Warning: In design 'HM_SHA_256_DW01_add_117', port 'CO' is not connected to any nets. (LINT-28)
Warning: In design 'HM_SHA_256_DW01_add_118', port 'CI' is not connected to any nets. (LINT-28)
Warning: In design 'HM_SHA_256_DW01_add_118', port 'CO' is not connected to any nets. (LINT-28)
Warning: In design 'HM_SHA_256_DW01_add_119', port 'CI' is not connected to any nets. (LINT-28)
Warning: In design 'HM_SHA_256_DW01_add_119', port 'CO' is not connected to any nets. (LINT-28)
Warning: In design 'HM_SHA_256_DW01_add_120', port 'CI' is not connected to any nets. (LINT-28)
Warning: In design 'HM_SHA_256_DW01_add_120', port 'CO' is not connected to any nets. (LINT-28)
Warning: In design 'HM_SHA_256_DW01_add_121', port 'CI' is not connected to any nets. (LINT-28)
Warning: In design 'HM_SHA_256_DW01_add_121', port 'CO' is not connected to any nets. (LINT-28)
Warning: In design 'HM_SHA_256_DW01_add_122', port 'CI' is not connected to any nets. (LINT-28)
Warning: In design 'HM_SHA_256_DW01_add_122', port 'CO' is not connected to any nets. (LINT-28)
Warning: In design 'HM_SHA_256_DW01_add_123', port 'CI' is not connected to any nets. (LINT-28)
Warning: In design 'HM_SHA_256_DW01_add_123', port 'CO' is not connected to any nets. (LINT-28)
Warning: In design 'HM_SHA_256_DW01_add_124', port 'CI' is not connected to any nets. (LINT-28)
Warning: In design 'HM_SHA_256_DW01_add_124', port 'CO' is not connected to any nets. (LINT-28)
Warning: In design 'HM_SHA_256_DW01_add_125', port 'CI' is not connected to any nets. (LINT-28)
Warning: In design 'HM_SHA_256_DW01_add_125', port 'CO' is not connected to any nets. (LINT-28)
Warning: In design 'HM_SHA_256_DW01_add_126', port 'CI' is not connected to any nets. (LINT-28)
Warning: In design 'HM_SHA_256_DW01_add_126', port 'CO' is not connected to any nets. (LINT-28)
Warning: In design 'HM_SHA_256_DW01_add_127', port 'CI' is not connected to any nets. (LINT-28)
Warning: In design 'HM_SHA_256_DW01_add_127', port 'CO' is not connected to any nets. (LINT-28)
Warning: In design 'HM_SHA_256_DW01_add_128', port 'CI' is not connected to any nets. (LINT-28)
Warning: In design 'HM_SHA_256_DW01_add_128', port 'CO' is not connected to any nets. (LINT-28)
Warning: In design 'HM_SHA_256_DW01_add_129', port 'CI' is not connected to any nets. (LINT-28)
Warning: In design 'HM_SHA_256_DW01_add_129', port 'CO' is not connected to any nets. (LINT-28)
Warning: In design 'HM_SHA_256_DW01_add_130', port 'CI' is not connected to any nets. (LINT-28)
Warning: In design 'HM_SHA_256_DW01_add_130', port 'CO' is not connected to any nets. (LINT-28)
Warning: In design 'HM_SHA_256_DW01_add_131', port 'CI' is not connected to any nets. (LINT-28)
Warning: In design 'HM_SHA_256_DW01_add_131', port 'CO' is not connected to any nets. (LINT-28)
Warning: In design 'HM_SHA_256_DW01_add_132', port 'CI' is not connected to any nets. (LINT-28)
Warning: In design 'HM_SHA_256_DW01_add_132', port 'CO' is not connected to any nets. (LINT-28)
Warning: In design 'HM_SHA_256_DW01_add_133', port 'CI' is not connected to any nets. (LINT-28)
Warning: In design 'HM_SHA_256_DW01_add_133', port 'CO' is not connected to any nets. (LINT-28)
Warning: In design 'HM_SHA_256_DW01_add_134', port 'CI' is not connected to any nets. (LINT-28)
Warning: In design 'HM_SHA_256_DW01_add_134', port 'CO' is not connected to any nets. (LINT-28)
Warning: In design 'HM_SHA_256_DW01_add_135', port 'CI' is not connected to any nets. (LINT-28)
Warning: In design 'HM_SHA_256_DW01_add_135', port 'CO' is not connected to any nets. (LINT-28)
Warning: In design 'HM_SHA_256_DW01_add_136', port 'CI' is not connected to any nets. (LINT-28)
Warning: In design 'HM_SHA_256_DW01_add_136', port 'CO' is not connected to any nets. (LINT-28)
Warning: In design 'HM_SHA_256_DW01_add_137', port 'CI' is not connected to any nets. (LINT-28)
Warning: In design 'HM_SHA_256_DW01_add_137', port 'CO' is not connected to any nets. (LINT-28)
Warning: In design 'HM_SHA_256_DW01_add_138', port 'CI' is not connected to any nets. (LINT-28)
Warning: In design 'HM_SHA_256_DW01_add_138', port 'CO' is not connected to any nets. (LINT-28)
Warning: In design 'HM_SHA_256_DW01_add_139', port 'CI' is not connected to any nets. (LINT-28)
Warning: In design 'HM_SHA_256_DW01_add_139', port 'CO' is not connected to any nets. (LINT-28)
Warning: In design 'HM_SHA_256_DW01_add_140', port 'CI' is not connected to any nets. (LINT-28)
Warning: In design 'HM_SHA_256_DW01_add_140', port 'CO' is not connected to any nets. (LINT-28)
Warning: In design 'HM_SHA_256_DW01_add_141', port 'CI' is not connected to any nets. (LINT-28)
Warning: In design 'HM_SHA_256_DW01_add_141', port 'CO' is not connected to any nets. (LINT-28)
Warning: In design 'HM_SHA_256_DW01_add_142', port 'CI' is not connected to any nets. (LINT-28)
Warning: In design 'HM_SHA_256_DW01_add_142', port 'CO' is not connected to any nets. (LINT-28)
Warning: In design 'HM_SHA_256_DW01_add_143', port 'CI' is not connected to any nets. (LINT-28)
Warning: In design 'HM_SHA_256_DW01_add_143', port 'CO' is not connected to any nets. (LINT-28)
Warning: In design 'HM_SHA_256_DW01_add_144', port 'CI' is not connected to any nets. (LINT-28)
Warning: In design 'HM_SHA_256_DW01_add_144', port 'CO' is not connected to any nets. (LINT-28)
Warning: In design 'HM_SHA_256_DW01_add_145', port 'CI' is not connected to any nets. (LINT-28)
Warning: In design 'HM_SHA_256_DW01_add_145', port 'CO' is not connected to any nets. (LINT-28)
Warning: In design 'HM_SHA_256_DW01_add_146', port 'CI' is not connected to any nets. (LINT-28)
Warning: In design 'HM_SHA_256_DW01_add_146', port 'CO' is not connected to any nets. (LINT-28)
Warning: In design 'HM_SHA_256_DW01_add_147', port 'CI' is not connected to any nets. (LINT-28)
Warning: In design 'HM_SHA_256_DW01_add_147', port 'CO' is not connected to any nets. (LINT-28)
Warning: In design 'HM_SHA_256_DW01_add_148', port 'CI' is not connected to any nets. (LINT-28)
Warning: In design 'HM_SHA_256_DW01_add_148', port 'CO' is not connected to any nets. (LINT-28)
Warning: In design 'HM_SHA_256_DW01_add_149', port 'CI' is not connected to any nets. (LINT-28)
Warning: In design 'HM_SHA_256_DW01_add_149', port 'CO' is not connected to any nets. (LINT-28)
Warning: In design 'HM_SHA_256_DW01_add_150', port 'CI' is not connected to any nets. (LINT-28)
Warning: In design 'HM_SHA_256_DW01_add_150', port 'CO' is not connected to any nets. (LINT-28)
Warning: In design 'HM_SHA_256_DW01_add_151', port 'CI' is not connected to any nets. (LINT-28)
Warning: In design 'HM_SHA_256_DW01_add_151', port 'CO' is not connected to any nets. (LINT-28)
Warning: In design 'HM_SHA_256_DW01_add_152', port 'CI' is not connected to any nets. (LINT-28)
Warning: In design 'HM_SHA_256_DW01_add_152', port 'CO' is not connected to any nets. (LINT-28)
Warning: In design 'HM_SHA_256_DW01_add_153', port 'CI' is not connected to any nets. (LINT-28)
Warning: In design 'HM_SHA_256_DW01_add_153', port 'CO' is not connected to any nets. (LINT-28)
Warning: In design 'HM_SHA_256_DW01_add_154', port 'CI' is not connected to any nets. (LINT-28)
Warning: In design 'HM_SHA_256_DW01_add_154', port 'CO' is not connected to any nets. (LINT-28)
Warning: In design 'HM_SHA_256_DW01_add_155', port 'CI' is not connected to any nets. (LINT-28)
Warning: In design 'HM_SHA_256_DW01_add_155', port 'CO' is not connected to any nets. (LINT-28)
Warning: In design 'HM_SHA_256_DW01_add_156', port 'CI' is not connected to any nets. (LINT-28)
Warning: In design 'HM_SHA_256_DW01_add_156', port 'CO' is not connected to any nets. (LINT-28)
Warning: In design 'HM_SHA_256_DW01_add_157', port 'CI' is not connected to any nets. (LINT-28)
Warning: In design 'HM_SHA_256_DW01_add_157', port 'CO' is not connected to any nets. (LINT-28)
Warning: In design 'HM_SHA_256_DW01_add_158', port 'CI' is not connected to any nets. (LINT-28)
Warning: In design 'HM_SHA_256_DW01_add_158', port 'CO' is not connected to any nets. (LINT-28)
Warning: In design 'HM_SHA_256', a pin on submodule 'add_192_8' is connected to logic 1 or logic 0. (LINT-32)
   Pin 'CI' is connected to logic 0. 
Warning: In design 'HM_SHA_256', a pin on submodule 'add_192_7' is connected to logic 1 or logic 0. (LINT-32)
   Pin 'CI' is connected to logic 0. 
Warning: In design 'HM_SHA_256', a pin on submodule 'add_192_6' is connected to logic 1 or logic 0. (LINT-32)
   Pin 'CI' is connected to logic 0. 
Warning: In design 'HM_SHA_256', a pin on submodule 'add_192_5' is connected to logic 1 or logic 0. (LINT-32)
   Pin 'CI' is connected to logic 0. 
Warning: In design 'HM_SHA_256', a pin on submodule 'add_192_4' is connected to logic 1 or logic 0. (LINT-32)
   Pin 'CI' is connected to logic 0. 
Warning: In design 'HM_SHA_256', a pin on submodule 'add_192_2' is connected to logic 1 or logic 0. (LINT-32)
   Pin 'CI' is connected to logic 0. 
Warning: In design 'HM_SHA_256', a pin on submodule 'add_192' is connected to logic 1 or logic 0. (LINT-32)
   Pin 'CI' is connected to logic 0. 
Warning: In design 'HM_SHA_256', a pin on submodule 'add_0_root_add_184' is connected to logic 1 or logic 0. (LINT-32)
   Pin 'CI' is connected to logic 0. 
Warning: In design 'HM_SHA_256', a pin on submodule 'add_180' is connected to logic 1 or logic 0. (LINT-32)
   Pin 'CI' is connected to logic 0. 
Warning: In design 'HM_SHA_256', a pin on submodule 'add_1_root_add_184' is connected to logic 1 or logic 0. (LINT-32)
   Pin 'CI' is connected to logic 0. 
Warning: In design 'HM_SHA_256', a pin on submodule 'add_0_root_add_171_4' is connected to logic 1 or logic 0. (LINT-32)
   Pin 'CI' is connected to logic 0. 
Warning: In design 'HM_SHA_256', a pin on submodule 'add_1_root_add_171_4' is connected to logic 1 or logic 0. (LINT-32)
   Pin 'CI' is connected to logic 0. 
Warning: In design 'HM_SHA_256', a pin on submodule 'add_2_root_add_171_4' is connected to logic 1 or logic 0. (LINT-32)
   Pin 'CI' is connected to logic 0. 
Warning: In design 'HM_SHA_256', a pin on submodule 'add_3_root_add_171_4' is connected to logic 1 or logic 0. (LINT-32)
   Pin 'CI' is connected to logic 0. 
Warning: In design 'HM_SHA_256', a pin on submodule 'add_0_root_add_134_3_I48' is connected to logic 1 or logic 0. (LINT-32)
   Pin 'CI' is connected to logic 0. 
Warning: In design 'HM_SHA_256', a pin on submodule 'add_1_root_add_134_3_I48' is connected to logic 1 or logic 0. (LINT-32)
   Pin 'CI' is connected to logic 0. 
Warning: In design 'HM_SHA_256', a pin on submodule 'add_2_root_add_134_3_I48' is connected to logic 1 or logic 0. (LINT-32)
   Pin 'CI' is connected to logic 0. 
Warning: In design 'HM_SHA_256', a pin on submodule 'add_0_root_add_134_3_I47' is connected to logic 1 or logic 0. (LINT-32)
   Pin 'CI' is connected to logic 0. 
Warning: In design 'HM_SHA_256', a pin on submodule 'add_1_root_add_134_3_I47' is connected to logic 1 or logic 0. (LINT-32)
   Pin 'CI' is connected to logic 0. 
Warning: In design 'HM_SHA_256', a pin on submodule 'add_2_root_add_134_3_I47' is connected to logic 1 or logic 0. (LINT-32)
   Pin 'CI' is connected to logic 0. 
Warning: In design 'HM_SHA_256', a pin on submodule 'add_0_root_add_134_3_I46' is connected to logic 1 or logic 0. (LINT-32)
   Pin 'CI' is connected to logic 0. 
Warning: In design 'HM_SHA_256', a pin on submodule 'add_1_root_add_134_3_I46' is connected to logic 1 or logic 0. (LINT-32)
   Pin 'CI' is connected to logic 0. 
Warning: In design 'HM_SHA_256', a pin on submodule 'add_2_root_add_134_3_I46' is connected to logic 1 or logic 0. (LINT-32)
   Pin 'CI' is connected to logic 0. 
Warning: In design 'HM_SHA_256', a pin on submodule 'add_0_root_add_134_3_I45' is connected to logic 1 or logic 0. (LINT-32)
   Pin 'CI' is connected to logic 0. 
Warning: In design 'HM_SHA_256', a pin on submodule 'add_1_root_add_134_3_I45' is connected to logic 1 or logic 0. (LINT-32)
   Pin 'CI' is connected to logic 0. 
Warning: In design 'HM_SHA_256', a pin on submodule 'add_2_root_add_134_3_I45' is connected to logic 1 or logic 0. (LINT-32)
   Pin 'CI' is connected to logic 0. 
Warning: In design 'HM_SHA_256', a pin on submodule 'add_0_root_add_134_3_I44' is connected to logic 1 or logic 0. (LINT-32)
   Pin 'CI' is connected to logic 0. 
Warning: In design 'HM_SHA_256', a pin on submodule 'add_1_root_add_134_3_I44' is connected to logic 1 or logic 0. (LINT-32)
   Pin 'CI' is connected to logic 0. 
Warning: In design 'HM_SHA_256', a pin on submodule 'add_2_root_add_134_3_I44' is connected to logic 1 or logic 0. (LINT-32)
   Pin 'CI' is connected to logic 0. 
Warning: In design 'HM_SHA_256', a pin on submodule 'add_0_root_add_134_3_I43' is connected to logic 1 or logic 0. (LINT-32)
   Pin 'CI' is connected to logic 0. 
Warning: In design 'HM_SHA_256', a pin on submodule 'add_1_root_add_134_3_I43' is connected to logic 1 or logic 0. (LINT-32)
   Pin 'CI' is connected to logic 0. 
Warning: In design 'HM_SHA_256', a pin on submodule 'add_2_root_add_134_3_I43' is connected to logic 1 or logic 0. (LINT-32)
   Pin 'CI' is connected to logic 0. 
Warning: In design 'HM_SHA_256', a pin on submodule 'add_0_root_add_134_3_I42' is connected to logic 1 or logic 0. (LINT-32)
   Pin 'CI' is connected to logic 0. 
Warning: In design 'HM_SHA_256', a pin on submodule 'add_1_root_add_134_3_I42' is connected to logic 1 or logic 0. (LINT-32)
   Pin 'CI' is connected to logic 0. 
Warning: In design 'HM_SHA_256', a pin on submodule 'add_2_root_add_134_3_I42' is connected to logic 1 or logic 0. (LINT-32)
   Pin 'CI' is connected to logic 0. 
Warning: In design 'HM_SHA_256', a pin on submodule 'add_0_root_add_134_3_I41' is connected to logic 1 or logic 0. (LINT-32)
   Pin 'CI' is connected to logic 0. 
Warning: In design 'HM_SHA_256', a pin on submodule 'add_1_root_add_134_3_I41' is connected to logic 1 or logic 0. (LINT-32)
   Pin 'CI' is connected to logic 0. 
Warning: In design 'HM_SHA_256', a pin on submodule 'add_2_root_add_134_3_I41' is connected to logic 1 or logic 0. (LINT-32)
   Pin 'CI' is connected to logic 0. 
Warning: In design 'HM_SHA_256', a pin on submodule 'add_0_root_add_134_3_I40' is connected to logic 1 or logic 0. (LINT-32)
   Pin 'CI' is connected to logic 0. 
Warning: In design 'HM_SHA_256', a pin on submodule 'add_1_root_add_134_3_I40' is connected to logic 1 or logic 0. (LINT-32)
   Pin 'CI' is connected to logic 0. 
Warning: In design 'HM_SHA_256', a pin on submodule 'add_2_root_add_134_3_I40' is connected to logic 1 or logic 0. (LINT-32)
   Pin 'CI' is connected to logic 0. 
Warning: In design 'HM_SHA_256', a pin on submodule 'add_0_root_add_134_3_I39' is connected to logic 1 or logic 0. (LINT-32)
   Pin 'CI' is connected to logic 0. 
Warning: In design 'HM_SHA_256', a pin on submodule 'add_1_root_add_134_3_I39' is connected to logic 1 or logic 0. (LINT-32)
   Pin 'CI' is connected to logic 0. 
Warning: In design 'HM_SHA_256', a pin on submodule 'add_2_root_add_134_3_I39' is connected to logic 1 or logic 0. (LINT-32)
   Pin 'CI' is connected to logic 0. 
Warning: In design 'HM_SHA_256', a pin on submodule 'add_0_root_add_134_3_I38' is connected to logic 1 or logic 0. (LINT-32)
   Pin 'CI' is connected to logic 0. 
Warning: In design 'HM_SHA_256', a pin on submodule 'add_1_root_add_134_3_I38' is connected to logic 1 or logic 0. (LINT-32)
   Pin 'CI' is connected to logic 0. 
Warning: In design 'HM_SHA_256', a pin on submodule 'add_2_root_add_134_3_I38' is connected to logic 1 or logic 0. (LINT-32)
   Pin 'CI' is connected to logic 0. 
Warning: In design 'HM_SHA_256', a pin on submodule 'add_0_root_add_134_3_I37' is connected to logic 1 or logic 0. (LINT-32)
   Pin 'CI' is connected to logic 0. 
Warning: In design 'HM_SHA_256', a pin on submodule 'add_1_root_add_134_3_I37' is connected to logic 1 or logic 0. (LINT-32)
   Pin 'CI' is connected to logic 0. 
Warning: In design 'HM_SHA_256', a pin on submodule 'add_2_root_add_134_3_I37' is connected to logic 1 or logic 0. (LINT-32)
   Pin 'CI' is connected to logic 0. 
Warning: In design 'HM_SHA_256', a pin on submodule 'add_0_root_add_134_3_I36' is connected to logic 1 or logic 0. (LINT-32)
   Pin 'CI' is connected to logic 0. 
Warning: In design 'HM_SHA_256', a pin on submodule 'add_1_root_add_134_3_I36' is connected to logic 1 or logic 0. (LINT-32)
   Pin 'CI' is connected to logic 0. 
Warning: In design 'HM_SHA_256', a pin on submodule 'add_2_root_add_134_3_I36' is connected to logic 1 or logic 0. (LINT-32)
   Pin 'CI' is connected to logic 0. 
Warning: In design 'HM_SHA_256', a pin on submodule 'add_0_root_add_134_3_I35' is connected to logic 1 or logic 0. (LINT-32)
   Pin 'CI' is connected to logic 0. 
Warning: In design 'HM_SHA_256', a pin on submodule 'add_1_root_add_134_3_I35' is connected to logic 1 or logic 0. (LINT-32)
   Pin 'CI' is connected to logic 0. 
Warning: In design 'HM_SHA_256', a pin on submodule 'add_2_root_add_134_3_I35' is connected to logic 1 or logic 0. (LINT-32)
   Pin 'CI' is connected to logic 0. 
Warning: In design 'HM_SHA_256', a pin on submodule 'add_0_root_add_134_3_I34' is connected to logic 1 or logic 0. (LINT-32)
   Pin 'CI' is connected to logic 0. 
Warning: In design 'HM_SHA_256', a pin on submodule 'add_1_root_add_134_3_I34' is connected to logic 1 or logic 0. (LINT-32)
   Pin 'CI' is connected to logic 0. 
Warning: In design 'HM_SHA_256', a pin on submodule 'add_2_root_add_134_3_I34' is connected to logic 1 or logic 0. (LINT-32)
   Pin 'CI' is connected to logic 0. 
Warning: In design 'HM_SHA_256', a pin on submodule 'add_0_root_add_134_3_I33' is connected to logic 1 or logic 0. (LINT-32)
   Pin 'CI' is connected to logic 0. 
Warning: In design 'HM_SHA_256', a pin on submodule 'add_1_root_add_134_3_I33' is connected to logic 1 or logic 0. (LINT-32)
   Pin 'CI' is connected to logic 0. 
Warning: In design 'HM_SHA_256', a pin on submodule 'add_2_root_add_134_3_I33' is connected to logic 1 or logic 0. (LINT-32)
   Pin 'CI' is connected to logic 0. 
Warning: In design 'HM_SHA_256', a pin on submodule 'add_0_root_add_134_3_I32' is connected to logic 1 or logic 0. (LINT-32)
   Pin 'CI' is connected to logic 0. 
Warning: In design 'HM_SHA_256', a pin on submodule 'add_1_root_add_134_3_I32' is connected to logic 1 or logic 0. (LINT-32)
   Pin 'CI' is connected to logic 0. 
Warning: In design 'HM_SHA_256', a pin on submodule 'add_2_root_add_134_3_I32' is connected to logic 1 or logic 0. (LINT-32)
   Pin 'CI' is connected to logic 0. 
Warning: In design 'HM_SHA_256', a pin on submodule 'add_0_root_add_134_3_I31' is connected to logic 1 or logic 0. (LINT-32)
   Pin 'CI' is connected to logic 0. 
Warning: In design 'HM_SHA_256', a pin on submodule 'add_1_root_add_134_3_I31' is connected to logic 1 or logic 0. (LINT-32)
   Pin 'CI' is connected to logic 0. 
Warning: In design 'HM_SHA_256', a pin on submodule 'add_2_root_add_134_3_I31' is connected to logic 1 or logic 0. (LINT-32)
   Pin 'CI' is connected to logic 0. 
Warning: In design 'HM_SHA_256', a pin on submodule 'add_0_root_add_134_3_I30' is connected to logic 1 or logic 0. (LINT-32)
   Pin 'CI' is connected to logic 0. 
Warning: In design 'HM_SHA_256', a pin on submodule 'add_1_root_add_134_3_I30' is connected to logic 1 or logic 0. (LINT-32)
   Pin 'CI' is connected to logic 0. 
Warning: In design 'HM_SHA_256', a pin on submodule 'add_2_root_add_134_3_I30' is connected to logic 1 or logic 0. (LINT-32)
   Pin 'CI' is connected to logic 0. 
Warning: In design 'HM_SHA_256', a pin on submodule 'add_0_root_add_134_3_I29' is connected to logic 1 or logic 0. (LINT-32)
   Pin 'CI' is connected to logic 0. 
Warning: In design 'HM_SHA_256', a pin on submodule 'add_1_root_add_134_3_I29' is connected to logic 1 or logic 0. (LINT-32)
   Pin 'CI' is connected to logic 0. 
Warning: In design 'HM_SHA_256', a pin on submodule 'add_2_root_add_134_3_I29' is connected to logic 1 or logic 0. (LINT-32)
   Pin 'CI' is connected to logic 0. 
Warning: In design 'HM_SHA_256', a pin on submodule 'add_0_root_add_134_3_I28' is connected to logic 1 or logic 0. (LINT-32)
   Pin 'CI' is connected to logic 0. 
Warning: In design 'HM_SHA_256', a pin on submodule 'add_1_root_add_134_3_I28' is connected to logic 1 or logic 0. (LINT-32)
   Pin 'CI' is connected to logic 0. 
Warning: In design 'HM_SHA_256', a pin on submodule 'add_2_root_add_134_3_I28' is connected to logic 1 or logic 0. (LINT-32)
   Pin 'CI' is connected to logic 0. 
Warning: In design 'HM_SHA_256', a pin on submodule 'add_0_root_add_134_3_I27' is connected to logic 1 or logic 0. (LINT-32)
   Pin 'CI' is connected to logic 0. 
Warning: In design 'HM_SHA_256', a pin on submodule 'add_1_root_add_134_3_I27' is connected to logic 1 or logic 0. (LINT-32)
   Pin 'CI' is connected to logic 0. 
Warning: In design 'HM_SHA_256', a pin on submodule 'add_2_root_add_134_3_I27' is connected to logic 1 or logic 0. (LINT-32)
   Pin 'CI' is connected to logic 0. 
Warning: In design 'HM_SHA_256', a pin on submodule 'add_0_root_add_134_3_I26' is connected to logic 1 or logic 0. (LINT-32)
   Pin 'CI' is connected to logic 0. 
Warning: In design 'HM_SHA_256', a pin on submodule 'add_1_root_add_134_3_I26' is connected to logic 1 or logic 0. (LINT-32)
   Pin 'CI' is connected to logic 0. 
Warning: In design 'HM_SHA_256', a pin on submodule 'add_2_root_add_134_3_I26' is connected to logic 1 or logic 0. (LINT-32)
   Pin 'CI' is connected to logic 0. 
Warning: In design 'HM_SHA_256', a pin on submodule 'add_0_root_add_134_3_I25' is connected to logic 1 or logic 0. (LINT-32)
   Pin 'CI' is connected to logic 0. 
Warning: In design 'HM_SHA_256', a pin on submodule 'add_1_root_add_134_3_I25' is connected to logic 1 or logic 0. (LINT-32)
   Pin 'CI' is connected to logic 0. 
Warning: In design 'HM_SHA_256', a pin on submodule 'add_2_root_add_134_3_I25' is connected to logic 1 or logic 0. (LINT-32)
   Pin 'CI' is connected to logic 0. 
Warning: In design 'HM_SHA_256', a pin on submodule 'add_0_root_add_134_3_I24' is connected to logic 1 or logic 0. (LINT-32)
   Pin 'CI' is connected to logic 0. 
Warning: In design 'HM_SHA_256', a pin on submodule 'add_1_root_add_134_3_I24' is connected to logic 1 or logic 0. (LINT-32)
   Pin 'CI' is connected to logic 0. 
Warning: In design 'HM_SHA_256', a pin on submodule 'add_2_root_add_134_3_I24' is connected to logic 1 or logic 0. (LINT-32)
   Pin 'CI' is connected to logic 0. 
Warning: In design 'HM_SHA_256', a pin on submodule 'add_0_root_add_134_3_I23' is connected to logic 1 or logic 0. (LINT-32)
   Pin 'CI' is connected to logic 0. 
Warning: In design 'HM_SHA_256', a pin on submodule 'add_1_root_add_134_3_I23' is connected to logic 1 or logic 0. (LINT-32)
   Pin 'CI' is connected to logic 0. 
Warning: In design 'HM_SHA_256', a pin on submodule 'add_2_root_add_134_3_I23' is connected to logic 1 or logic 0. (LINT-32)
   Pin 'CI' is connected to logic 0. 
Warning: In design 'HM_SHA_256', a pin on submodule 'add_0_root_add_134_3_I22' is connected to logic 1 or logic 0. (LINT-32)
   Pin 'CI' is connected to logic 0. 
Warning: In design 'HM_SHA_256', a pin on submodule 'add_1_root_add_134_3_I22' is connected to logic 1 or logic 0. (LINT-32)
   Pin 'CI' is connected to logic 0. 
Warning: In design 'HM_SHA_256', a pin on submodule 'add_2_root_add_134_3_I22' is connected to logic 1 or logic 0. (LINT-32)
   Pin 'CI' is connected to logic 0. 
Warning: In design 'HM_SHA_256', a pin on submodule 'add_0_root_add_134_3_I21' is connected to logic 1 or logic 0. (LINT-32)
   Pin 'CI' is connected to logic 0. 
Warning: In design 'HM_SHA_256', a pin on submodule 'add_1_root_add_134_3_I21' is connected to logic 1 or logic 0. (LINT-32)
   Pin 'CI' is connected to logic 0. 
Warning: In design 'HM_SHA_256', a pin on submodule 'add_2_root_add_134_3_I21' is connected to logic 1 or logic 0. (LINT-32)
   Pin 'CI' is connected to logic 0. 
Warning: In design 'HM_SHA_256', a pin on submodule 'add_0_root_add_134_3_I20' is connected to logic 1 or logic 0. (LINT-32)
   Pin 'CI' is connected to logic 0. 
Warning: In design 'HM_SHA_256', a pin on submodule 'add_1_root_add_134_3_I20' is connected to logic 1 or logic 0. (LINT-32)
   Pin 'CI' is connected to logic 0. 
Warning: In design 'HM_SHA_256', a pin on submodule 'add_2_root_add_134_3_I20' is connected to logic 1 or logic 0. (LINT-32)
   Pin 'CI' is connected to logic 0. 
Warning: In design 'HM_SHA_256', a pin on submodule 'add_0_root_add_134_3_I19' is connected to logic 1 or logic 0. (LINT-32)
   Pin 'CI' is connected to logic 0. 
Warning: In design 'HM_SHA_256', a pin on submodule 'add_1_root_add_134_3_I19' is connected to logic 1 or logic 0. (LINT-32)
   Pin 'CI' is connected to logic 0. 
Warning: In design 'HM_SHA_256', a pin on submodule 'add_2_root_add_134_3_I19' is connected to logic 1 or logic 0. (LINT-32)
   Pin 'CI' is connected to logic 0. 
Warning: In design 'HM_SHA_256', a pin on submodule 'add_0_root_add_134_3_I18' is connected to logic 1 or logic 0. (LINT-32)
   Pin 'CI' is connected to logic 0. 
Warning: In design 'HM_SHA_256', a pin on submodule 'add_1_root_add_134_3_I18' is connected to logic 1 or logic 0. (LINT-32)
   Pin 'CI' is connected to logic 0. 
Warning: In design 'HM_SHA_256', a pin on submodule 'add_2_root_add_134_3_I18' is connected to logic 1 or logic 0. (LINT-32)
   Pin 'CI' is connected to logic 0. 
Warning: In design 'HM_SHA_256', a pin on submodule 'add_0_root_add_134_3_I17' is connected to logic 1 or logic 0. (LINT-32)
   Pin 'CI' is connected to logic 0. 
Warning: In design 'HM_SHA_256', a pin on submodule 'add_1_root_add_134_3_I17' is connected to logic 1 or logic 0. (LINT-32)
   Pin 'CI' is connected to logic 0. 
Warning: In design 'HM_SHA_256', a pin on submodule 'add_2_root_add_134_3_I17' is connected to logic 1 or logic 0. (LINT-32)
   Pin 'CI' is connected to logic 0. 
Warning: In design 'HM_SHA_256', a pin on submodule 'add_0_root_add_134_3_I16' is connected to logic 1 or logic 0. (LINT-32)
   Pin 'CI' is connected to logic 0. 
Warning: In design 'HM_SHA_256', a pin on submodule 'add_1_root_add_134_3_I16' is connected to logic 1 or logic 0. (LINT-32)
   Pin 'CI' is connected to logic 0. 
Warning: In design 'HM_SHA_256', a pin on submodule 'add_2_root_add_134_3_I16' is connected to logic 1 or logic 0. (LINT-32)
   Pin 'CI' is connected to logic 0. 
Warning: In design 'HM_SHA_256', a pin on submodule 'add_0_root_add_134_3_I15' is connected to logic 1 or logic 0. (LINT-32)
   Pin 'CI' is connected to logic 0. 
Warning: In design 'HM_SHA_256', a pin on submodule 'add_1_root_add_134_3_I15' is connected to logic 1 or logic 0. (LINT-32)
   Pin 'CI' is connected to logic 0. 
Warning: In design 'HM_SHA_256', a pin on submodule 'add_2_root_add_134_3_I15' is connected to logic 1 or logic 0. (LINT-32)
   Pin 'CI' is connected to logic 0. 
Warning: In design 'HM_SHA_256', a pin on submodule 'add_0_root_add_134_3_I14' is connected to logic 1 or logic 0. (LINT-32)
   Pin 'CI' is connected to logic 0. 
Warning: In design 'HM_SHA_256', a pin on submodule 'add_1_root_add_134_3_I14' is connected to logic 1 or logic 0. (LINT-32)
   Pin 'CI' is connected to logic 0. 
Warning: In design 'HM_SHA_256', a pin on submodule 'add_2_root_add_134_3_I14' is connected to logic 1 or logic 0. (LINT-32)
   Pin 'CI' is connected to logic 0. 
Warning: In design 'HM_SHA_256', a pin on submodule 'add_0_root_add_134_3_I13' is connected to logic 1 or logic 0. (LINT-32)
   Pin 'CI' is connected to logic 0. 
Warning: In design 'HM_SHA_256', a pin on submodule 'add_1_root_add_134_3_I13' is connected to logic 1 or logic 0. (LINT-32)
   Pin 'CI' is connected to logic 0. 
Warning: In design 'HM_SHA_256', a pin on submodule 'add_2_root_add_134_3_I13' is connected to logic 1 or logic 0. (LINT-32)
   Pin 'CI' is connected to logic 0. 
Warning: In design 'HM_SHA_256', a pin on submodule 'add_0_root_add_134_3_I12' is connected to logic 1 or logic 0. (LINT-32)
   Pin 'CI' is connected to logic 0. 
Warning: In design 'HM_SHA_256', a pin on submodule 'add_1_root_add_134_3_I12' is connected to logic 1 or logic 0. (LINT-32)
   Pin 'CI' is connected to logic 0. 
Warning: In design 'HM_SHA_256', a pin on submodule 'add_2_root_add_134_3_I12' is connected to logic 1 or logic 0. (LINT-32)
   Pin 'CI' is connected to logic 0. 
Warning: In design 'HM_SHA_256', a pin on submodule 'add_0_root_add_134_3_I11' is connected to logic 1 or logic 0. (LINT-32)
   Pin 'CI' is connected to logic 0. 
Warning: In design 'HM_SHA_256', a pin on submodule 'add_1_root_add_134_3_I11' is connected to logic 1 or logic 0. (LINT-32)
   Pin 'CI' is connected to logic 0. 
Warning: In design 'HM_SHA_256', a pin on submodule 'add_2_root_add_134_3_I11' is connected to logic 1 or logic 0. (LINT-32)
   Pin 'CI' is connected to logic 0. 
Warning: In design 'HM_SHA_256', a pin on submodule 'add_0_root_add_134_3_I10' is connected to logic 1 or logic 0. (LINT-32)
   Pin 'CI' is connected to logic 0. 
Warning: In design 'HM_SHA_256', a pin on submodule 'add_1_root_add_134_3_I10' is connected to logic 1 or logic 0. (LINT-32)
   Pin 'CI' is connected to logic 0. 
Warning: In design 'HM_SHA_256', a pin on submodule 'add_2_root_add_134_3_I10' is connected to logic 1 or logic 0. (LINT-32)
   Pin 'CI' is connected to logic 0. 
Warning: In design 'HM_SHA_256', a pin on submodule 'add_0_root_add_134_3_I9' is connected to logic 1 or logic 0. (LINT-32)
   Pin 'CI' is connected to logic 0. 
Warning: In design 'HM_SHA_256', a pin on submodule 'add_1_root_add_134_3_I9' is connected to logic 1 or logic 0. (LINT-32)
   Pin 'CI' is connected to logic 0. 
Warning: In design 'HM_SHA_256', a pin on submodule 'add_2_root_add_134_3_I9' is connected to logic 1 or logic 0. (LINT-32)
   Pin 'CI' is connected to logic 0. 
Warning: In design 'HM_SHA_256', a pin on submodule 'add_0_root_add_134_3_I8' is connected to logic 1 or logic 0. (LINT-32)
   Pin 'CI' is connected to logic 0. 
Warning: In design 'HM_SHA_256', a pin on submodule 'add_1_root_add_134_3_I8' is connected to logic 1 or logic 0. (LINT-32)
   Pin 'CI' is connected to logic 0. 
Warning: In design 'HM_SHA_256', a pin on submodule 'add_2_root_add_134_3_I8' is connected to logic 1 or logic 0. (LINT-32)
   Pin 'CI' is connected to logic 0. 
Warning: In design 'HM_SHA_256', a pin on submodule 'add_0_root_add_134_3_I7' is connected to logic 1 or logic 0. (LINT-32)
   Pin 'CI' is connected to logic 0. 
Warning: In design 'HM_SHA_256', a pin on submodule 'add_1_root_add_134_3_I7' is connected to logic 1 or logic 0. (LINT-32)
   Pin 'CI' is connected to logic 0. 
Warning: In design 'HM_SHA_256', a pin on submodule 'add_2_root_add_134_3_I7' is connected to logic 1 or logic 0. (LINT-32)
   Pin 'CI' is connected to logic 0. 
Warning: In design 'HM_SHA_256', a pin on submodule 'add_0_root_add_134_3_I6' is connected to logic 1 or logic 0. (LINT-32)
   Pin 'CI' is connected to logic 0. 
Warning: In design 'HM_SHA_256', a pin on submodule 'add_1_root_add_134_3_I6' is connected to logic 1 or logic 0. (LINT-32)
   Pin 'CI' is connected to logic 0. 
Warning: In design 'HM_SHA_256', a pin on submodule 'add_2_root_add_134_3_I6' is connected to logic 1 or logic 0. (LINT-32)
   Pin 'CI' is connected to logic 0. 
Warning: In design 'HM_SHA_256', a pin on submodule 'add_0_root_add_134_3_I5' is connected to logic 1 or logic 0. (LINT-32)
   Pin 'CI' is connected to logic 0. 
Warning: In design 'HM_SHA_256', a pin on submodule 'add_1_root_add_134_3_I5' is connected to logic 1 or logic 0. (LINT-32)
   Pin 'CI' is connected to logic 0. 
Warning: In design 'HM_SHA_256', a pin on submodule 'add_2_root_add_134_3_I5' is connected to logic 1 or logic 0. (LINT-32)
   Pin 'CI' is connected to logic 0. 
Warning: In design 'HM_SHA_256', a pin on submodule 'add_0_root_add_134_3_I4' is connected to logic 1 or logic 0. (LINT-32)
   Pin 'CI' is connected to logic 0. 
Warning: In design 'HM_SHA_256', a pin on submodule 'add_1_root_add_134_3_I4' is connected to logic 1 or logic 0. (LINT-32)
   Pin 'CI' is connected to logic 0. 
Warning: In design 'HM_SHA_256', a pin on submodule 'add_2_root_add_134_3_I4' is connected to logic 1 or logic 0. (LINT-32)
   Pin 'CI' is connected to logic 0. 
Warning: In design 'HM_SHA_256', a pin on submodule 'add_0_root_add_134_3_I3' is connected to logic 1 or logic 0. (LINT-32)
   Pin 'CI' is connected to logic 0. 
Warning: In design 'HM_SHA_256', a pin on submodule 'add_1_root_add_134_3_I3' is connected to logic 1 or logic 0. (LINT-32)
   Pin 'CI' is connected to logic 0. 
Warning: In design 'HM_SHA_256', a pin on submodule 'add_2_root_add_134_3_I3' is connected to logic 1 or logic 0. (LINT-32)
   Pin 'CI' is connected to logic 0. 
Warning: In design 'HM_SHA_256', a pin on submodule 'add_0_root_add_134_3_I2' is connected to logic 1 or logic 0. (LINT-32)
   Pin 'CI' is connected to logic 0. 
Warning: In design 'HM_SHA_256', a pin on submodule 'add_1_root_add_134_3_I2' is connected to logic 1 or logic 0. (LINT-32)
   Pin 'CI' is connected to logic 0. 
Warning: In design 'HM_SHA_256', a pin on submodule 'add_2_root_add_134_3_I2' is connected to logic 1 or logic 0. (LINT-32)
   Pin 'CI' is connected to logic 0. 
Warning: In design 'HM_SHA_256', a pin on submodule 'add_0_root_add_134_3' is connected to logic 1 or logic 0. (LINT-32)
   Pin 'CI' is connected to logic 0. 
Warning: In design 'HM_SHA_256', a pin on submodule 'add_1_root_add_134_3' is connected to logic 1 or logic 0. (LINT-32)
   Pin 'CI' is connected to logic 0. 
Warning: In design 'HM_SHA_256', a pin on submodule 'add_2_root_add_134_3' is connected to logic 1 or logic 0. (LINT-32)
   Pin 'CI' is connected to logic 0. 
Warning: In design 'HM_SHA_256', a pin on submodule 'add_192_3' is connected to logic 1 or logic 0. (LINT-32)
   Pin 'CI' is connected to logic 0. 
quit

Thank you...
Done


