Synthesizing design: HM_top_level.sv
dc_shell-t -x "source -echo do_mapping.tcl"
                                        
                           Design Compiler Graphical 
                                 DC Ultra (TM)
                                  DFTMAX (TM)
                              Power Compiler (TM)
                                 DesignWare (R)
                                 DC Expert (TM)
                               Design Vision (TM)
                               HDL Compiler (TM)
                               VHDL Compiler (TM)
                                  DFT Compiler
                               Design Compiler(R)
                                        
               Version K-2015.06-SP1 for linux64 - Jul 21, 2015 
                                        
                    Copyright (c) 1988 - 2015 Synopsys, Inc.
   This software and the associated documentation are proprietary to Synopsys,
 Inc. This software may only be used in accordance with the terms and conditions
 of a written license agreement with Synopsys, Inc. All other use, reproduction,
            or distribution of this software is strictly prohibited.
Initializing...
Initializing gui preferences from file  /home/ecegrid/a/mg138/.synopsys_dv_prefs.tcl
# Step 1:  Read in the source file
analyze -format sverilog -lib WORK {HM_timer.sv HM_check_hash.sv HM_controller.sv HM_hash_selection.sv HM_SHA_256.sv HM_bus_select.sv PD_block_storage.sv flex_counter.sv flex_pts_sr.sv flex_stp_sr.sv rightrotate.sv flex_counter_fix.sv HM_top_level.sv}
Running PRESTO HDLC
Compiling source file ./source/HM_timer.sv
Compiling source file ./source/HM_check_hash.sv
Compiling source file ./source/HM_controller.sv
Compiling source file ./source/HM_hash_selection.sv
Compiling source file ./source/HM_SHA_256.sv
Compiling source file ./source/HM_bus_select.sv
Compiling source file ./source/PD_block_storage.sv
Warning:  ./source/PD_block_storage.sv:39: The construct 'immediate assertion' is not supported in synthesis; it is ignored. (VER-708)
Compiling source file ./source/flex_counter.sv
Compiling source file ./source/flex_pts_sr.sv
Compiling source file ./source/flex_stp_sr.sv
Compiling source file ./source/rightrotate.sv
Compiling source file ./source/flex_counter_fix.sv
Compiling source file ./source/HM_top_level.sv
Presto compilation completed successfully.
Loading db file '/package/eda/cells/OSU/v2.7/synopsys/lib/ami05/osu05_stdcells.db'
Loading db file '/package/eda/synopsys/syn-K-2015.06-SP1/libraries/syn/dw_foundation.sldb'
elaborate HM_top_level -lib WORK
Loading db file '/package/eda/synopsys/syn-K-2015.06-SP1/libraries/syn/gtech.db'
Loading db file '/package/eda/synopsys/syn-K-2015.06-SP1/libraries/syn/standard.sldb'
  Loading link library 'osu05_stdcells'
  Loading link library 'gtech'
Running PRESTO HDLC
Presto compilation completed successfully.
Elaborated 1 design.
Current design is now 'HM_top_level'.
Information: Building the design 'HM_hash_selection' instantiated from design 'HM_top_level' with
	the parameters "0". (HDL-193)
Presto compilation completed successfully.
Information: Building the design 'HM_controller'. (HDL-193)

Statistics for case statements in always block at line 32 in file
	'./source/HM_controller.sv'
===============================================
|           Line           |  full/ parallel  |
===============================================
|            43            |     no/auto      |
===============================================

Inferred memory devices in process
	in routine HM_controller line 22 in file
		'./source/HM_controller.sv'.
===============================================================================
|    Register Name    |   Type    | Width | Bus | MB | AR | AS | SR | SS | ST |
===============================================================================
|    currState_reg    | Flip-flop |   4   |  Y  | N  | Y  | N  | N  | N  | N  |
===============================================================================
Presto compilation completed successfully.
Information: Building the design 'HM_check_hash'. (HDL-193)
Presto compilation completed successfully.
Information: Building the design 'HM_bus_select'. (HDL-193)

Inferred tri-state devices in process
	in routine HM_bus_select line 15 in file
		'./source/HM_bus_select.sv'.
==================================================
| Register Name  |       Type       | Width | MB |
==================================================
| valid_hash_tri | Tri-State Buffer |  256  | N  |
==================================================
Presto compilation completed successfully.
Information: Building the design 'HM_SHA_256'. (HDL-193)
Warning:  ./source/HM_SHA_256.sv:125: signed to unsigned conversion occurs. (VER-318)
Warning:  ./source/HM_SHA_256.sv:144: signed to unsigned conversion occurs. (VER-318)

Inferred memory devices in process
	in routine HM_SHA_256 line 85 in file
		'./source/HM_SHA_256.sv'.
===============================================================================
|    Register Name    |   Type    | Width | Bus | MB | AR | AS | SR | SS | ST |
===============================================================================
|        g_reg        | Flip-flop |  32   |  Y  | N  | Y  | N  | N  | N  | N  |
|        h_reg        | Flip-flop |  32   |  Y  | N  | Y  | N  | N  | N  | N  |
|        a_reg        | Flip-flop |  32   |  Y  | N  | Y  | N  | N  | N  | N  |
|        b_reg        | Flip-flop |  32   |  Y  | N  | Y  | N  | N  | N  | N  |
|        c_reg        | Flip-flop |  32   |  Y  | N  | Y  | N  | N  | N  | N  |
|        d_reg        | Flip-flop |  32   |  Y  | N  | Y  | N  | N  | N  | N  |
|        e_reg        | Flip-flop |  32   |  Y  | N  | Y  | N  | N  | N  | N  |
|        f_reg        | Flip-flop |  32   |  Y  | N  | Y  | N  | N  | N  | N  |
===============================================================================

Inferred memory devices in process
	in routine HM_SHA_256 line 105 in file
		'./source/HM_SHA_256.sv'.
===============================================================================
|    Register Name    |   Type    | Width | Bus | MB | AR | AS | SR | SS | ST |
===============================================================================
|        w_reg        | Flip-flop | 1536  |  Y  | N  | Y  | N  | N  | N  | N  |
===============================================================================

Inferred memory devices in process
	in routine HM_SHA_256 line 112 in file
		'./source/HM_SHA_256.sv'.
===============================================================================
|    Register Name    |   Type    | Width | Bus | MB | AR | AS | SR | SS | ST |
===============================================================================
|    out_hash_reg     | Flip-flop |  256  |  Y  | N  | Y  | N  | N  | N  | N  |
===============================================================================
Presto compilation completed successfully.
Information: Building the design 'HM_timer'. (HDL-193)
Presto compilation completed successfully.
Information: Building the design 'flex_counter_fix' instantiated from design 'HM_timer' with
	the parameters "7". (HDL-193)

Inferred memory devices in process
	in routine flex_counter_fix_NUM_CNT_BITS7 line 30 in file
		'./source/flex_counter_fix.sv'.
===============================================================================
|    Register Name    |   Type    | Width | Bus | MB | AR | AS | SR | SS | ST |
===============================================================================
|  rollover_reg_reg   | Flip-flop |   1   |  N  | N  | Y  | N  | N  | N  | N  |
|    count_reg_reg    | Flip-flop |   7   |  Y  | N  | Y  | N  | N  | N  | N  |
===============================================================================
Presto compilation completed successfully.
uniquify
# Step 2: Set design constraints
# Uncomment below to set timing, area, power, etc. constraints
# set_max_delay <delay> -from "<input>" -to "<output>"
# set_max_area <area>
# set_max_total_power <power> mW
create_clock "clk" -name "clk" -period 10
# Step 3: Compile the design
compile -map_effort medium
Information: Checking out the license 'DesignWare'. (SEC-104)
Information: Evaluating DesignWare library utilization. (UISN-27)

============================================================================
| DesignWare Building Block Library  |         Version         | Available |
============================================================================
| Basic DW Building Blocks           | K-2015.06-DWBB_201506.1 |     *     |
| Licensed DW Building Blocks        | K-2015.06-DWBB_201506.1 |     *     |
============================================================================


Information: There are 61 potential problems in your design. Please run 'check_design' for more information. (LINT-99)



  Beginning Pass 1 Mapping
  ------------------------
  Processing 'flex_counter_fix_NUM_CNT_BITS7'
Information: Added key list 'DesignWare' to design 'flex_counter_fix_NUM_CNT_BITS7'. (DDB-72)
  Processing 'HM_timer'
  Processing 'HM_SHA_256'
Information: Added key list 'DesignWare' to design 'HM_SHA_256'. (DDB-72)
  Processing 'HM_bus_select'
  Processing 'HM_check_hash'
  Processing 'HM_controller'
  Processing 'HM_hash_selection_MODULE_NUM0'
  Processing 'HM_top_level'

  Updating timing information
Information: Updating design information... (UID-85)

  Beginning Implementation Selection
  ----------------------------------
  Processing 'flex_counter_fix_NUM_CNT_BITS7_DW01_inc_0'
  Processing 'HM_SHA_256_DW01_add_0'
  Processing 'HM_SHA_256_DW01_add_1'
  Processing 'HM_SHA_256_DW01_add_2'
  Processing 'HM_SHA_256_DW01_add_3'
  Processing 'HM_SHA_256_DW01_add_4'
  Processing 'HM_SHA_256_DW01_add_5'
  Processing 'HM_SHA_256_DW01_add_6'
  Processing 'HM_SHA_256_DW01_add_7'
  Processing 'HM_SHA_256_DW01_add_8'
  Processing 'HM_SHA_256_DW01_add_9'
  Mapping 'HM_check_hash_DW_cmp_0'
  Processing 'HM_SHA_256_DW01_add_10'
  Processing 'HM_SHA_256_DW01_add_11'
  Processing 'HM_SHA_256_DW01_add_12'
  Processing 'HM_SHA_256_DW01_add_13'
  Processing 'HM_SHA_256_DW01_add_14'
  Processing 'HM_SHA_256_DW01_add_15'
  Processing 'HM_SHA_256_DW01_add_16'
  Processing 'HM_SHA_256_DW01_add_17'
  Processing 'HM_SHA_256_DW01_add_18'
  Processing 'HM_SHA_256_DW01_add_19'
  Processing 'HM_SHA_256_DW01_add_20'
  Processing 'HM_SHA_256_DW01_add_21'
  Processing 'HM_SHA_256_DW01_add_22'
  Processing 'HM_SHA_256_DW01_add_23'
  Processing 'HM_SHA_256_DW01_add_24'
  Processing 'HM_SHA_256_DW01_add_25'
  Processing 'HM_SHA_256_DW01_add_26'
  Processing 'HM_SHA_256_DW01_add_27'
  Processing 'HM_SHA_256_DW01_add_28'
  Processing 'HM_SHA_256_DW01_add_29'
  Processing 'HM_SHA_256_DW01_add_30'
  Processing 'HM_SHA_256_DW01_add_31'
  Processing 'HM_SHA_256_DW01_add_32'
  Processing 'HM_SHA_256_DW01_add_33'
  Processing 'HM_SHA_256_DW01_add_34'
  Processing 'HM_SHA_256_DW01_add_35'
  Processing 'HM_SHA_256_DW01_add_36'
  Processing 'HM_SHA_256_DW01_add_37'
  Processing 'HM_SHA_256_DW01_add_38'
  Processing 'HM_SHA_256_DW01_add_39'
  Processing 'HM_SHA_256_DW01_add_40'
  Processing 'HM_SHA_256_DW01_add_41'
  Processing 'HM_SHA_256_DW01_add_42'
  Processing 'HM_SHA_256_DW01_add_43'
  Processing 'HM_SHA_256_DW01_add_44'
  Processing 'HM_SHA_256_DW01_add_45'
  Processing 'HM_SHA_256_DW01_add_46'
  Processing 'HM_SHA_256_DW01_add_47'
  Processing 'HM_SHA_256_DW01_add_48'
  Processing 'HM_SHA_256_DW01_add_49'
  Processing 'HM_SHA_256_DW01_add_50'
  Processing 'HM_SHA_256_DW01_add_51'
  Processing 'HM_SHA_256_DW01_add_52'
  Processing 'HM_SHA_256_DW01_add_53'
  Processing 'HM_SHA_256_DW01_add_54'
  Processing 'HM_SHA_256_DW01_add_55'
  Processing 'HM_SHA_256_DW01_add_56'
  Processing 'HM_SHA_256_DW01_add_57'
  Processing 'HM_SHA_256_DW01_add_58'
  Processing 'HM_SHA_256_DW01_add_59'
  Processing 'HM_SHA_256_DW01_add_60'
  Processing 'HM_SHA_256_DW01_add_61'
  Processing 'HM_SHA_256_DW01_add_62'
  Processing 'HM_SHA_256_DW01_add_63'
  Processing 'HM_SHA_256_DW01_add_64'
  Processing 'HM_SHA_256_DW01_add_65'
  Processing 'HM_SHA_256_DW01_add_66'
  Processing 'HM_SHA_256_DW01_add_67'
  Processing 'HM_SHA_256_DW01_add_68'
  Processing 'HM_SHA_256_DW01_add_69'
  Processing 'HM_SHA_256_DW01_add_70'
  Processing 'HM_SHA_256_DW01_add_71'
  Processing 'HM_SHA_256_DW01_add_72'
  Processing 'HM_SHA_256_DW01_add_73'
  Processing 'HM_SHA_256_DW01_add_74'
  Processing 'HM_SHA_256_DW01_add_75'
  Processing 'HM_SHA_256_DW01_add_76'
  Processing 'HM_SHA_256_DW01_add_77'
  Processing 'HM_SHA_256_DW01_add_78'
  Processing 'HM_SHA_256_DW01_add_79'
  Processing 'HM_SHA_256_DW01_add_80'
  Processing 'HM_SHA_256_DW01_add_81'
  Processing 'HM_SHA_256_DW01_add_82'
  Processing 'HM_SHA_256_DW01_add_83'
  Processing 'HM_SHA_256_DW01_add_84'
  Processing 'HM_SHA_256_DW01_add_85'
  Processing 'HM_SHA_256_DW01_add_86'
  Processing 'HM_SHA_256_DW01_add_87'
  Processing 'HM_SHA_256_DW01_add_88'
  Processing 'HM_SHA_256_DW01_add_89'
  Processing 'HM_SHA_256_DW01_add_90'
  Processing 'HM_SHA_256_DW01_add_91'
  Processing 'HM_SHA_256_DW01_add_92'
  Processing 'HM_SHA_256_DW01_add_93'
  Processing 'HM_SHA_256_DW01_add_94'
  Processing 'HM_SHA_256_DW01_add_95'
  Processing 'HM_SHA_256_DW01_add_96'
  Processing 'HM_SHA_256_DW01_add_97'
  Processing 'HM_SHA_256_DW01_add_98'
  Processing 'HM_SHA_256_DW01_add_99'
  Processing 'HM_SHA_256_DW01_add_100'
  Processing 'HM_SHA_256_DW01_add_101'
  Processing 'HM_SHA_256_DW01_add_102'
  Processing 'HM_SHA_256_DW01_add_103'
  Processing 'HM_SHA_256_DW01_add_104'
  Processing 'HM_SHA_256_DW01_add_105'
  Processing 'HM_SHA_256_DW01_add_106'
  Processing 'HM_SHA_256_DW01_add_107'
  Processing 'HM_SHA_256_DW01_add_108'
  Processing 'HM_SHA_256_DW01_add_109'
  Processing 'HM_SHA_256_DW01_add_110'
  Processing 'HM_SHA_256_DW01_add_111'
  Processing 'HM_SHA_256_DW01_add_112'
  Processing 'HM_SHA_256_DW01_add_113'
  Processing 'HM_SHA_256_DW01_add_114'
  Processing 'HM_SHA_256_DW01_add_115'
  Processing 'HM_SHA_256_DW01_add_116'
  Processing 'HM_SHA_256_DW01_add_117'
  Processing 'HM_SHA_256_DW01_add_118'
  Processing 'HM_SHA_256_DW01_add_119'
  Processing 'HM_SHA_256_DW01_add_120'
  Processing 'HM_SHA_256_DW01_add_121'
  Processing 'HM_SHA_256_DW01_add_122'
  Processing 'HM_SHA_256_DW01_add_123'
  Processing 'HM_SHA_256_DW01_add_124'
  Processing 'HM_SHA_256_DW01_add_125'
  Processing 'HM_SHA_256_DW01_add_126'
  Processing 'HM_SHA_256_DW01_add_127'
  Processing 'HM_SHA_256_DW01_add_128'
  Processing 'HM_SHA_256_DW01_add_129'
  Processing 'HM_SHA_256_DW01_add_130'
  Processing 'HM_SHA_256_DW01_add_131'
  Processing 'HM_SHA_256_DW01_add_132'
  Processing 'HM_SHA_256_DW01_add_133'
  Processing 'HM_SHA_256_DW01_add_134'
  Processing 'HM_SHA_256_DW01_add_135'
  Processing 'HM_SHA_256_DW01_add_136'
  Processing 'HM_SHA_256_DW01_add_137'
  Processing 'HM_SHA_256_DW01_add_138'
  Processing 'HM_SHA_256_DW01_add_139'
  Processing 'HM_SHA_256_DW01_add_140'
  Processing 'HM_SHA_256_DW01_add_141'
  Processing 'HM_SHA_256_DW01_add_142'
  Processing 'HM_SHA_256_DW01_add_143'
  Processing 'HM_SHA_256_DW01_add_144'
  Processing 'HM_SHA_256_DW01_add_145'
  Processing 'HM_SHA_256_DW01_add_146'
  Processing 'HM_SHA_256_DW01_add_147'
  Processing 'HM_SHA_256_DW01_add_148'
  Processing 'HM_SHA_256_DW01_add_149'
  Processing 'HM_SHA_256_DW01_add_150'
  Processing 'HM_SHA_256_DW01_add_151'
  Processing 'HM_SHA_256_DW01_add_152'
  Processing 'HM_SHA_256_DW01_add_153'
  Processing 'HM_SHA_256_DW01_add_154'
  Processing 'HM_SHA_256_DW01_add_155'
  Processing 'HM_SHA_256_DW01_add_156'
  Processing 'HM_SHA_256_DW01_add_157'
  Processing 'HM_SHA_256_DW01_add_158'
  Processing 'HM_SHA_256_DW01_add_159'

  Beginning Mapping Optimizations  (Medium effort)
  -------------------------------
  Mapping Optimization (Phase 1)

                                  TOTAL                                      
   ELAPSED            WORST NEG   SETUP    DESIGN                            
    TIME      AREA      SLACK     COST    RULE COST         ENDPOINT         
  --------- --------- --------- --------- --------- -------------------------
    0:01:10 24902343.0      0.79       3.3      19.3 SHA/*cell*115342/U176/Y  
    0:01:10 24902343.0      0.79       3.3      19.3 SHA/*cell*115342/U176/Y  
    0:01:10 24900903.0      0.35       2.1      19.3 SHA/*cell*115342/U201/Y  
    0:01:10 24898527.0      0.31       2.0      19.3 SHA/*cell*115342/U93/Y   
    0:01:10 24895935.0      0.27       2.0      19.3 SHA/*cell*115342/U41/Y   
    0:01:10 24906213.0      0.54       3.3      19.3 SHA/*cell*115426/U189/Y  
    0:01:10 24902325.0      0.11       1.7      19.3 SHA/*cell*115426/U84/Y   
    0:01:10 24900741.0      0.11       1.7      19.3 SHA/*cell*115426/*cell*115439/Y
    0:01:14 24909732.0      0.57       2.7      19.3 SHA/*cell*115641/U160/Y  
    0:01:14 24905268.0      0.11       1.7      19.3 SHA/*cell*115641/*cell*115650/Y
    0:01:14 24903180.0      0.11       1.7      19.3 SHA/*cell*115641/*cell*115672/Y
    0:01:14 24900012.0      0.11       1.7      19.3 SHA/*cell*115641/U35/Y   
    0:01:14 24867387.0      0.67       3.1      19.3 SHA/*cell*115776/U146/Y  
    0:01:14 24864219.0      0.22       2.0      19.3 SHA/*cell*115776/*cell*115786/Y
    0:01:14 24861339.0      0.18       2.0      19.3 SHA/*cell*115776/U106/Y  
    0:01:14 24857451.0      0.12       1.8      19.3 SHA/*cell*115776/U8/Y    
    0:01:14 24867387.0      0.67       3.1      19.3 SHA/*cell*115866/U146/Y  
    0:01:14 24864219.0      0.22       2.0      19.3 SHA/*cell*115866/*cell*115876/Y
    0:01:15 24861339.0      0.18       2.0      19.3 SHA/*cell*115866/U106/Y  
    0:01:15 24857451.0      0.12       1.8      19.3 SHA/*cell*115866/U8/Y    
    0:01:15 24867387.0      0.67       3.1      19.3 SHA/*cell*115956/U146/Y  
    0:01:15 24864219.0      0.22       2.0      19.3 SHA/*cell*115956/*cell*115966/Y
    0:01:15 24861339.0      0.18       2.0      19.3 SHA/*cell*115956/U106/Y  
    0:01:15 24857451.0      0.12       1.8      19.3 SHA/*cell*115956/U8/Y    
    0:01:16 24867603.0      0.87       3.7      19.3 SHA/*cell*116064/U130/Y  
    0:01:16 24864003.0      0.18       2.0      19.3 SHA/*cell*116064/*cell*116071/Y
    0:01:16 24862779.0      0.17       1.9      19.3 SHA/*cell*116064/U96/Y   
    0:01:16 24858603.0      0.11       1.8      19.3 SHA/*cell*116064/U26/Y   
    0:01:22 24870735.0      0.84       3.5      19.3 SHA/*cell*116370/U1/Y    
    0:01:22 24865263.0      0.11       1.7      19.3 SHA/*cell*116370/*cell*116381/Y
    0:01:22 24864111.0      0.11       1.7      19.3 SHA/*cell*116370/U34/Y   
    0:01:22 24862671.0      0.11       1.7      19.3 SHA/*cell*116370/U6/Y    
    0:01:22 24835122.0      0.85       3.5      19.3 SHA/*cell*116470/U1/Y    
    0:01:22 24829506.0      0.11       1.7      19.3 SHA/*cell*116470/*cell*116481/Y
    0:01:22 24828354.0      0.11       1.7      19.3 SHA/*cell*116470/U34/Y   
    0:01:22 24827058.0      0.11       1.7      19.3 SHA/*cell*116470/U6/Y    
    0:01:23 24804360.0      0.81       3.1      19.3 SHA/*cell*116583/U121/Y  
    0:01:23 24799104.0      0.32       2.0      19.3 SHA/*cell*116583/*cell*116591/Y
    0:01:23 24797664.0      0.32       2.0      19.3 SHA/*cell*116583/U133/Y  
    0:01:23 24795576.0      0.27       1.9      19.3 SHA/*cell*116583/U51/Y   
    0:01:23 24792984.0      0.25       1.9      19.3 SHA/*cell*116583/*cell*116602/Y
    0:01:23 24799662.0      0.13       1.8      19.3 SHA/*cell*116716/U170/Y  
    0:01:23 24796494.0      0.11       1.7      19.3 SHA/*cell*116716/*cell*116734/Y
    0:01:23 24794622.0      0.11       1.7      19.3 SHA/*cell*116716/U117/Y  
    0:01:23 24793326.0      0.11       1.7      19.3 SHA/*cell*116716/U6/Y    
    0:01:24 24767883.0      0.70       3.0      19.3 SHA/*cell*116843/U1/Y    
    0:01:24 24763923.0      0.11       1.7      19.3 SHA/*cell*116843/*cell*116853/Y
    0:01:24 24761043.0      0.11       1.7      19.3 SHA/*cell*116843/U62/Y   
    0:01:24 24759747.0      0.11       1.7      19.3 SHA/*cell*116843/U20/Y   
    0:01:24 24758235.0      0.11       1.7      19.3 SHA/*cell*116843/U175/Y  
    0:01:24 24728220.0      0.80       3.1      19.3 SHA/*cell*116969/U208/Y  
    0:01:24 24725340.0      0.53       2.4      19.3 SHA/*cell*116969/U157/Y  
    0:01:24 24725052.0      0.52       2.4      19.3 SHA/*cell*116969/U93/Y   
    0:01:24 24722028.0      0.47       2.3      19.3 SHA/*cell*116969/U37/Y   
    0:01:24 24720516.0      0.45       2.3      19.3 SHA/*cell*116969/U9/Y    
    0:01:24 24729408.0      0.14       1.8      19.3 SHA/*cell*117073/U204/Y  
    0:01:24 24726816.0      0.11       1.7      19.3 SHA/*cell*117073/*cell*117097/Y
    0:01:24 24725808.0      0.11       1.7      19.3 SHA/*cell*117073/*cell*117108/Y
    0:01:25 24723144.0      0.11       1.7      19.3 SHA/*cell*117073/*cell*117084/Y
    0:01:25 24693273.0      0.89       3.5      19.3 SHA/*cell*117191/U131/Y  
    0:01:25 24690177.0      0.61       2.6      19.3 SHA/*cell*117191/U214/Y  
    0:01:25 24689601.0      0.51       2.4      19.3 SHA/*cell*117191/U93/Y   
    0:01:25 24686577.0      0.47       2.3      19.3 SHA/*cell*117191/U27/Y   
    0:01:25 24685065.0      0.45       2.3      19.3 SHA/*cell*117191/U9/Y    
    0:01:25 24696261.0      0.27       2.0      19.3 SHA/*cell*117297/U230/Y  
    0:01:25 24691797.0      0.11       1.7      19.3 SHA/*cell*117297/*cell*117312/Y
    0:01:25 24690213.0      0.11       1.7      19.3 SHA/*cell*117297/*cell*117332/Y
    0:01:25 24687261.0      0.11       1.7      19.3 SHA/*cell*117297/U11/Y   
    0:01:25 24657534.0      0.91       3.5      19.3 SHA/*cell*117411/U162/Y  
    0:01:25 24654438.0      0.63       2.6      19.3 SHA/*cell*117411/U191/Y  
    0:01:26 24653862.0      0.48       2.4      19.3 SHA/*cell*117411/U93/Y   
    0:01:26 24650838.0      0.44       2.3      19.3 SHA/*cell*117411/U27/Y   
    0:01:26 24649398.0      0.42       2.2      19.3 SHA/*cell*117411/U9/Y    
    0:01:26 24658803.0      0.11       1.7      19.3 SHA/*cell*117520/U180/Y  
    0:01:26 24656859.0      0.11       1.7      19.3 SHA/*cell*117520/*cell*117535/Y
    0:01:26 24654555.0      0.11       1.7      19.3 SHA/*cell*117520/U53/Y   
    0:01:26 24652683.0      0.11       1.7      19.3 SHA/*cell*117520/U135/Y  
    0:01:26 24621084.0      0.67       2.8      19.3 SHA/*cell*117648/U208/Y  
    0:01:26 24619500.0      0.41       2.3      19.3 SHA/*cell*117648/*cell*117679/Y
    0:01:26 24619284.0      0.40       2.2      19.3 SHA/*cell*117648/U93/Y   
    0:01:26 24616260.0      0.35       2.1      19.3 SHA/*cell*117648/U37/Y   
    0:01:26 24614820.0      0.33       2.1      19.3 SHA/*cell*117648/U9/Y    
    0:01:26 24623892.0      0.69       2.8      19.3 SHA/*cell*117751/U216/Y  
    0:01:27 24620796.0      0.30       2.0      19.3 SHA/*cell*117751/U128/Y  
    0:01:27 24620580.0      0.28       2.0      19.3 SHA/*cell*117751/U101/Y  
    0:01:27 24617268.0      0.24       1.9      19.3 SHA/*cell*117751/U35/Y   
    0:01:27 24615756.0      0.22       1.9      19.3 SHA/*cell*117751/U17/Y   
    0:01:27 24626223.0      0.46       2.4      19.3 SHA/*cell*117852/*cell*117873/Y
    0:01:27 24624279.0      0.23       2.0      19.3 SHA/*cell*117852/*cell*117867/Y
    0:01:27 24623415.0      0.23       2.0      19.3 SHA/*cell*117852/*cell*117883/Y
    0:01:27 24621903.0      0.19       1.9      19.3 SHA/*cell*117852/U54/Y   
    0:01:27 24620103.0      0.17       1.8      19.3 SHA/*cell*117852/U26/Y   
    0:01:27 24628518.0      0.56       2.6      19.3 SHA/*cell*117998/U104/Y  
    0:01:27 24623478.0      0.16       1.8      19.3 SHA/*cell*117998/*cell*118021/Y
    0:01:28 24622830.0      0.15       1.8      19.3 SHA/*cell*117998/U82/Y   
    0:01:28 24620742.0      0.11       1.8      19.3 SHA/*cell*117998/*cell*118036/Y
    0:01:28 24618798.0      0.11       1.8      19.3 SHA/*cell*117998/U9/Y    
    0:01:28 24622686.0      0.11       1.7      19.3 SHA/*cell*118133/U217/Y  
    0:01:28 24621246.0      0.11       1.7      19.3 SHA/*cell*118133/U203/Y  
    0:01:28 24620382.0      0.11       1.7      19.3 SHA/*cell*118133/U39/Y   
    0:01:28 24618942.0      0.11       1.7      19.3 SHA/*cell*118133/U134/Y  
    0:01:28 24589080.0      0.11       1.7      19.3 SHA/*cell*118260/U139/Y  
    0:01:28 24587208.0      0.11       1.7      19.3 SHA/*cell*118260/U118/Y  
    0:01:28 24586344.0      0.11       1.7      19.3 SHA/*cell*118260/U39/Y   
    0:01:28 24585048.0      0.11       1.7      19.3 SHA/*cell*118260/U166/Y  
    0:01:32 24584832.0      0.11       1.7      19.3                          
    0:01:32 24584832.0      0.11       1.7      19.3                          
    0:01:32 24584832.0      0.11       1.7      19.3                          
    0:01:32 24584832.0      0.11       1.7      19.3                          
    0:01:33 24584832.0      0.11       1.7      19.3                          
    0:01:44 21602736.0      0.41       5.5      19.3                          
    0:01:45 21603600.0      0.34       3.9      19.3                          
    0:01:46 21603312.0      0.28       3.4      19.3                          
    0:01:47 21604536.0      0.23       2.7      19.3                          
    0:01:48 21605040.0      0.21       2.4      19.3                          
    0:01:49 21605040.0      0.15       1.8      19.3                          
    0:01:49 21607443.0      0.10       1.3      19.3                          
    0:01:50 21609810.0      0.21       1.8      19.3                          
    0:01:51 21610458.0      0.33       3.8      19.3                          
    0:01:52 21611250.0      0.09       0.5      19.2                          
    0:01:53 21613743.0      0.05       0.2      19.2                          
    0:01:53 21614319.0      0.05       0.0      19.2                          
    0:01:54 21614607.0      0.00       0.0      19.2                          
    0:01:54 21614607.0      0.00       0.0      19.2                          
    0:01:55 21614607.0      0.00       0.0      19.2                          
    0:01:55 21614607.0      0.00       0.0      19.2                          
    0:01:56 21632319.0      0.00       0.0      10.4                          
    0:01:57 21648303.0      0.00       0.0       3.1                          
    0:01:57 21653487.0      0.00       0.0       0.8                          
    0:01:58 21655071.0      0.00       0.0       0.0                          
    0:01:58 21655287.0      0.00       0.0       0.0                          
    0:01:58 21655287.0      0.00       0.0       0.0                          
    0:01:59 21655287.0      0.00       0.0       0.0                          
    0:01:59 21655287.0      0.00       0.0       0.0                          



  Beginning Delay Optimization Phase
  ----------------------------------

                                  TOTAL                                      
   ELAPSED            WORST NEG   SETUP    DESIGN                            
    TIME      AREA      SLACK     COST    RULE COST         ENDPOINT         
  --------- --------- --------- --------- --------- -------------------------
    0:01:59 21655287.0      0.00       0.0       0.0                          
    0:01:59 21655287.0      0.00       0.0       0.0                          
    0:01:59 21655287.0      0.00       0.0       0.0                          


  Beginning Area-Recovery Phase  (cleanup)
  -----------------------------

                                  TOTAL                                      
   ELAPSED            WORST NEG   SETUP    DESIGN                            
    TIME      AREA      SLACK     COST    RULE COST         ENDPOINT         
  --------- --------- --------- --------- --------- -------------------------
    0:01:59 21655287.0      0.00       0.0       0.0                          
    0:01:59 21655287.0      0.00       0.0       0.0                          
    0:02:06 21015783.0      0.77      10.7       0.0                          
    0:02:08 20739231.0      0.77      10.7       0.0                          
    0:02:09 20688327.0      0.72       9.9       0.0                          
    0:02:10 20675871.0      0.71      10.4       0.0                          
    0:02:11 20672991.0      0.71      10.0       0.0                          
    0:02:11 20672991.0      0.71      10.0       0.0                          
    0:02:11 20672775.0      0.64       9.9       0.0 SHA/out_hash_reg[4][31]/D
    0:02:11 20672559.0      0.55       9.8       0.0 SHA/out_hash_reg[0][31]/D
    0:02:11 20675079.0      0.52       8.4       0.0 SHA/out_hash_reg[0][31]/D
    0:02:11 20679822.0      0.51       6.6       0.0 SHA/out_hash_reg[6][31]/D
    0:02:11 20683278.0      0.26       4.4       0.0 SHA/out_hash_reg[3][31]/D
    0:02:12 20686077.0      0.14       2.5       0.0 SHA/e_reg[31]/D          
    0:02:12 20688885.0      0.12       1.9       0.0 SHA/out_hash_reg[1][31]/D
    0:02:12 20690613.0      0.10       1.5       0.0 SHA/e_reg[31]/D          
    0:02:12 20693565.0      0.05       0.4       0.0 SHA/out_hash_reg[6][31]/D
    0:02:13 20694861.0      0.00       0.0       0.0                          
    0:02:14 20690613.0      0.14       1.1       0.0                          
    0:02:14 20690613.0      0.14       1.1       0.0                          
    0:02:14 20690613.0      0.14       1.1       0.0                          
    0:02:14 20690613.0      0.14       1.1       0.0                          
    0:02:14 20690613.0      0.14       1.1       0.0                          
    0:02:14 20690613.0      0.14       1.1       0.0                          
    0:02:14 20692197.0      0.02       0.0       0.0 SHA/e_reg[31]/D          
    0:02:15 20692773.0      0.00       0.0       0.0                          
Loading db file '/package/eda/cells/OSU/v2.7/synopsys/lib/ami05/osu05_stdcells.db'


Note: Symbol # after min delay cost means estimated hold TNS across all active scenarios 


  Optimization Complete
  ---------------------
Warning: Design 'HM_top_level' contains 1 high-fanout nets. A fanout number of 1000 will be used for delay calculations involving these nets. (TIM-134)
     Net 'TIMER/HASH_CNT/clk': 2060 load(s), 1 driver(s)
# Step 4: Output reports
report_timing -path full -delay max -max_paths 4 -nworst 1 > reports/HM_top_level.rep
report_area >> reports/HM_top_level.rep
report_power -hier >> reports/HM_top_level.rep
# Step 5: Output final VHDL and Verilog files
write_file -format verilog -hierarchy -output "mapped/HM_top_level.v"
Writing verilog file '/home/ecegrid/a/mg138/ece337/BitcoinMiner/mapped/HM_top_level.v'.
Warning: Verilog 'assign' or 'tran' statements are written out. (VO-4)
echo "\nScript Done\n"

Script Done

echo "\nChecking Design\n"

Checking Design

check_design
 
****************************************
check_design summary:
Version:     K-2015.06-SP1
Date:        Fri Dec  1 15:54:21 2017
****************************************

                   Name                                            Total
--------------------------------------------------------------------------------
Inputs/Outputs                                                    323
    Unconnected ports (LINT-28)                                   323

Cells                                                             173
    Connected to power or ground (LINT-32)                        171
    Nets connected to multiple pins on same cell (LINT-33)          2
--------------------------------------------------------------------------------

Warning: In design 'flex_counter_fix_NUM_CNT_BITS7_DW01_inc_0', port 'A[7]' is not connected to any nets. (LINT-28)
Warning: In design 'HM_check_hash_DW_cmp_0', port 'TC' is not connected to any nets. (LINT-28)
Warning: In design 'HM_check_hash_DW_cmp_0', port 'GE_LT' is not connected to any nets. (LINT-28)
Warning: In design 'HM_check_hash_DW_cmp_0', port 'GE_GT_EQ' is not connected to any nets. (LINT-28)
Warning: In design 'HM_check_hash_DW_cmp_0', port 'EQ_NE' is not connected to any nets. (LINT-28)
Warning: In design 'HM_SHA_256_DW01_add_167', port 'CI' is not connected to any nets. (LINT-28)
Warning: In design 'HM_SHA_256_DW01_add_167', port 'CO' is not connected to any nets. (LINT-28)
Warning: In design 'HM_SHA_256_DW01_add_168', port 'CI' is not connected to any nets. (LINT-28)
Warning: In design 'HM_SHA_256_DW01_add_168', port 'CO' is not connected to any nets. (LINT-28)
Warning: In design 'HM_SHA_256_DW01_add_169', port 'CI' is not connected to any nets. (LINT-28)
Warning: In design 'HM_SHA_256_DW01_add_169', port 'CO' is not connected to any nets. (LINT-28)
Warning: In design 'HM_SHA_256_DW01_add_170', port 'CI' is not connected to any nets. (LINT-28)
Warning: In design 'HM_SHA_256_DW01_add_170', port 'CO' is not connected to any nets. (LINT-28)
Warning: In design 'HM_SHA_256_DW01_add_171', port 'CI' is not connected to any nets. (LINT-28)
Warning: In design 'HM_SHA_256_DW01_add_171', port 'CO' is not connected to any nets. (LINT-28)
Warning: In design 'HM_SHA_256_DW01_add_173', port 'CI' is not connected to any nets. (LINT-28)
Warning: In design 'HM_SHA_256_DW01_add_173', port 'CO' is not connected to any nets. (LINT-28)
Warning: In design 'HM_SHA_256_DW01_add_175', port 'CI' is not connected to any nets. (LINT-28)
Warning: In design 'HM_SHA_256_DW01_add_175', port 'CO' is not connected to any nets. (LINT-28)
Warning: In design 'HM_SHA_256_DW01_add_177', port 'CI' is not connected to any nets. (LINT-28)
Warning: In design 'HM_SHA_256_DW01_add_177', port 'CO' is not connected to any nets. (LINT-28)
Warning: In design 'HM_SHA_256_DW01_add_179', port 'CI' is not connected to any nets. (LINT-28)
Warning: In design 'HM_SHA_256_DW01_add_179', port 'CO' is not connected to any nets. (LINT-28)
Warning: In design 'HM_SHA_256_DW01_add_181', port 'CI' is not connected to any nets. (LINT-28)
Warning: In design 'HM_SHA_256_DW01_add_181', port 'CO' is not connected to any nets. (LINT-28)
Warning: In design 'HM_SHA_256_DW01_add_182', port 'CI' is not connected to any nets. (LINT-28)
Warning: In design 'HM_SHA_256_DW01_add_182', port 'CO' is not connected to any nets. (LINT-28)
Warning: In design 'HM_SHA_256_DW01_add_183', port 'CI' is not connected to any nets. (LINT-28)
Warning: In design 'HM_SHA_256_DW01_add_183', port 'CO' is not connected to any nets. (LINT-28)
Warning: In design 'HM_SHA_256_DW01_add_184', port 'CI' is not connected to any nets. (LINT-28)
Warning: In design 'HM_SHA_256_DW01_add_184', port 'CO' is not connected to any nets. (LINT-28)
Warning: In design 'HM_SHA_256_DW01_add_187', port 'CI' is not connected to any nets. (LINT-28)
Warning: In design 'HM_SHA_256_DW01_add_187', port 'CO' is not connected to any nets. (LINT-28)
Warning: In design 'HM_SHA_256_DW01_add_188', port 'CI' is not connected to any nets. (LINT-28)
Warning: In design 'HM_SHA_256_DW01_add_188', port 'CO' is not connected to any nets. (LINT-28)
Warning: In design 'HM_SHA_256_DW01_add_189', port 'CI' is not connected to any nets. (LINT-28)
Warning: In design 'HM_SHA_256_DW01_add_189', port 'CO' is not connected to any nets. (LINT-28)
Warning: In design 'HM_SHA_256_DW01_add_190', port 'CI' is not connected to any nets. (LINT-28)
Warning: In design 'HM_SHA_256_DW01_add_190', port 'CO' is not connected to any nets. (LINT-28)
Warning: In design 'HM_SHA_256_DW01_add_191', port 'CI' is not connected to any nets. (LINT-28)
Warning: In design 'HM_SHA_256_DW01_add_191', port 'CO' is not connected to any nets. (LINT-28)
Warning: In design 'HM_SHA_256_DW01_add_192', port 'CI' is not connected to any nets. (LINT-28)
Warning: In design 'HM_SHA_256_DW01_add_192', port 'CO' is not connected to any nets. (LINT-28)
Warning: In design 'HM_SHA_256_DW01_add_193', port 'CI' is not connected to any nets. (LINT-28)
Warning: In design 'HM_SHA_256_DW01_add_193', port 'CO' is not connected to any nets. (LINT-28)
Warning: In design 'HM_SHA_256_DW01_add_194', port 'CI' is not connected to any nets. (LINT-28)
Warning: In design 'HM_SHA_256_DW01_add_194', port 'CO' is not connected to any nets. (LINT-28)
Warning: In design 'HM_SHA_256_DW01_add_195', port 'CI' is not connected to any nets. (LINT-28)
Warning: In design 'HM_SHA_256_DW01_add_195', port 'CO' is not connected to any nets. (LINT-28)
Warning: In design 'HM_SHA_256_DW01_add_196', port 'CI' is not connected to any nets. (LINT-28)
Warning: In design 'HM_SHA_256_DW01_add_196', port 'CO' is not connected to any nets. (LINT-28)
Warning: In design 'HM_SHA_256_DW01_add_197', port 'CI' is not connected to any nets. (LINT-28)
Warning: In design 'HM_SHA_256_DW01_add_197', port 'CO' is not connected to any nets. (LINT-28)
Warning: In design 'HM_SHA_256_DW01_add_198', port 'CI' is not connected to any nets. (LINT-28)
Warning: In design 'HM_SHA_256_DW01_add_198', port 'CO' is not connected to any nets. (LINT-28)
Warning: In design 'HM_SHA_256_DW01_add_199', port 'CI' is not connected to any nets. (LINT-28)
Warning: In design 'HM_SHA_256_DW01_add_199', port 'CO' is not connected to any nets. (LINT-28)
Warning: In design 'HM_SHA_256_DW01_add_200', port 'CI' is not connected to any nets. (LINT-28)
Warning: In design 'HM_SHA_256_DW01_add_200', port 'CO' is not connected to any nets. (LINT-28)
Warning: In design 'HM_SHA_256_DW01_add_201', port 'CI' is not connected to any nets. (LINT-28)
Warning: In design 'HM_SHA_256_DW01_add_201', port 'CO' is not connected to any nets. (LINT-28)
Warning: In design 'HM_SHA_256_DW01_add_202', port 'CI' is not connected to any nets. (LINT-28)
Warning: In design 'HM_SHA_256_DW01_add_202', port 'CO' is not connected to any nets. (LINT-28)
Warning: In design 'HM_SHA_256_DW01_add_203', port 'CI' is not connected to any nets. (LINT-28)
Warning: In design 'HM_SHA_256_DW01_add_203', port 'CO' is not connected to any nets. (LINT-28)
Warning: In design 'HM_SHA_256_DW01_add_204', port 'CI' is not connected to any nets. (LINT-28)
Warning: In design 'HM_SHA_256_DW01_add_204', port 'CO' is not connected to any nets. (LINT-28)
Warning: In design 'HM_SHA_256_DW01_add_205', port 'CI' is not connected to any nets. (LINT-28)
Warning: In design 'HM_SHA_256_DW01_add_205', port 'CO' is not connected to any nets. (LINT-28)
Warning: In design 'HM_SHA_256_DW01_add_206', port 'CI' is not connected to any nets. (LINT-28)
Warning: In design 'HM_SHA_256_DW01_add_206', port 'CO' is not connected to any nets. (LINT-28)
Warning: In design 'HM_SHA_256_DW01_add_207', port 'CI' is not connected to any nets. (LINT-28)
Warning: In design 'HM_SHA_256_DW01_add_207', port 'CO' is not connected to any nets. (LINT-28)
Warning: In design 'HM_SHA_256_DW01_add_208', port 'CI' is not connected to any nets. (LINT-28)
Warning: In design 'HM_SHA_256_DW01_add_208', port 'CO' is not connected to any nets. (LINT-28)
Warning: In design 'HM_SHA_256_DW01_add_209', port 'CI' is not connected to any nets. (LINT-28)
Warning: In design 'HM_SHA_256_DW01_add_209', port 'CO' is not connected to any nets. (LINT-28)
Warning: In design 'HM_SHA_256_DW01_add_210', port 'CI' is not connected to any nets. (LINT-28)
Warning: In design 'HM_SHA_256_DW01_add_210', port 'CO' is not connected to any nets. (LINT-28)
Warning: In design 'HM_SHA_256_DW01_add_211', port 'CI' is not connected to any nets. (LINT-28)
Warning: In design 'HM_SHA_256_DW01_add_211', port 'CO' is not connected to any nets. (LINT-28)
Warning: In design 'HM_SHA_256_DW01_add_212', port 'CI' is not connected to any nets. (LINT-28)
Warning: In design 'HM_SHA_256_DW01_add_212', port 'CO' is not connected to any nets. (LINT-28)
Warning: In design 'HM_SHA_256_DW01_add_213', port 'CI' is not connected to any nets. (LINT-28)
Warning: In design 'HM_SHA_256_DW01_add_213', port 'CO' is not connected to any nets. (LINT-28)
Warning: In design 'HM_SHA_256_DW01_add_214', port 'CI' is not connected to any nets. (LINT-28)
Warning: In design 'HM_SHA_256_DW01_add_214', port 'CO' is not connected to any nets. (LINT-28)
Warning: In design 'HM_SHA_256_DW01_add_215', port 'CI' is not connected to any nets. (LINT-28)
Warning: In design 'HM_SHA_256_DW01_add_215', port 'CO' is not connected to any nets. (LINT-28)
Warning: In design 'HM_SHA_256_DW01_add_216', port 'CI' is not connected to any nets. (LINT-28)
Warning: In design 'HM_SHA_256_DW01_add_216', port 'CO' is not connected to any nets. (LINT-28)
Warning: In design 'HM_SHA_256_DW01_add_217', port 'CI' is not connected to any nets. (LINT-28)
Warning: In design 'HM_SHA_256_DW01_add_217', port 'CO' is not connected to any nets. (LINT-28)
Warning: In design 'HM_SHA_256_DW01_add_218', port 'CI' is not connected to any nets. (LINT-28)
Warning: In design 'HM_SHA_256_DW01_add_218', port 'CO' is not connected to any nets. (LINT-28)
Warning: In design 'HM_SHA_256_DW01_add_219', port 'CI' is not connected to any nets. (LINT-28)
Warning: In design 'HM_SHA_256_DW01_add_219', port 'CO' is not connected to any nets. (LINT-28)
Warning: In design 'HM_SHA_256_DW01_add_220', port 'CI' is not connected to any nets. (LINT-28)
Warning: In design 'HM_SHA_256_DW01_add_220', port 'CO' is not connected to any nets. (LINT-28)
Warning: In design 'HM_SHA_256_DW01_add_221', port 'CI' is not connected to any nets. (LINT-28)
Warning: In design 'HM_SHA_256_DW01_add_221', port 'CO' is not connected to any nets. (LINT-28)
Warning: In design 'HM_SHA_256_DW01_add_222', port 'CI' is not connected to any nets. (LINT-28)
Warning: In design 'HM_SHA_256_DW01_add_222', port 'CO' is not connected to any nets. (LINT-28)
Warning: In design 'HM_SHA_256_DW01_add_223', port 'CI' is not connected to any nets. (LINT-28)
Warning: In design 'HM_SHA_256_DW01_add_223', port 'CO' is not connected to any nets. (LINT-28)
Warning: In design 'HM_SHA_256_DW01_add_224', port 'CI' is not connected to any nets. (LINT-28)
Warning: In design 'HM_SHA_256_DW01_add_224', port 'CO' is not connected to any nets. (LINT-28)
Warning: In design 'HM_SHA_256_DW01_add_225', port 'CI' is not connected to any nets. (LINT-28)
Warning: In design 'HM_SHA_256_DW01_add_225', port 'CO' is not connected to any nets. (LINT-28)
Warning: In design 'HM_SHA_256_DW01_add_226', port 'CI' is not connected to any nets. (LINT-28)
Warning: In design 'HM_SHA_256_DW01_add_226', port 'CO' is not connected to any nets. (LINT-28)
Warning: In design 'HM_SHA_256_DW01_add_227', port 'CI' is not connected to any nets. (LINT-28)
Warning: In design 'HM_SHA_256_DW01_add_227', port 'CO' is not connected to any nets. (LINT-28)
Warning: In design 'HM_SHA_256_DW01_add_228', port 'CI' is not connected to any nets. (LINT-28)
Warning: In design 'HM_SHA_256_DW01_add_228', port 'CO' is not connected to any nets. (LINT-28)
Warning: In design 'HM_SHA_256_DW01_add_229', port 'CI' is not connected to any nets. (LINT-28)
Warning: In design 'HM_SHA_256_DW01_add_229', port 'CO' is not connected to any nets. (LINT-28)
Warning: In design 'HM_SHA_256_DW01_add_230', port 'CI' is not connected to any nets. (LINT-28)
Warning: In design 'HM_SHA_256_DW01_add_230', port 'CO' is not connected to any nets. (LINT-28)
Warning: In design 'HM_SHA_256_DW01_add_231', port 'CI' is not connected to any nets. (LINT-28)
Warning: In design 'HM_SHA_256_DW01_add_231', port 'CO' is not connected to any nets. (LINT-28)
Warning: In design 'HM_SHA_256_DW01_add_232', port 'CI' is not connected to any nets. (LINT-28)
Warning: In design 'HM_SHA_256_DW01_add_232', port 'CO' is not connected to any nets. (LINT-28)
Warning: In design 'HM_SHA_256_DW01_add_233', port 'CI' is not connected to any nets. (LINT-28)
Warning: In design 'HM_SHA_256_DW01_add_233', port 'CO' is not connected to any nets. (LINT-28)
Warning: In design 'HM_SHA_256_DW01_add_234', port 'CI' is not connected to any nets. (LINT-28)
Warning: In design 'HM_SHA_256_DW01_add_234', port 'CO' is not connected to any nets. (LINT-28)
Warning: In design 'HM_SHA_256_DW01_add_235', port 'CI' is not connected to any nets. (LINT-28)
Warning: In design 'HM_SHA_256_DW01_add_235', port 'CO' is not connected to any nets. (LINT-28)
Warning: In design 'HM_SHA_256_DW01_add_236', port 'CI' is not connected to any nets. (LINT-28)
Warning: In design 'HM_SHA_256_DW01_add_236', port 'CO' is not connected to any nets. (LINT-28)
Warning: In design 'HM_SHA_256_DW01_add_237', port 'CI' is not connected to any nets. (LINT-28)
Warning: In design 'HM_SHA_256_DW01_add_237', port 'CO' is not connected to any nets. (LINT-28)
Warning: In design 'HM_SHA_256_DW01_add_238', port 'CI' is not connected to any nets. (LINT-28)
Warning: In design 'HM_SHA_256_DW01_add_238', port 'CO' is not connected to any nets. (LINT-28)
Warning: In design 'HM_SHA_256_DW01_add_239', port 'CI' is not connected to any nets. (LINT-28)
Warning: In design 'HM_SHA_256_DW01_add_239', port 'CO' is not connected to any nets. (LINT-28)
Warning: In design 'HM_SHA_256_DW01_add_240', port 'CI' is not connected to any nets. (LINT-28)
Warning: In design 'HM_SHA_256_DW01_add_240', port 'CO' is not connected to any nets. (LINT-28)
Warning: In design 'HM_SHA_256_DW01_add_241', port 'CI' is not connected to any nets. (LINT-28)
Warning: In design 'HM_SHA_256_DW01_add_241', port 'CO' is not connected to any nets. (LINT-28)
Warning: In design 'HM_SHA_256_DW01_add_242', port 'CI' is not connected to any nets. (LINT-28)
Warning: In design 'HM_SHA_256_DW01_add_242', port 'CO' is not connected to any nets. (LINT-28)
Warning: In design 'HM_SHA_256_DW01_add_243', port 'CI' is not connected to any nets. (LINT-28)
Warning: In design 'HM_SHA_256_DW01_add_243', port 'CO' is not connected to any nets. (LINT-28)
Warning: In design 'HM_SHA_256_DW01_add_244', port 'CI' is not connected to any nets. (LINT-28)
Warning: In design 'HM_SHA_256_DW01_add_244', port 'CO' is not connected to any nets. (LINT-28)
Warning: In design 'HM_SHA_256_DW01_add_245', port 'CI' is not connected to any nets. (LINT-28)
Warning: In design 'HM_SHA_256_DW01_add_245', port 'CO' is not connected to any nets. (LINT-28)
Warning: In design 'HM_SHA_256_DW01_add_246', port 'CI' is not connected to any nets. (LINT-28)
Warning: In design 'HM_SHA_256_DW01_add_246', port 'CO' is not connected to any nets. (LINT-28)
Warning: In design 'HM_SHA_256_DW01_add_247', port 'CI' is not connected to any nets. (LINT-28)
Warning: In design 'HM_SHA_256_DW01_add_247', port 'CO' is not connected to any nets. (LINT-28)
Warning: In design 'HM_SHA_256_DW01_add_248', port 'CI' is not connected to any nets. (LINT-28)
Warning: In design 'HM_SHA_256_DW01_add_248', port 'CO' is not connected to any nets. (LINT-28)
Warning: In design 'HM_SHA_256_DW01_add_249', port 'CI' is not connected to any nets. (LINT-28)
Warning: In design 'HM_SHA_256_DW01_add_249', port 'CO' is not connected to any nets. (LINT-28)
Warning: In design 'HM_SHA_256_DW01_add_250', port 'CI' is not connected to any nets. (LINT-28)
Warning: In design 'HM_SHA_256_DW01_add_250', port 'CO' is not connected to any nets. (LINT-28)
Warning: In design 'HM_SHA_256_DW01_add_251', port 'CI' is not connected to any nets. (LINT-28)
Warning: In design 'HM_SHA_256_DW01_add_251', port 'CO' is not connected to any nets. (LINT-28)
Warning: In design 'HM_SHA_256_DW01_add_252', port 'CI' is not connected to any nets. (LINT-28)
Warning: In design 'HM_SHA_256_DW01_add_252', port 'CO' is not connected to any nets. (LINT-28)
Warning: In design 'HM_SHA_256_DW01_add_253', port 'CI' is not connected to any nets. (LINT-28)
Warning: In design 'HM_SHA_256_DW01_add_253', port 'CO' is not connected to any nets. (LINT-28)
Warning: In design 'HM_SHA_256_DW01_add_254', port 'CI' is not connected to any nets. (LINT-28)
Warning: In design 'HM_SHA_256_DW01_add_254', port 'CO' is not connected to any nets. (LINT-28)
Warning: In design 'HM_SHA_256_DW01_add_255', port 'CI' is not connected to any nets. (LINT-28)
Warning: In design 'HM_SHA_256_DW01_add_255', port 'CO' is not connected to any nets. (LINT-28)
Warning: In design 'HM_SHA_256_DW01_add_256', port 'CI' is not connected to any nets. (LINT-28)
Warning: In design 'HM_SHA_256_DW01_add_256', port 'CO' is not connected to any nets. (LINT-28)
Warning: In design 'HM_SHA_256_DW01_add_257', port 'CI' is not connected to any nets. (LINT-28)
Warning: In design 'HM_SHA_256_DW01_add_257', port 'CO' is not connected to any nets. (LINT-28)
Warning: In design 'HM_SHA_256_DW01_add_258', port 'CI' is not connected to any nets. (LINT-28)
Warning: In design 'HM_SHA_256_DW01_add_258', port 'CO' is not connected to any nets. (LINT-28)
Warning: In design 'HM_SHA_256_DW01_add_259', port 'CI' is not connected to any nets. (LINT-28)
Warning: In design 'HM_SHA_256_DW01_add_259', port 'CO' is not connected to any nets. (LINT-28)
Warning: In design 'HM_SHA_256_DW01_add_260', port 'CI' is not connected to any nets. (LINT-28)
Warning: In design 'HM_SHA_256_DW01_add_260', port 'CO' is not connected to any nets. (LINT-28)
Warning: In design 'HM_SHA_256_DW01_add_261', port 'CI' is not connected to any nets. (LINT-28)
Warning: In design 'HM_SHA_256_DW01_add_261', port 'CO' is not connected to any nets. (LINT-28)
Warning: In design 'HM_SHA_256_DW01_add_262', port 'CI' is not connected to any nets. (LINT-28)
Warning: In design 'HM_SHA_256_DW01_add_262', port 'CO' is not connected to any nets. (LINT-28)
Warning: In design 'HM_SHA_256_DW01_add_263', port 'CI' is not connected to any nets. (LINT-28)
Warning: In design 'HM_SHA_256_DW01_add_263', port 'CO' is not connected to any nets. (LINT-28)
Warning: In design 'HM_SHA_256_DW01_add_264', port 'CI' is not connected to any nets. (LINT-28)
Warning: In design 'HM_SHA_256_DW01_add_264', port 'CO' is not connected to any nets. (LINT-28)
Warning: In design 'HM_SHA_256_DW01_add_265', port 'CI' is not connected to any nets. (LINT-28)
Warning: In design 'HM_SHA_256_DW01_add_265', port 'CO' is not connected to any nets. (LINT-28)
Warning: In design 'HM_SHA_256_DW01_add_266', port 'CI' is not connected to any nets. (LINT-28)
Warning: In design 'HM_SHA_256_DW01_add_266', port 'CO' is not connected to any nets. (LINT-28)
Warning: In design 'HM_SHA_256_DW01_add_267', port 'CI' is not connected to any nets. (LINT-28)
Warning: In design 'HM_SHA_256_DW01_add_267', port 'CO' is not connected to any nets. (LINT-28)
Warning: In design 'HM_SHA_256_DW01_add_268', port 'CI' is not connected to any nets. (LINT-28)
Warning: In design 'HM_SHA_256_DW01_add_268', port 'CO' is not connected to any nets. (LINT-28)
Warning: In design 'HM_SHA_256_DW01_add_269', port 'CI' is not connected to any nets. (LINT-28)
Warning: In design 'HM_SHA_256_DW01_add_269', port 'CO' is not connected to any nets. (LINT-28)
Warning: In design 'HM_SHA_256_DW01_add_270', port 'CI' is not connected to any nets. (LINT-28)
Warning: In design 'HM_SHA_256_DW01_add_270', port 'CO' is not connected to any nets. (LINT-28)
Warning: In design 'HM_SHA_256_DW01_add_271', port 'CI' is not connected to any nets. (LINT-28)
Warning: In design 'HM_SHA_256_DW01_add_271', port 'CO' is not connected to any nets. (LINT-28)
Warning: In design 'HM_SHA_256_DW01_add_272', port 'CI' is not connected to any nets. (LINT-28)
Warning: In design 'HM_SHA_256_DW01_add_272', port 'CO' is not connected to any nets. (LINT-28)
Warning: In design 'HM_SHA_256_DW01_add_273', port 'CI' is not connected to any nets. (LINT-28)
Warning: In design 'HM_SHA_256_DW01_add_273', port 'CO' is not connected to any nets. (LINT-28)
Warning: In design 'HM_SHA_256_DW01_add_274', port 'CI' is not connected to any nets. (LINT-28)
Warning: In design 'HM_SHA_256_DW01_add_274', port 'CO' is not connected to any nets. (LINT-28)
Warning: In design 'HM_SHA_256_DW01_add_275', port 'CI' is not connected to any nets. (LINT-28)
Warning: In design 'HM_SHA_256_DW01_add_275', port 'CO' is not connected to any nets. (LINT-28)
Warning: In design 'HM_SHA_256_DW01_add_276', port 'CI' is not connected to any nets. (LINT-28)
Warning: In design 'HM_SHA_256_DW01_add_276', port 'CO' is not connected to any nets. (LINT-28)
Warning: In design 'HM_SHA_256_DW01_add_277', port 'CI' is not connected to any nets. (LINT-28)
Warning: In design 'HM_SHA_256_DW01_add_277', port 'CO' is not connected to any nets. (LINT-28)
Warning: In design 'HM_SHA_256_DW01_add_278', port 'CI' is not connected to any nets. (LINT-28)
Warning: In design 'HM_SHA_256_DW01_add_278', port 'CO' is not connected to any nets. (LINT-28)
Warning: In design 'HM_SHA_256_DW01_add_279', port 'CI' is not connected to any nets. (LINT-28)
Warning: In design 'HM_SHA_256_DW01_add_279', port 'CO' is not connected to any nets. (LINT-28)
Warning: In design 'HM_SHA_256_DW01_add_280', port 'CI' is not connected to any nets. (LINT-28)
Warning: In design 'HM_SHA_256_DW01_add_280', port 'CO' is not connected to any nets. (LINT-28)
Warning: In design 'HM_SHA_256_DW01_add_281', port 'CI' is not connected to any nets. (LINT-28)
Warning: In design 'HM_SHA_256_DW01_add_281', port 'CO' is not connected to any nets. (LINT-28)
Warning: In design 'HM_SHA_256_DW01_add_282', port 'CI' is not connected to any nets. (LINT-28)
Warning: In design 'HM_SHA_256_DW01_add_282', port 'CO' is not connected to any nets. (LINT-28)
Warning: In design 'HM_SHA_256_DW01_add_283', port 'CI' is not connected to any nets. (LINT-28)
Warning: In design 'HM_SHA_256_DW01_add_283', port 'CO' is not connected to any nets. (LINT-28)
Warning: In design 'HM_SHA_256_DW01_add_284', port 'CI' is not connected to any nets. (LINT-28)
Warning: In design 'HM_SHA_256_DW01_add_284', port 'CO' is not connected to any nets. (LINT-28)
Warning: In design 'HM_SHA_256_DW01_add_286', port 'CI' is not connected to any nets. (LINT-28)
Warning: In design 'HM_SHA_256_DW01_add_286', port 'CO' is not connected to any nets. (LINT-28)
Warning: In design 'HM_SHA_256_DW01_add_287', port 'CI' is not connected to any nets. (LINT-28)
Warning: In design 'HM_SHA_256_DW01_add_287', port 'CO' is not connected to any nets. (LINT-28)
Warning: In design 'HM_SHA_256_DW01_add_288', port 'CI' is not connected to any nets. (LINT-28)
Warning: In design 'HM_SHA_256_DW01_add_288', port 'CO' is not connected to any nets. (LINT-28)
Warning: In design 'HM_SHA_256_DW01_add_289', port 'CI' is not connected to any nets. (LINT-28)
Warning: In design 'HM_SHA_256_DW01_add_289', port 'CO' is not connected to any nets. (LINT-28)
Warning: In design 'HM_SHA_256_DW01_add_290', port 'CI' is not connected to any nets. (LINT-28)
Warning: In design 'HM_SHA_256_DW01_add_290', port 'CO' is not connected to any nets. (LINT-28)
Warning: In design 'HM_SHA_256_DW01_add_291', port 'CI' is not connected to any nets. (LINT-28)
Warning: In design 'HM_SHA_256_DW01_add_291', port 'CO' is not connected to any nets. (LINT-28)
Warning: In design 'HM_SHA_256_DW01_add_292', port 'CI' is not connected to any nets. (LINT-28)
Warning: In design 'HM_SHA_256_DW01_add_292', port 'CO' is not connected to any nets. (LINT-28)
Warning: In design 'HM_SHA_256_DW01_add_293', port 'CI' is not connected to any nets. (LINT-28)
Warning: In design 'HM_SHA_256_DW01_add_293', port 'CO' is not connected to any nets. (LINT-28)
Warning: In design 'HM_SHA_256_DW01_add_294', port 'CI' is not connected to any nets. (LINT-28)
Warning: In design 'HM_SHA_256_DW01_add_294', port 'CO' is not connected to any nets. (LINT-28)
Warning: In design 'HM_SHA_256_DW01_add_295', port 'CI' is not connected to any nets. (LINT-28)
Warning: In design 'HM_SHA_256_DW01_add_295', port 'CO' is not connected to any nets. (LINT-28)
Warning: In design 'HM_SHA_256_DW01_add_296', port 'CI' is not connected to any nets. (LINT-28)
Warning: In design 'HM_SHA_256_DW01_add_296', port 'CO' is not connected to any nets. (LINT-28)
Warning: In design 'HM_SHA_256_DW01_add_297', port 'CI' is not connected to any nets. (LINT-28)
Warning: In design 'HM_SHA_256_DW01_add_297', port 'CO' is not connected to any nets. (LINT-28)
Warning: In design 'HM_SHA_256_DW01_add_298', port 'CI' is not connected to any nets. (LINT-28)
Warning: In design 'HM_SHA_256_DW01_add_298', port 'CO' is not connected to any nets. (LINT-28)
Warning: In design 'HM_SHA_256_DW01_add_299', port 'CI' is not connected to any nets. (LINT-28)
Warning: In design 'HM_SHA_256_DW01_add_299', port 'CO' is not connected to any nets. (LINT-28)
Warning: In design 'HM_SHA_256_DW01_add_300', port 'CI' is not connected to any nets. (LINT-28)
Warning: In design 'HM_SHA_256_DW01_add_300', port 'CO' is not connected to any nets. (LINT-28)
Warning: In design 'HM_SHA_256_DW01_add_301', port 'CI' is not connected to any nets. (LINT-28)
Warning: In design 'HM_SHA_256_DW01_add_301', port 'CO' is not connected to any nets. (LINT-28)
Warning: In design 'HM_SHA_256_DW01_add_302', port 'CI' is not connected to any nets. (LINT-28)
Warning: In design 'HM_SHA_256_DW01_add_302', port 'CO' is not connected to any nets. (LINT-28)
Warning: In design 'HM_SHA_256_DW01_add_303', port 'CI' is not connected to any nets. (LINT-28)
Warning: In design 'HM_SHA_256_DW01_add_303', port 'CO' is not connected to any nets. (LINT-28)
Warning: In design 'HM_SHA_256_DW01_add_304', port 'CI' is not connected to any nets. (LINT-28)
Warning: In design 'HM_SHA_256_DW01_add_304', port 'CO' is not connected to any nets. (LINT-28)
Warning: In design 'HM_SHA_256_DW01_add_305', port 'CI' is not connected to any nets. (LINT-28)
Warning: In design 'HM_SHA_256_DW01_add_305', port 'CO' is not connected to any nets. (LINT-28)
Warning: In design 'HM_SHA_256_DW01_add_306', port 'CI' is not connected to any nets. (LINT-28)
Warning: In design 'HM_SHA_256_DW01_add_306', port 'CO' is not connected to any nets. (LINT-28)
Warning: In design 'HM_SHA_256_DW01_add_307', port 'CI' is not connected to any nets. (LINT-28)
Warning: In design 'HM_SHA_256_DW01_add_307', port 'CO' is not connected to any nets. (LINT-28)
Warning: In design 'HM_SHA_256_DW01_add_308', port 'CI' is not connected to any nets. (LINT-28)
Warning: In design 'HM_SHA_256_DW01_add_308', port 'CO' is not connected to any nets. (LINT-28)
Warning: In design 'HM_SHA_256_DW01_add_309', port 'CI' is not connected to any nets. (LINT-28)
Warning: In design 'HM_SHA_256_DW01_add_309', port 'CO' is not connected to any nets. (LINT-28)
Warning: In design 'HM_SHA_256_DW01_add_310', port 'CI' is not connected to any nets. (LINT-28)
Warning: In design 'HM_SHA_256_DW01_add_310', port 'CO' is not connected to any nets. (LINT-28)
Warning: In design 'HM_SHA_256_DW01_add_311', port 'CI' is not connected to any nets. (LINT-28)
Warning: In design 'HM_SHA_256_DW01_add_311', port 'CO' is not connected to any nets. (LINT-28)
Warning: In design 'HM_SHA_256_DW01_add_312', port 'CI' is not connected to any nets. (LINT-28)
Warning: In design 'HM_SHA_256_DW01_add_312', port 'CO' is not connected to any nets. (LINT-28)
Warning: In design 'HM_SHA_256_DW01_add_313', port 'CI' is not connected to any nets. (LINT-28)
Warning: In design 'HM_SHA_256_DW01_add_313', port 'CO' is not connected to any nets. (LINT-28)
Warning: In design 'HM_SHA_256_DW01_add_314', port 'CI' is not connected to any nets. (LINT-28)
Warning: In design 'HM_SHA_256_DW01_add_314', port 'CO' is not connected to any nets. (LINT-28)
Warning: In design 'HM_SHA_256_DW01_add_315', port 'CI' is not connected to any nets. (LINT-28)
Warning: In design 'HM_SHA_256_DW01_add_315', port 'CO' is not connected to any nets. (LINT-28)
Warning: In design 'HM_SHA_256_DW01_add_316', port 'CI' is not connected to any nets. (LINT-28)
Warning: In design 'HM_SHA_256_DW01_add_316', port 'CO' is not connected to any nets. (LINT-28)
Warning: In design 'HM_SHA_256_DW01_add_317', port 'CI' is not connected to any nets. (LINT-28)
Warning: In design 'HM_SHA_256_DW01_add_317', port 'CO' is not connected to any nets. (LINT-28)
Warning: In design 'HM_SHA_256_DW01_add_318', port 'CI' is not connected to any nets. (LINT-28)
Warning: In design 'HM_SHA_256_DW01_add_318', port 'CO' is not connected to any nets. (LINT-28)
Warning: In design 'HM_SHA_256_DW01_add_319', port 'CI' is not connected to any nets. (LINT-28)
Warning: In design 'HM_SHA_256_DW01_add_319', port 'CO' is not connected to any nets. (LINT-28)
Warning: In design 'HM_SHA_256_DW01_add_320', port 'CI' is not connected to any nets. (LINT-28)
Warning: In design 'HM_SHA_256_DW01_add_320', port 'CO' is not connected to any nets. (LINT-28)
Warning: In design 'HM_SHA_256_DW01_add_321', port 'CI' is not connected to any nets. (LINT-28)
Warning: In design 'HM_SHA_256_DW01_add_321', port 'CO' is not connected to any nets. (LINT-28)
Warning: In design 'HM_SHA_256_DW01_add_322', port 'CI' is not connected to any nets. (LINT-28)
Warning: In design 'HM_SHA_256_DW01_add_322', port 'CO' is not connected to any nets. (LINT-28)
Warning: In design 'HM_SHA_256_DW01_add_323', port 'CI' is not connected to any nets. (LINT-28)
Warning: In design 'HM_SHA_256_DW01_add_323', port 'CO' is not connected to any nets. (LINT-28)
Warning: In design 'HM_SHA_256_DW01_add_359', port 'CI' is not connected to any nets. (LINT-28)
Warning: In design 'HM_SHA_256_DW01_add_359', port 'CO' is not connected to any nets. (LINT-28)
Warning: In design 'HM_SHA_256_DW01_add_448', port 'CI' is not connected to any nets. (LINT-28)
Warning: In design 'HM_SHA_256_DW01_add_448', port 'CO' is not connected to any nets. (LINT-28)
Warning: In design 'HM_SHA_256_DW01_add_449', port 'CI' is not connected to any nets. (LINT-28)
Warning: In design 'HM_SHA_256_DW01_add_449', port 'CO' is not connected to any nets. (LINT-28)
Warning: In design 'HM_SHA_256_DW01_add_455', port 'CI' is not connected to any nets. (LINT-28)
Warning: In design 'HM_SHA_256_DW01_add_455', port 'CO' is not connected to any nets. (LINT-28)
Warning: In design 'HM_SHA_256_DW01_add_457', port 'CI' is not connected to any nets. (LINT-28)
Warning: In design 'HM_SHA_256_DW01_add_457', port 'CO' is not connected to any nets. (LINT-28)
Warning: In design 'HM_SHA_256_DW01_add_459', port 'CI' is not connected to any nets. (LINT-28)
Warning: In design 'HM_SHA_256_DW01_add_459', port 'CO' is not connected to any nets. (LINT-28)
Warning: In design 'HM_SHA_256_DW01_add_461', port 'CI' is not connected to any nets. (LINT-28)
Warning: In design 'HM_SHA_256_DW01_add_461', port 'CO' is not connected to any nets. (LINT-28)
Warning: In design 'HM_SHA_256_DW01_add_463', port 'CI' is not connected to any nets. (LINT-28)
Warning: In design 'HM_SHA_256_DW01_add_463', port 'CO' is not connected to any nets. (LINT-28)
Warning: In design 'HM_SHA_256_DW01_add_468', port 'CI' is not connected to any nets. (LINT-28)
Warning: In design 'HM_SHA_256_DW01_add_468', port 'CO' is not connected to any nets. (LINT-28)
Warning: In design 'HM_SHA_256_DW01_add_469', port 'CI' is not connected to any nets. (LINT-28)
Warning: In design 'HM_SHA_256_DW01_add_469', port 'CO' is not connected to any nets. (LINT-28)
Warning: In design 'HM_check_hash', a pin on submodule 'lt_18' is connected to logic 1 or logic 0. (LINT-32)
   Pin 'TC' is connected to logic 0. 
Warning: In design 'HM_check_hash', a pin on submodule 'lt_18' is connected to logic 1 or logic 0. (LINT-32)
   Pin 'GE_LT' is connected to logic 1. 
Warning: In design 'HM_check_hash', a pin on submodule 'lt_18' is connected to logic 1 or logic 0. (LINT-32)
   Pin 'GE_GT_EQ' is connected to logic 0. 
Warning: In design 'HM_SHA_256', a pin on submodule 'add_2_root_add_0_root_add_134_3' is connected to logic 1 or logic 0. (LINT-32)
   Pin 'CI' is connected to logic 0. 
Warning: In design 'HM_SHA_256', a pin on submodule 'add_2_root_add_0_root_add_134_3_I2' is connected to logic 1 or logic 0. (LINT-32)
   Pin 'CI' is connected to logic 0. 
Warning: In design 'HM_SHA_256', a pin on submodule 'add_1_root_add_0_root_add_134_3_I3' is connected to logic 1 or logic 0. (LINT-32)
   Pin 'CI' is connected to logic 0. 
Warning: In design 'HM_SHA_256', a pin on submodule 'add_1_root_add_0_root_add_134_3_I4' is connected to logic 1 or logic 0. (LINT-32)
   Pin 'CI' is connected to logic 0. 
Warning: In design 'HM_SHA_256', a pin on submodule 'add_1_root_add_0_root_add_134_3_I5' is connected to logic 1 or logic 0. (LINT-32)
   Pin 'CI' is connected to logic 0. 
Warning: In design 'HM_SHA_256', a pin on submodule 'add_1_root_add_0_root_add_134_3_I6' is connected to logic 1 or logic 0. (LINT-32)
   Pin 'CI' is connected to logic 0. 
Warning: In design 'HM_SHA_256', a pin on submodule 'add_1_root_add_0_root_add_134_3_I7' is connected to logic 1 or logic 0. (LINT-32)
   Pin 'CI' is connected to logic 0. 
Warning: In design 'HM_SHA_256', a pin on submodule 'add_1_root_add_0_root_add_134_3' is connected to logic 1 or logic 0. (LINT-32)
   Pin 'CI' is connected to logic 0. 
Warning: In design 'HM_SHA_256', a pin on submodule 'add_1_root_add_0_root_add_134_3_I2' is connected to logic 1 or logic 0. (LINT-32)
   Pin 'CI' is connected to logic 0. 
Warning: In design 'HM_SHA_256', a pin on submodule 'add_0_root_add_0_root_add_134_3_I8' is connected to logic 1 or logic 0. (LINT-32)
   Pin 'CI' is connected to logic 0. 
Warning: In design 'HM_SHA_256', a pin on submodule 'add_0_root_add_0_root_add_134_3_I9' is connected to logic 1 or logic 0. (LINT-32)
   Pin 'CI' is connected to logic 0. 
Warning: In design 'HM_SHA_256', a pin on submodule 'add_1_root_add_0_root_add_134_3_I10' is connected to logic 1 or logic 0. (LINT-32)
   Pin 'CI' is connected to logic 0. 
Warning: In design 'HM_SHA_256', a pin on submodule 'add_0_root_add_0_root_add_134_3_I10' is connected to logic 1 or logic 0. (LINT-32)
   Pin 'CI' is connected to logic 0. 
Warning: In design 'HM_SHA_256', a pin on submodule 'add_1_root_add_0_root_add_134_3_I11' is connected to logic 1 or logic 0. (LINT-32)
   Pin 'CI' is connected to logic 0. 
Warning: In design 'HM_SHA_256', a pin on submodule 'add_1_root_add_0_root_add_134_3_I12' is connected to logic 1 or logic 0. (LINT-32)
   Pin 'CI' is connected to logic 0. 
Warning: In design 'HM_SHA_256', a pin on submodule 'add_1_root_add_0_root_add_134_3_I13' is connected to logic 1 or logic 0. (LINT-32)
   Pin 'CI' is connected to logic 0. 
Warning: In design 'HM_SHA_256', a pin on submodule 'add_0_root_add_0_root_add_134_3_I13' is connected to logic 1 or logic 0. (LINT-32)
   Pin 'CI' is connected to logic 0. 
Warning: In design 'HM_SHA_256', a pin on submodule 'add_1_root_add_0_root_add_134_3_I14' is connected to logic 1 or logic 0. (LINT-32)
   Pin 'CI' is connected to logic 0. 
Warning: In design 'HM_SHA_256', a pin on submodule 'add_0_root_add_0_root_add_134_3_I14' is connected to logic 1 or logic 0. (LINT-32)
   Pin 'CI' is connected to logic 0. 
Warning: In design 'HM_SHA_256', a pin on submodule 'add_1_root_add_0_root_add_134_3_I15' is connected to logic 1 or logic 0. (LINT-32)
   Pin 'CI' is connected to logic 0. 
Warning: In design 'HM_SHA_256', a pin on submodule 'add_0_root_add_0_root_add_134_3_I15' is connected to logic 1 or logic 0. (LINT-32)
   Pin 'CI' is connected to logic 0. 
Warning: In design 'HM_SHA_256', a pin on submodule 'add_0_root_add_0_root_add_134_3_I16' is connected to logic 1 or logic 0. (LINT-32)
   Pin 'CI' is connected to logic 0. 
Warning: In design 'HM_SHA_256', a pin on submodule 'add_3_root_add_0_root_add_171_4' is connected to logic 1 or logic 0. (LINT-32)
   Pin 'CI' is connected to logic 0. 
Warning: In design 'HM_SHA_256', a pin on submodule 'add_2_root_add_0_root_add_134_3_I3' is connected to logic 1 or logic 0. (LINT-32)
   Pin 'CI' is connected to logic 0. 
Warning: In design 'HM_SHA_256', a pin on submodule 'add_2_root_add_0_root_add_134_3_I4' is connected to logic 1 or logic 0. (LINT-32)
   Pin 'CI' is connected to logic 0. 
Warning: In design 'HM_SHA_256', a pin on submodule 'add_2_root_add_0_root_add_134_3_I5' is connected to logic 1 or logic 0. (LINT-32)
   Pin 'CI' is connected to logic 0. 
Warning: In design 'HM_SHA_256', a pin on submodule 'add_2_root_add_0_root_add_134_3_I6' is connected to logic 1 or logic 0. (LINT-32)
   Pin 'CI' is connected to logic 0. 
Warning: In design 'HM_SHA_256', a pin on submodule 'add_2_root_add_0_root_add_134_3_I7' is connected to logic 1 or logic 0. (LINT-32)
   Pin 'CI' is connected to logic 0. 
Warning: In design 'HM_SHA_256', a pin on submodule 'add_2_root_add_0_root_add_134_3_I10' is connected to logic 1 or logic 0. (LINT-32)
   Pin 'CI' is connected to logic 0. 
Warning: In design 'HM_SHA_256', a pin on submodule 'add_2_root_add_0_root_add_134_3_I11' is connected to logic 1 or logic 0. (LINT-32)
   Pin 'CI' is connected to logic 0. 
Warning: In design 'HM_SHA_256', a pin on submodule 'add_2_root_add_0_root_add_134_3_I12' is connected to logic 1 or logic 0. (LINT-32)
   Pin 'CI' is connected to logic 0. 
Warning: In design 'HM_SHA_256', a pin on submodule 'add_2_root_add_0_root_add_134_3_I13' is connected to logic 1 or logic 0. (LINT-32)
   Pin 'CI' is connected to logic 0. 
Warning: In design 'HM_SHA_256', a pin on submodule 'add_2_root_add_0_root_add_134_3_I14' is connected to logic 1 or logic 0. (LINT-32)
   Pin 'CI' is connected to logic 0. 
Warning: In design 'HM_SHA_256', a pin on submodule 'add_2_root_add_0_root_add_134_3_I15' is connected to logic 1 or logic 0. (LINT-32)
   Pin 'CI' is connected to logic 0. 
Warning: In design 'HM_SHA_256', a pin on submodule 'add_1_root_add_0_root_add_134_3_I9' is connected to logic 1 or logic 0. (LINT-32)
   Pin 'CI' is connected to logic 0. 
Warning: In design 'HM_SHA_256', a pin on submodule 'add_2_root_add_0_root_add_134_3_I8' is connected to logic 1 or logic 0. (LINT-32)
   Pin 'CI' is connected to logic 0. 
Warning: In design 'HM_SHA_256', a pin on submodule 'add_2_root_add_0_root_add_134_3_I9' is connected to logic 1 or logic 0. (LINT-32)
   Pin 'CI' is connected to logic 0. 
Warning: In design 'HM_SHA_256', a pin on submodule 'add_2_root_add_0_root_add_134_3_I16' is connected to logic 1 or logic 0. (LINT-32)
   Pin 'CI' is connected to logic 0. 
Warning: In design 'HM_SHA_256', a pin on submodule 'add_1_root_add_0_root_add_134_3_I8' is connected to logic 1 or logic 0. (LINT-32)
   Pin 'CI' is connected to logic 0. 
Warning: In design 'HM_SHA_256', a pin on submodule 'add_1_root_add_0_root_add_134_3_I16' is connected to logic 1 or logic 0. (LINT-32)
   Pin 'CI' is connected to logic 0. 
Warning: In design 'HM_SHA_256', a pin on submodule 'add_192_8' is connected to logic 1 or logic 0. (LINT-32)
   Pin 'CI' is connected to logic 0. 
Warning: In design 'HM_SHA_256', a pin on submodule 'add_192_7' is connected to logic 1 or logic 0. (LINT-32)
   Pin 'CI' is connected to logic 0. 
Warning: In design 'HM_SHA_256', a pin on submodule 'add_192_4' is connected to logic 1 or logic 0. (LINT-32)
   Pin 'CI' is connected to logic 0. 
Warning: In design 'HM_SHA_256', a pin on submodule 'add_192_2' is connected to logic 1 or logic 0. (LINT-32)
   Pin 'CI' is connected to logic 0. 
Warning: In design 'HM_SHA_256', a pin on submodule 'add_192' is connected to logic 1 or logic 0. (LINT-32)
   Pin 'CI' is connected to logic 0. 
Warning: In design 'HM_SHA_256', a pin on submodule 'add_192_6' is connected to logic 1 or logic 0. (LINT-32)
   Pin 'CI' is connected to logic 0. 
Warning: In design 'HM_SHA_256', a pin on submodule 'add_192_5' is connected to logic 1 or logic 0. (LINT-32)
   Pin 'CI' is connected to logic 0. 
Warning: In design 'HM_SHA_256', a pin on submodule 'add_192_3' is connected to logic 1 or logic 0. (LINT-32)
   Pin 'CI' is connected to logic 0. 
Warning: In design 'HM_SHA_256', a pin on submodule 'add_1_root_add_0_root_add_184' is connected to logic 1 or logic 0. (LINT-32)
   Pin 'CI' is connected to logic 0. 
Warning: In design 'HM_SHA_256', a pin on submodule 'add_2_root_add_0_root_add_134_3_I36' is connected to logic 1 or logic 0. (LINT-32)
   Pin 'CI' is connected to logic 0. 
Warning: In design 'HM_SHA_256', a pin on submodule 'add_2_root_add_0_root_add_134_3_I37' is connected to logic 1 or logic 0. (LINT-32)
   Pin 'CI' is connected to logic 0. 
Warning: In design 'HM_SHA_256', a pin on submodule 'add_2_root_add_0_root_add_134_3_I39' is connected to logic 1 or logic 0. (LINT-32)
   Pin 'CI' is connected to logic 0. 
Warning: In design 'HM_SHA_256', a pin on submodule 'add_1_root_add_0_root_add_134_3_I29' is connected to logic 1 or logic 0. (LINT-32)
   Pin 'CI' is connected to logic 0. 
Warning: In design 'HM_SHA_256', a pin on submodule 'add_1_root_add_0_root_add_134_3_I30' is connected to logic 1 or logic 0. (LINT-32)
   Pin 'CI' is connected to logic 0. 
Warning: In design 'HM_SHA_256', a pin on submodule 'add_1_root_add_0_root_add_134_3_I33' is connected to logic 1 or logic 0. (LINT-32)
   Pin 'CI' is connected to logic 0. 
Warning: In design 'HM_SHA_256', a pin on submodule 'add_2_root_add_0_root_add_134_3_I38' is connected to logic 1 or logic 0. (LINT-32)
   Pin 'CI' is connected to logic 0. 
Warning: In design 'HM_SHA_256', a pin on submodule 'add_2_root_add_0_root_add_134_3_I40' is connected to logic 1 or logic 0. (LINT-32)
   Pin 'CI' is connected to logic 0. 
Warning: In design 'HM_SHA_256', a pin on submodule 'add_2_root_add_0_root_add_134_3_I41' is connected to logic 1 or logic 0. (LINT-32)
   Pin 'CI' is connected to logic 0. 
Warning: In design 'HM_SHA_256', a pin on submodule 'add_2_root_add_0_root_add_134_3_I42' is connected to logic 1 or logic 0. (LINT-32)
   Pin 'CI' is connected to logic 0. 
Warning: In design 'HM_SHA_256', a pin on submodule 'add_2_root_add_0_root_add_134_3_I43' is connected to logic 1 or logic 0. (LINT-32)
   Pin 'CI' is connected to logic 0. 
Warning: In design 'HM_SHA_256', a pin on submodule 'add_2_root_add_0_root_add_134_3_I44' is connected to logic 1 or logic 0. (LINT-32)
   Pin 'CI' is connected to logic 0. 
Warning: In design 'HM_SHA_256', a pin on submodule 'add_2_root_add_0_root_add_134_3_I45' is connected to logic 1 or logic 0. (LINT-32)
   Pin 'CI' is connected to logic 0. 
Warning: In design 'HM_SHA_256', a pin on submodule 'add_2_root_add_0_root_add_134_3_I46' is connected to logic 1 or logic 0. (LINT-32)
   Pin 'CI' is connected to logic 0. 
Warning: In design 'HM_SHA_256', a pin on submodule 'add_2_root_add_0_root_add_134_3_I47' is connected to logic 1 or logic 0. (LINT-32)
   Pin 'CI' is connected to logic 0. 
Warning: In design 'HM_SHA_256', a pin on submodule 'add_2_root_add_0_root_add_134_3_I48' is connected to logic 1 or logic 0. (LINT-32)
   Pin 'CI' is connected to logic 0. 
Warning: In design 'HM_SHA_256', a pin on submodule 'add_1_root_add_0_root_add_134_3_I18' is connected to logic 1 or logic 0. (LINT-32)
   Pin 'CI' is connected to logic 0. 
Warning: In design 'HM_SHA_256', a pin on submodule 'add_1_root_add_0_root_add_134_3_I19' is connected to logic 1 or logic 0. (LINT-32)
   Pin 'CI' is connected to logic 0. 
Warning: In design 'HM_SHA_256', a pin on submodule 'add_1_root_add_0_root_add_134_3_I21' is connected to logic 1 or logic 0. (LINT-32)
   Pin 'CI' is connected to logic 0. 
Warning: In design 'HM_SHA_256', a pin on submodule 'add_1_root_add_0_root_add_134_3_I22' is connected to logic 1 or logic 0. (LINT-32)
   Pin 'CI' is connected to logic 0. 
Warning: In design 'HM_SHA_256', a pin on submodule 'add_1_root_add_0_root_add_134_3_I23' is connected to logic 1 or logic 0. (LINT-32)
   Pin 'CI' is connected to logic 0. 
Warning: In design 'HM_SHA_256', a pin on submodule 'add_1_root_add_0_root_add_134_3_I24' is connected to logic 1 or logic 0. (LINT-32)
   Pin 'CI' is connected to logic 0. 
Warning: In design 'HM_SHA_256', a pin on submodule 'add_1_root_add_0_root_add_134_3_I25' is connected to logic 1 or logic 0. (LINT-32)
   Pin 'CI' is connected to logic 0. 
Warning: In design 'HM_SHA_256', a pin on submodule 'add_1_root_add_0_root_add_134_3_I26' is connected to logic 1 or logic 0. (LINT-32)
   Pin 'CI' is connected to logic 0. 
Warning: In design 'HM_SHA_256', a pin on submodule 'add_1_root_add_0_root_add_134_3_I27' is connected to logic 1 or logic 0. (LINT-32)
   Pin 'CI' is connected to logic 0. 
Warning: In design 'HM_SHA_256', a pin on submodule 'add_1_root_add_0_root_add_134_3_I28' is connected to logic 1 or logic 0. (LINT-32)
   Pin 'CI' is connected to logic 0. 
Warning: In design 'HM_SHA_256', a pin on submodule 'add_1_root_add_0_root_add_134_3_I31' is connected to logic 1 or logic 0. (LINT-32)
   Pin 'CI' is connected to logic 0. 
Warning: In design 'HM_SHA_256', a pin on submodule 'add_1_root_add_0_root_add_134_3_I32' is connected to logic 1 or logic 0. (LINT-32)
   Pin 'CI' is connected to logic 0. 
Warning: In design 'HM_SHA_256', a pin on submodule 'add_1_root_add_0_root_add_134_3_I34' is connected to logic 1 or logic 0. (LINT-32)
   Pin 'CI' is connected to logic 0. 
Warning: In design 'HM_SHA_256', a pin on submodule 'add_1_root_add_0_root_add_134_3_I35' is connected to logic 1 or logic 0. (LINT-32)
   Pin 'CI' is connected to logic 0. 
Warning: In design 'HM_SHA_256', a pin on submodule 'add_1_root_add_0_root_add_134_3_I36' is connected to logic 1 or logic 0. (LINT-32)
   Pin 'CI' is connected to logic 0. 
Warning: In design 'HM_SHA_256', a pin on submodule 'add_1_root_add_0_root_add_134_3_I37' is connected to logic 1 or logic 0. (LINT-32)
   Pin 'CI' is connected to logic 0. 
Warning: In design 'HM_SHA_256', a pin on submodule 'add_1_root_add_0_root_add_134_3_I38' is connected to logic 1 or logic 0. (LINT-32)
   Pin 'CI' is connected to logic 0. 
Warning: In design 'HM_SHA_256', a pin on submodule 'add_1_root_add_0_root_add_134_3_I39' is connected to logic 1 or logic 0. (LINT-32)
   Pin 'CI' is connected to logic 0. 
Warning: In design 'HM_SHA_256', a pin on submodule 'add_1_root_add_0_root_add_134_3_I40' is connected to logic 1 or logic 0. (LINT-32)
   Pin 'CI' is connected to logic 0. 
Warning: In design 'HM_SHA_256', a pin on submodule 'add_1_root_add_0_root_add_134_3_I41' is connected to logic 1 or logic 0. (LINT-32)
   Pin 'CI' is connected to logic 0. 
Warning: In design 'HM_SHA_256', a pin on submodule 'add_1_root_add_0_root_add_134_3_I42' is connected to logic 1 or logic 0. (LINT-32)
   Pin 'CI' is connected to logic 0. 
Warning: In design 'HM_SHA_256', a pin on submodule 'add_1_root_add_0_root_add_134_3_I43' is connected to logic 1 or logic 0. (LINT-32)
   Pin 'CI' is connected to logic 0. 
Warning: In design 'HM_SHA_256', a pin on submodule 'add_1_root_add_0_root_add_134_3_I44' is connected to logic 1 or logic 0. (LINT-32)
   Pin 'CI' is connected to logic 0. 
Warning: In design 'HM_SHA_256', a pin on submodule 'add_1_root_add_0_root_add_134_3_I45' is connected to logic 1 or logic 0. (LINT-32)
   Pin 'CI' is connected to logic 0. 
Warning: In design 'HM_SHA_256', a pin on submodule 'add_1_root_add_0_root_add_134_3_I46' is connected to logic 1 or logic 0. (LINT-32)
   Pin 'CI' is connected to logic 0. 
Warning: In design 'HM_SHA_256', a pin on submodule 'add_1_root_add_0_root_add_134_3_I47' is connected to logic 1 or logic 0. (LINT-32)
   Pin 'CI' is connected to logic 0. 
Warning: In design 'HM_SHA_256', a pin on submodule 'add_1_root_add_0_root_add_134_3_I48' is connected to logic 1 or logic 0. (LINT-32)
   Pin 'CI' is connected to logic 0. 
Warning: In design 'HM_SHA_256', a pin on submodule 'add_1_root_add_0_root_add_134_3_I17' is connected to logic 1 or logic 0. (LINT-32)
   Pin 'CI' is connected to logic 0. 
Warning: In design 'HM_SHA_256', a pin on submodule 'add_1_root_add_0_root_add_134_3_I20' is connected to logic 1 or logic 0. (LINT-32)
   Pin 'CI' is connected to logic 0. 
Warning: In design 'HM_SHA_256', a pin on submodule 'add_2_root_add_0_root_add_134_3_I17' is connected to logic 1 or logic 0. (LINT-32)
   Pin 'CI' is connected to logic 0. 
Warning: In design 'HM_SHA_256', a pin on submodule 'add_0_root_add_0_root_add_134_3_I17' is connected to logic 1 or logic 0. (LINT-32)
   Pin 'CI' is connected to logic 0. 
Warning: In design 'HM_SHA_256', a pin on submodule 'add_2_root_add_0_root_add_134_3_I18' is connected to logic 1 or logic 0. (LINT-32)
   Pin 'CI' is connected to logic 0. 
Warning: In design 'HM_SHA_256', a pin on submodule 'add_0_root_add_0_root_add_134_3_I18' is connected to logic 1 or logic 0. (LINT-32)
   Pin 'CI' is connected to logic 0. 
Warning: In design 'HM_SHA_256', a pin on submodule 'add_2_root_add_0_root_add_134_3_I19' is connected to logic 1 or logic 0. (LINT-32)
   Pin 'CI' is connected to logic 0. 
Warning: In design 'HM_SHA_256', a pin on submodule 'add_0_root_add_0_root_add_134_3_I19' is connected to logic 1 or logic 0. (LINT-32)
   Pin 'CI' is connected to logic 0. 
Warning: In design 'HM_SHA_256', a pin on submodule 'add_2_root_add_0_root_add_134_3_I20' is connected to logic 1 or logic 0. (LINT-32)
   Pin 'CI' is connected to logic 0. 
Warning: In design 'HM_SHA_256', a pin on submodule 'add_0_root_add_0_root_add_134_3_I20' is connected to logic 1 or logic 0. (LINT-32)
   Pin 'CI' is connected to logic 0. 
Warning: In design 'HM_SHA_256', a pin on submodule 'add_2_root_add_0_root_add_134_3_I21' is connected to logic 1 or logic 0. (LINT-32)
   Pin 'CI' is connected to logic 0. 
Warning: In design 'HM_SHA_256', a pin on submodule 'add_0_root_add_0_root_add_134_3_I21' is connected to logic 1 or logic 0. (LINT-32)
   Pin 'CI' is connected to logic 0. 
Warning: In design 'HM_SHA_256', a pin on submodule 'add_2_root_add_0_root_add_134_3_I22' is connected to logic 1 or logic 0. (LINT-32)
   Pin 'CI' is connected to logic 0. 
Warning: In design 'HM_SHA_256', a pin on submodule 'add_0_root_add_0_root_add_134_3_I22' is connected to logic 1 or logic 0. (LINT-32)
   Pin 'CI' is connected to logic 0. 
Warning: In design 'HM_SHA_256', a pin on submodule 'add_2_root_add_0_root_add_134_3_I23' is connected to logic 1 or logic 0. (LINT-32)
   Pin 'CI' is connected to logic 0. 
Warning: In design 'HM_SHA_256', a pin on submodule 'add_0_root_add_0_root_add_134_3_I23' is connected to logic 1 or logic 0. (LINT-32)
   Pin 'CI' is connected to logic 0. 
Warning: In design 'HM_SHA_256', a pin on submodule 'add_2_root_add_0_root_add_134_3_I24' is connected to logic 1 or logic 0. (LINT-32)
   Pin 'CI' is connected to logic 0. 
Warning: In design 'HM_SHA_256', a pin on submodule 'add_0_root_add_0_root_add_134_3_I24' is connected to logic 1 or logic 0. (LINT-32)
   Pin 'CI' is connected to logic 0. 
Warning: In design 'HM_SHA_256', a pin on submodule 'add_2_root_add_0_root_add_134_3_I25' is connected to logic 1 or logic 0. (LINT-32)
   Pin 'CI' is connected to logic 0. 
Warning: In design 'HM_SHA_256', a pin on submodule 'add_0_root_add_0_root_add_134_3_I25' is connected to logic 1 or logic 0. (LINT-32)
   Pin 'CI' is connected to logic 0. 
Warning: In design 'HM_SHA_256', a pin on submodule 'add_2_root_add_0_root_add_134_3_I26' is connected to logic 1 or logic 0. (LINT-32)
   Pin 'CI' is connected to logic 0. 
Warning: In design 'HM_SHA_256', a pin on submodule 'add_0_root_add_0_root_add_134_3_I26' is connected to logic 1 or logic 0. (LINT-32)
   Pin 'CI' is connected to logic 0. 
Warning: In design 'HM_SHA_256', a pin on submodule 'add_2_root_add_0_root_add_134_3_I27' is connected to logic 1 or logic 0. (LINT-32)
   Pin 'CI' is connected to logic 0. 
Warning: In design 'HM_SHA_256', a pin on submodule 'add_0_root_add_0_root_add_134_3_I27' is connected to logic 1 or logic 0. (LINT-32)
   Pin 'CI' is connected to logic 0. 
Warning: In design 'HM_SHA_256', a pin on submodule 'add_2_root_add_0_root_add_134_3_I28' is connected to logic 1 or logic 0. (LINT-32)
   Pin 'CI' is connected to logic 0. 
Warning: In design 'HM_SHA_256', a pin on submodule 'add_0_root_add_0_root_add_134_3_I28' is connected to logic 1 or logic 0. (LINT-32)
   Pin 'CI' is connected to logic 0. 
Warning: In design 'HM_SHA_256', a pin on submodule 'add_2_root_add_0_root_add_134_3_I29' is connected to logic 1 or logic 0. (LINT-32)
   Pin 'CI' is connected to logic 0. 
Warning: In design 'HM_SHA_256', a pin on submodule 'add_0_root_add_0_root_add_134_3_I29' is connected to logic 1 or logic 0. (LINT-32)
   Pin 'CI' is connected to logic 0. 
Warning: In design 'HM_SHA_256', a pin on submodule 'add_2_root_add_0_root_add_134_3_I30' is connected to logic 1 or logic 0. (LINT-32)
   Pin 'CI' is connected to logic 0. 
Warning: In design 'HM_SHA_256', a pin on submodule 'add_0_root_add_0_root_add_134_3_I30' is connected to logic 1 or logic 0. (LINT-32)
   Pin 'CI' is connected to logic 0. 
Warning: In design 'HM_SHA_256', a pin on submodule 'add_2_root_add_0_root_add_134_3_I31' is connected to logic 1 or logic 0. (LINT-32)
   Pin 'CI' is connected to logic 0. 
Warning: In design 'HM_SHA_256', a pin on submodule 'add_0_root_add_0_root_add_134_3_I31' is connected to logic 1 or logic 0. (LINT-32)
   Pin 'CI' is connected to logic 0. 
Warning: In design 'HM_SHA_256', a pin on submodule 'add_2_root_add_0_root_add_134_3_I32' is connected to logic 1 or logic 0. (LINT-32)
   Pin 'CI' is connected to logic 0. 
Warning: In design 'HM_SHA_256', a pin on submodule 'add_0_root_add_0_root_add_134_3_I32' is connected to logic 1 or logic 0. (LINT-32)
   Pin 'CI' is connected to logic 0. 
Warning: In design 'HM_SHA_256', a pin on submodule 'add_2_root_add_0_root_add_134_3_I33' is connected to logic 1 or logic 0. (LINT-32)
   Pin 'CI' is connected to logic 0. 
Warning: In design 'HM_SHA_256', a pin on submodule 'add_0_root_add_0_root_add_134_3_I33' is connected to logic 1 or logic 0. (LINT-32)
   Pin 'CI' is connected to logic 0. 
Warning: In design 'HM_SHA_256', a pin on submodule 'add_2_root_add_0_root_add_134_3_I34' is connected to logic 1 or logic 0. (LINT-32)
   Pin 'CI' is connected to logic 0. 
Warning: In design 'HM_SHA_256', a pin on submodule 'add_0_root_add_0_root_add_134_3_I34' is connected to logic 1 or logic 0. (LINT-32)
   Pin 'CI' is connected to logic 0. 
Warning: In design 'HM_SHA_256', a pin on submodule 'add_2_root_add_0_root_add_134_3_I35' is connected to logic 1 or logic 0. (LINT-32)
   Pin 'CI' is connected to logic 0. 
Warning: In design 'HM_SHA_256', a pin on submodule 'add_0_root_add_0_root_add_134_3_I35' is connected to logic 1 or logic 0. (LINT-32)
   Pin 'CI' is connected to logic 0. 
Warning: In design 'HM_SHA_256', a pin on submodule 'add_0_root_add_0_root_add_134_3_I36' is connected to logic 1 or logic 0. (LINT-32)
   Pin 'CI' is connected to logic 0. 
Warning: In design 'HM_SHA_256', a pin on submodule 'add_0_root_add_0_root_add_134_3_I37' is connected to logic 1 or logic 0. (LINT-32)
   Pin 'CI' is connected to logic 0. 
Warning: In design 'HM_SHA_256', a pin on submodule 'add_0_root_add_0_root_add_134_3_I38' is connected to logic 1 or logic 0. (LINT-32)
   Pin 'CI' is connected to logic 0. 
Warning: In design 'HM_SHA_256', a pin on submodule 'add_0_root_add_0_root_add_134_3_I39' is connected to logic 1 or logic 0. (LINT-32)
   Pin 'CI' is connected to logic 0. 
Warning: In design 'HM_SHA_256', a pin on submodule 'add_0_root_add_0_root_add_134_3_I40' is connected to logic 1 or logic 0. (LINT-32)
   Pin 'CI' is connected to logic 0. 
Warning: In design 'HM_SHA_256', a pin on submodule 'add_0_root_add_0_root_add_134_3_I41' is connected to logic 1 or logic 0. (LINT-32)
   Pin 'CI' is connected to logic 0. 
Warning: In design 'HM_SHA_256', a pin on submodule 'add_0_root_add_0_root_add_134_3_I42' is connected to logic 1 or logic 0. (LINT-32)
   Pin 'CI' is connected to logic 0. 
Warning: In design 'HM_SHA_256', a pin on submodule 'add_0_root_add_0_root_add_134_3_I43' is connected to logic 1 or logic 0. (LINT-32)
   Pin 'CI' is connected to logic 0. 
Warning: In design 'HM_SHA_256', a pin on submodule 'add_0_root_add_0_root_add_134_3_I44' is connected to logic 1 or logic 0. (LINT-32)
   Pin 'CI' is connected to logic 0. 
Warning: In design 'HM_SHA_256', a pin on submodule 'add_0_root_add_0_root_add_134_3_I45' is connected to logic 1 or logic 0. (LINT-32)
   Pin 'CI' is connected to logic 0. 
Warning: In design 'HM_SHA_256', a pin on submodule 'add_0_root_add_0_root_add_134_3_I46' is connected to logic 1 or logic 0. (LINT-32)
   Pin 'CI' is connected to logic 0. 
Warning: In design 'HM_SHA_256', a pin on submodule 'add_0_root_add_0_root_add_134_3_I47' is connected to logic 1 or logic 0. (LINT-32)
   Pin 'CI' is connected to logic 0. 
Warning: In design 'HM_SHA_256', a pin on submodule 'add_2_root_add_0_root_add_171_4' is connected to logic 1 or logic 0. (LINT-32)
   Pin 'CI' is connected to logic 0. 
Warning: In design 'HM_SHA_256', a pin on submodule 'add_180' is connected to logic 1 or logic 0. (LINT-32)
   Pin 'CI' is connected to logic 0. 
Warning: In design 'HM_SHA_256', a pin on submodule 'add_0_root_add_0_root_add_184' is connected to logic 1 or logic 0. (LINT-32)
   Pin 'CI' is connected to logic 0. 
Warning: In design 'HM_SHA_256', a pin on submodule 'add_1_root_add_0_root_add_171_4' is connected to logic 1 or logic 0. (LINT-32)
   Pin 'CI' is connected to logic 0. 
Warning: In design 'HM_SHA_256', a pin on submodule 'add_0_root_add_0_root_add_171_4' is connected to logic 1 or logic 0. (LINT-32)
   Pin 'CI' is connected to logic 0. 
Warning: In design 'HM_SHA_256', a pin on submodule 'add_0_root_add_0_root_add_134_3_I48' is connected to logic 1 or logic 0. (LINT-32)
   Pin 'CI' is connected to logic 0. 
Warning: In design 'HM_SHA_256', a pin on submodule 'add_0_root_add_0_root_add_134_3_I12' is connected to logic 1 or logic 0. (LINT-32)
   Pin 'CI' is connected to logic 0. 
Warning: In design 'HM_SHA_256', a pin on submodule 'add_0_root_add_0_root_add_134_3_I11' is connected to logic 1 or logic 0. (LINT-32)
   Pin 'CI' is connected to logic 0. 
Warning: In design 'HM_SHA_256', a pin on submodule 'add_0_root_add_0_root_add_134_3_I7' is connected to logic 1 or logic 0. (LINT-32)
   Pin 'CI' is connected to logic 0. 
Warning: In design 'HM_SHA_256', a pin on submodule 'add_0_root_add_0_root_add_134_3_I6' is connected to logic 1 or logic 0. (LINT-32)
   Pin 'CI' is connected to logic 0. 
Warning: In design 'HM_SHA_256', a pin on submodule 'add_0_root_add_0_root_add_134_3_I5' is connected to logic 1 or logic 0. (LINT-32)
   Pin 'CI' is connected to logic 0. 
Warning: In design 'HM_SHA_256', a pin on submodule 'add_0_root_add_0_root_add_134_3_I4' is connected to logic 1 or logic 0. (LINT-32)
   Pin 'CI' is connected to logic 0. 
Warning: In design 'HM_SHA_256', a pin on submodule 'add_0_root_add_0_root_add_134_3_I3' is connected to logic 1 or logic 0. (LINT-32)
   Pin 'CI' is connected to logic 0. 
Warning: In design 'HM_SHA_256', a pin on submodule 'add_0_root_add_0_root_add_134_3_I2' is connected to logic 1 or logic 0. (LINT-32)
   Pin 'CI' is connected to logic 0. 
Warning: In design 'HM_SHA_256', a pin on submodule 'add_0_root_add_0_root_add_134_3' is connected to logic 1 or logic 0. (LINT-32)
   Pin 'CI' is connected to logic 0. 
Warning: In design 'HM_timer', a pin on submodule 'HASH_CNT' is connected to logic 1 or logic 0. (LINT-32)
   Pin 'clear' is connected to logic 0. 
Warning: In design 'HM_timer', a pin on submodule 'HASH_CNT' is connected to logic 1 or logic 0. (LINT-32)
   Pin 'rollover_val[6]' is connected to logic 0. 
Warning: In design 'HM_timer', a pin on submodule 'HASH_CNT' is connected to logic 1 or logic 0. (LINT-32)
   Pin 'rollover_val[5]' is connected to logic 1. 
Warning: In design 'HM_timer', a pin on submodule 'HASH_CNT' is connected to logic 1 or logic 0. (LINT-32)
   Pin 'rollover_val[4]' is connected to logic 1. 
Warning: In design 'HM_timer', a pin on submodule 'HASH_CNT' is connected to logic 1 or logic 0. (LINT-32)
   Pin 'rollover_val[3]' is connected to logic 1. 
Warning: In design 'HM_timer', a pin on submodule 'HASH_CNT' is connected to logic 1 or logic 0. (LINT-32)
   Pin 'rollover_val[2]' is connected to logic 1. 
Warning: In design 'HM_timer', a pin on submodule 'HASH_CNT' is connected to logic 1 or logic 0. (LINT-32)
   Pin 'rollover_val[1]' is connected to logic 1. 
Warning: In design 'HM_timer', a pin on submodule 'HASH_CNT' is connected to logic 1 or logic 0. (LINT-32)
   Pin 'rollover_val[0]' is connected to logic 1. 
Warning: In design 'flex_counter_fix_NUM_CNT_BITS7', a pin on submodule 'r300' is connected to logic 1 or logic 0. (LINT-32)
   Pin 'A[7]' is connected to logic 0. 
Warning: In design 'HM_check_hash', the same net is connected to more than one pin on submodule 'lt_18'. (LINT-33)
   Net 'n1' is connected to pins 'TC', 'GE_GT_EQ''.
Warning: In design 'HM_timer', the same net is connected to more than one pin on submodule 'HASH_CNT'. (LINT-33)
   Net '*Logic1*' is connected to pins 'rollover_val[5]', 'rollover_val[4]'', 'rollover_val[3]', 'rollover_val[2]', 'rollover_val[1]', 'rollover_val[0]'.
quit

Thank you...
Done


