Synthesizing design: PD_hash_separation.sv
dc_shell-t -x "source -echo do_mapping.tcl"
                                        
                           Design Compiler Graphical 
                                 DC Ultra (TM)
                                  DFTMAX (TM)
                              Power Compiler (TM)
                                 DesignWare (R)
                                 DC Expert (TM)
                               Design Vision (TM)
                               HDL Compiler (TM)
                               VHDL Compiler (TM)
                                  DFT Compiler
                               Design Compiler(R)
                                        
               Version K-2015.06-SP1 for linux64 - Jul 21, 2015 
                                        
                    Copyright (c) 1988 - 2015 Synopsys, Inc.
   This software and the associated documentation are proprietary to Synopsys,
 Inc. This software may only be used in accordance with the terms and conditions
 of a written license agreement with Synopsys, Inc. All other use, reproduction,
            or distribution of this software is strictly prohibited.
Initializing...
Initializing gui preferences from file  /home/ecegrid/a/mg138/.synopsys_dv_prefs.tcl
# Step 1:  Read in the source file
analyze -format sverilog -lib WORK { PD_hash_separation.sv}
Running PRESTO HDLC
Compiling source file ./source/PD_hash_separation.sv
Presto compilation completed successfully.
Loading db file '/package/eda/cells/OSU/v2.7/synopsys/lib/ami05/osu05_stdcells.db'
Loading db file '/package/eda/synopsys/syn-K-2015.06-SP1/libraries/syn/dw_foundation.sldb'
elaborate PD_hash_separation -lib WORK
Loading db file '/package/eda/synopsys/syn-K-2015.06-SP1/libraries/syn/gtech.db'
Loading db file '/package/eda/synopsys/syn-K-2015.06-SP1/libraries/syn/standard.sldb'
  Loading link library 'osu05_stdcells'
  Loading link library 'gtech'
Running PRESTO HDLC
Warning:  ./source/PD_hash_separation.sv:64: signed to unsigned conversion occurs. (VER-318)
Warning:  ./source/PD_hash_separation.sv:67: signed to unsigned conversion occurs. (VER-318)
Warning:  ./source/PD_hash_separation.sv:75: signed to unsigned conversion occurs. (VER-318)

Inferred memory devices in process
	in routine PD_hash_separation line 33 in file
		'./source/PD_hash_separation.sv'.
==================================================================================
|     Register Name      |   Type    | Width | Bus | MB | AR | AS | SR | SS | ST |
==================================================================================
| transmit_empty_reg_reg | Flip-flop |   1   |  N  | N  | Y  | N  | N  | N  | N  |
==================================================================================

Inferred memory devices in process
	in routine PD_hash_separation line 45 in file
		'./source/PD_hash_separation.sv'.
===============================================================================
|    Register Name    |   Type    | Width | Bus | MB | AR | AS | SR | SS | ST |
===============================================================================
|     PID_reg_reg     | Flip-flop |   8   |  Y  | N  | Y  | N  | N  | N  | N  |
===============================================================================
Presto compilation completed successfully.
Elaborated 1 design.
Current design is now 'PD_hash_separation'.
Information: Building the design 'flex_counter_fix' instantiated from design 'PD_hash_separation' with
	the parameters "5". (HDL-193)

Inferred memory devices in process
	in routine flex_counter_fix_NUM_CNT_BITS5 line 30 in file
		'./source/flex_counter_fix.sv'.
===============================================================================
|    Register Name    |   Type    | Width | Bus | MB | AR | AS | SR | SS | ST |
===============================================================================
|  rollover_reg_reg   | Flip-flop |   1   |  N  | N  | Y  | N  | N  | N  | N  |
|    count_reg_reg    | Flip-flop |   5   |  Y  | N  | Y  | N  | N  | N  | N  |
===============================================================================
Presto compilation completed successfully.
uniquify
# Step 2: Set design constraints
# Uncomment below to set timing, area, power, etc. constraints
# set_max_delay <delay> -from "<input>" -to "<output>"
# set_max_area 10000000
# set_max_total_power <power> mW
create_clock "clk" -name "clk" -period 10
# Step 3: Compile the design
compile -map_effort medium
Information: Checking out the license 'DesignWare'. (SEC-104)
Information: Evaluating DesignWare library utilization. (UISN-27)

============================================================================
| DesignWare Building Block Library  |         Version         | Available |
============================================================================
| Basic DW Building Blocks           | K-2015.06-DWBB_201506.1 |     *     |
| Licensed DW Building Blocks        | K-2015.06-DWBB_201506.1 |     *     |
============================================================================


Information: There are 8 potential problems in your design. Please run 'check_design' for more information. (LINT-99)



  Beginning Pass 1 Mapping
  ------------------------
  Processing 'flex_counter_fix_NUM_CNT_BITS5'
Information: Added key list 'DesignWare' to design 'flex_counter_fix_NUM_CNT_BITS5'. (DDB-72)
  Processing 'PD_hash_separation'

  Updating timing information
Information: Updating design information... (UID-85)

  Beginning Implementation Selection
  ----------------------------------
  Processing 'flex_counter_fix_NUM_CNT_BITS5_DW01_inc_0'

  Beginning Mapping Optimizations  (Medium effort)
  -------------------------------

                                  TOTAL                                      
   ELAPSED            WORST NEG   SETUP    DESIGN                            
    TIME      AREA      SLACK     COST    RULE COST         ENDPOINT         
  --------- --------- --------- --------- --------- -------------------------
    0:00:00  153621.0      0.00       0.0       0.0                          
    0:00:00  153621.0      0.00       0.0       0.0                          
    0:00:00  153621.0      0.00       0.0       0.0                          
    0:00:00  153621.0      0.00       0.0       0.0                          
    0:00:00  153621.0      0.00       0.0       0.0                          
    0:00:00  139509.0      0.00       0.0       0.0                          
    0:00:00  139509.0      0.00       0.0       0.0                          
    0:00:00  139509.0      0.00       0.0       0.0                          
    0:00:00  139509.0      0.00       0.0       0.0                          
    0:00:00  139509.0      0.00       0.0       0.0                          
    0:00:00  139509.0      0.00       0.0       0.0                          
    0:00:00  139509.0      0.00       0.0       0.0                          
    0:00:00  139509.0      0.00       0.0       0.0                          



  Beginning Delay Optimization Phase
  ----------------------------------

                                  TOTAL                                      
   ELAPSED            WORST NEG   SETUP    DESIGN                            
    TIME      AREA      SLACK     COST    RULE COST         ENDPOINT         
  --------- --------- --------- --------- --------- -------------------------
    0:00:00  139509.0      0.00       0.0       0.0                          
    0:00:00  139509.0      0.00       0.0       0.0                          
    0:00:00  139509.0      0.00       0.0       0.0                          


  Beginning Area-Recovery Phase  (cleanup)
  -----------------------------

                                  TOTAL                                      
   ELAPSED            WORST NEG   SETUP    DESIGN                            
    TIME      AREA      SLACK     COST    RULE COST         ENDPOINT         
  --------- --------- --------- --------- --------- -------------------------
    0:00:00  139509.0      0.00       0.0       0.0                          
    0:00:00  139509.0      0.00       0.0       0.0                          
    0:00:00  137205.0      0.00       0.0       0.0                          
    0:00:00  136557.0      0.00       0.0       0.0                          
    0:00:00  136197.0      0.00       0.0       0.0                          
    0:00:01  136125.0      0.00       0.0       0.0                          
    0:00:01  136125.0      0.00       0.0       0.0                          
    0:00:01  136125.0      0.00       0.0       0.0                          
    0:00:01  136125.0      0.00       0.0       0.0                          
    0:00:01  136125.0      0.00       0.0       0.0                          
    0:00:01  136125.0      0.00       0.0       0.0                          
    0:00:01  136125.0      0.00       0.0       0.0                          
    0:00:01  136125.0      0.00       0.0       0.0                          
    0:00:01  136125.0      0.00       0.0       0.0                          
    0:00:01  136125.0      0.00       0.0       0.0                          
Loading db file '/package/eda/cells/OSU/v2.7/synopsys/lib/ami05/osu05_stdcells.db'


Note: Symbol # after min delay cost means estimated hold TNS across all active scenarios 


  Optimization Complete
  ---------------------
# Step 4: Output reports
report_timing -path full -delay max -max_paths 4 -nworst 1 > reports/PD_hash_separation.rep
report_area >> reports/PD_hash_separation.rep
report_power -hier >> reports/PD_hash_separation.rep
# Step 5: Output final VHDL and Verilog files
write_file -format verilog -hierarchy -output "mapped/PD_hash_separation.v"
Writing verilog file '/home/ecegrid/a/mg138/ece337/BitcoinMiner/mapped/PD_hash_separation.v'.
echo "\nScript Done\n"

Script Done

echo "\nChecking Design\n"

Checking Design

check_design
 
****************************************
check_design summary:
Version:     K-2015.06-SP1
Date:        Thu Dec  7 07:22:38 2017
****************************************

                   Name                                            Total
--------------------------------------------------------------------------------
Cells                                                               7
    Connected to power or ground (LINT-32)                          5
    Nets connected to multiple pins on same cell (LINT-33)          2
--------------------------------------------------------------------------------

Warning: In design 'PD_hash_separation', a pin on submodule 'FLEX_COUNTER_FIX' is connected to logic 1 or logic 0. (LINT-32)
   Pin 'rollover_val[4]' is connected to logic 1. 
Warning: In design 'PD_hash_separation', a pin on submodule 'FLEX_COUNTER_FIX' is connected to logic 1 or logic 0. (LINT-32)
   Pin 'rollover_val[3]' is connected to logic 0. 
Warning: In design 'PD_hash_separation', a pin on submodule 'FLEX_COUNTER_FIX' is connected to logic 1 or logic 0. (LINT-32)
   Pin 'rollover_val[2]' is connected to logic 0. 
Warning: In design 'PD_hash_separation', a pin on submodule 'FLEX_COUNTER_FIX' is connected to logic 1 or logic 0. (LINT-32)
   Pin 'rollover_val[1]' is connected to logic 1. 
Warning: In design 'PD_hash_separation', a pin on submodule 'FLEX_COUNTER_FIX' is connected to logic 1 or logic 0. (LINT-32)
   Pin 'rollover_val[0]' is connected to logic 1. 
Warning: In design 'PD_hash_separation', the same net is connected to more than one pin on submodule 'FLEX_COUNTER_FIX'. (LINT-33)
   Net '*Logic1*' is connected to pins 'rollover_val[4]', 'rollover_val[1]'', 'rollover_val[0]'.
Warning: In design 'PD_hash_separation', the same net is connected to more than one pin on submodule 'FLEX_COUNTER_FIX'. (LINT-33)
   Net '*Logic0*' is connected to pins 'rollover_val[3]', 'rollover_val[2]''.
quit

Thank you...
Done


